ARM GAS  /tmp/ccrofsYC.s 			page 1


   1              		.cpu cortex-m7
   2              		.eabi_attribute 28, 1
   3              		.eabi_attribute 20, 1
   4              		.eabi_attribute 21, 1
   5              		.eabi_attribute 23, 3
   6              		.eabi_attribute 24, 1
   7              		.eabi_attribute 25, 1
   8              		.eabi_attribute 26, 1
   9              		.eabi_attribute 30, 1
  10              		.eabi_attribute 34, 1
  11              		.eabi_attribute 18, 4
  12              		.file	"fatfs.c"
  13              		.text
  14              	.Ltext0:
  15              		.cfi_sections	.debug_frame
  16              		.section	.text.MX_FATFS_Init,"ax",%progbits
  17              		.align	1
  18              		.global	MX_FATFS_Init
  19              		.syntax unified
  20              		.thumb
  21              		.thumb_func
  22              		.fpu fpv5-d16
  24              	MX_FATFS_Init:
  25              	.LFB141:
  26              		.file 1 "Src/fatfs.c"
   1:Src/fatfs.c   **** /**
   2:Src/fatfs.c   ****   ******************************************************************************
   3:Src/fatfs.c   ****   * @file   fatfs.c
   4:Src/fatfs.c   ****   * @brief  Code for fatfs applications
   5:Src/fatfs.c   ****   ******************************************************************************
   6:Src/fatfs.c   ****   * @attention
   7:Src/fatfs.c   ****   *
   8:Src/fatfs.c   ****   * <h2><center>&copy; Copyright (c) 2019 STMicroelectronics.
   9:Src/fatfs.c   ****   * All rights reserved.</center></h2>
  10:Src/fatfs.c   ****   *
  11:Src/fatfs.c   ****   * This software component is licensed by ST under Ultimate Liberty license
  12:Src/fatfs.c   ****   * SLA0044, the "License"; You may not use this file except in compliance with
  13:Src/fatfs.c   ****   * the License. You may obtain a copy of the License at:
  14:Src/fatfs.c   ****   *                             www.st.com/SLA0044
  15:Src/fatfs.c   ****   *
  16:Src/fatfs.c   ****   ******************************************************************************
  17:Src/fatfs.c   ****   */
  18:Src/fatfs.c   **** 
  19:Src/fatfs.c   **** #include "fatfs.h"
  20:Src/fatfs.c   **** 
  21:Src/fatfs.c   **** uint8_t retSD;    /* Return value for SD */
  22:Src/fatfs.c   **** char SDPath[4];   /* SD logical drive path */
  23:Src/fatfs.c   **** FATFS SDFatFS;    /* File system object for SD logical drive */
  24:Src/fatfs.c   **** FIL SDFile;       /* File object for SD */
  25:Src/fatfs.c   **** 
  26:Src/fatfs.c   **** /* USER CODE BEGIN Variables */
  27:Src/fatfs.c   **** 
  28:Src/fatfs.c   **** /* USER CODE END Variables */    
  29:Src/fatfs.c   **** 
  30:Src/fatfs.c   **** void MX_FATFS_Init(void) 
  31:Src/fatfs.c   **** {
  27              		.loc 1 31 0
ARM GAS  /tmp/ccrofsYC.s 			page 2


  28              		.cfi_startproc
  29              		@ args = 0, pretend = 0, frame = 0
  30              		@ frame_needed = 0, uses_anonymous_args = 0
  31 0000 08B5     		push	{r3, lr}
  32              	.LCFI0:
  33              		.cfi_def_cfa_offset 8
  34              		.cfi_offset 3, -8
  35              		.cfi_offset 14, -4
  32:Src/fatfs.c   ****   /*## FatFS: Link the SD driver ###########################*/
  33:Src/fatfs.c   ****   retSD = FATFS_LinkDriver(&SD_Driver, SDPath);
  36              		.loc 1 33 0
  37 0002 0349     		ldr	r1, .L3
  38 0004 0348     		ldr	r0, .L3+4
  39 0006 FFF7FEFF 		bl	FATFS_LinkDriver
  40              	.LVL0:
  41 000a 034B     		ldr	r3, .L3+8
  42 000c 1870     		strb	r0, [r3]
  43 000e 08BD     		pop	{r3, pc}
  44              	.L4:
  45              		.align	2
  46              	.L3:
  47 0010 00000000 		.word	SDPath
  48 0014 00000000 		.word	SD_Driver
  49 0018 00000000 		.word	retSD
  50              		.cfi_endproc
  51              	.LFE141:
  53              		.section	.text.get_fattime,"ax",%progbits
  54              		.align	1
  55              		.global	get_fattime
  56              		.syntax unified
  57              		.thumb
  58              		.thumb_func
  59              		.fpu fpv5-d16
  61              	get_fattime:
  62              	.LFB142:
  34:Src/fatfs.c   **** 
  35:Src/fatfs.c   ****   /* USER CODE BEGIN Init */
  36:Src/fatfs.c   ****   /* additional user code for init */     
  37:Src/fatfs.c   ****   /* USER CODE END Init */
  38:Src/fatfs.c   **** }
  39:Src/fatfs.c   **** 
  40:Src/fatfs.c   **** /**
  41:Src/fatfs.c   ****   * @brief  Gets Time from RTC 
  42:Src/fatfs.c   ****   * @param  None
  43:Src/fatfs.c   ****   * @retval Time in DWORD
  44:Src/fatfs.c   ****   */
  45:Src/fatfs.c   **** DWORD get_fattime(void)
  46:Src/fatfs.c   **** {
  63              		.loc 1 46 0
  64              		.cfi_startproc
  65              		@ args = 0, pretend = 0, frame = 0
  66              		@ frame_needed = 0, uses_anonymous_args = 0
  67              		@ link register save eliminated.
  47:Src/fatfs.c   ****   /* USER CODE BEGIN get_fattime */
  48:Src/fatfs.c   ****   return 0;
  49:Src/fatfs.c   ****   /* USER CODE END get_fattime */  
  50:Src/fatfs.c   **** }
ARM GAS  /tmp/ccrofsYC.s 			page 3


  68              		.loc 1 50 0
  69 0000 0020     		movs	r0, #0
  70 0002 7047     		bx	lr
  71              		.cfi_endproc
  72              	.LFE142:
  74              		.comm	SDFile,560,4
  75              		.comm	SDFatFS,560,4
  76              		.comm	SDPath,4,4
  77              		.comm	retSD,1,1
  78              		.text
  79              	.Letext0:
  80              		.file 2 "Middlewares/Third_Party/FatFs/src/integer.h"
  81              		.file 3 "/usr/include/newlib/machine/_default_types.h"
  82              		.file 4 "/usr/include/newlib/sys/_stdint.h"
  83              		.file 5 "Drivers/CMSIS/Include/core_cm7.h"
  84              		.file 6 "Drivers/CMSIS/Device/ST/STM32F7xx/Include/system_stm32f7xx.h"
  85              		.file 7 "Drivers/STM32F7xx_HAL_Driver/Inc/stm32f7xx_hal.h"
  86              		.file 8 "/usr/include/newlib/sys/lock.h"
  87              		.file 9 "/usr/include/newlib/sys/_types.h"
  88              		.file 10 "/usr/lib/gcc/arm-none-eabi/6.3.1/include/stddef.h"
  89              		.file 11 "/usr/include/newlib/sys/reent.h"
  90              		.file 12 "/usr/include/newlib/stdlib.h"
  91              		.file 13 "Middlewares/Third_Party/FatFs/src/ff.h"
  92              		.file 14 "Middlewares/Third_Party/FatFs/src/diskio.h"
  93              		.file 15 "Middlewares/Third_Party/FatFs/src/ff_gen_drv.h"
  94              		.file 16 "Inc/sd_diskio.h"
  95              		.file 17 "Inc/fatfs.h"
ARM GAS  /tmp/ccrofsYC.s 			page 4


DEFINED SYMBOLS
                            *ABS*:0000000000000000 fatfs.c
     /tmp/ccrofsYC.s:17     .text.MX_FATFS_Init:0000000000000000 $t
     /tmp/ccrofsYC.s:24     .text.MX_FATFS_Init:0000000000000000 MX_FATFS_Init
     /tmp/ccrofsYC.s:47     .text.MX_FATFS_Init:0000000000000010 $d
                            *COM*:0000000000000004 SDPath
                            *COM*:0000000000000001 retSD
     /tmp/ccrofsYC.s:54     .text.get_fattime:0000000000000000 $t
     /tmp/ccrofsYC.s:61     .text.get_fattime:0000000000000000 get_fattime
                            *COM*:0000000000000230 SDFile
                            *COM*:0000000000000230 SDFatFS
                     .debug_frame:0000000000000010 $d

UNDEFINED SYMBOLS
FATFS_LinkDriver
SD_Driver
