ARM GAS  /tmp/ccWifu1h.s 			page 1


   1              		.cpu cortex-m7
   2              		.eabi_attribute 28, 1
   3              		.eabi_attribute 20, 1
   4              		.eabi_attribute 21, 1
   5              		.eabi_attribute 23, 3
   6              		.eabi_attribute 24, 1
   7              		.eabi_attribute 25, 1
   8              		.eabi_attribute 26, 1
   9              		.eabi_attribute 30, 1
  10              		.eabi_attribute 34, 1
  11              		.eabi_attribute 18, 4
  12              		.file	"global_variables.c"
  13              		.text
  14              	.Ltext0:
  15              		.cfi_sections	.debug_frame
  16              		.global	successfull_opening
  17              		.comm	res_mount,1,1
  18              		.comm	res_open,1,1
  19              		.comm	log_names,356,4
  20              		.comm	pointer,4,4
  21              		.comm	bytes_read,4,4
  22              		.global	buffer
  23              		.global	msg_index
  24              		.global	msg_counter
  25              		.global	mount_ok
  26              		.comm	byteswritten,4,4
  27              		.global	max_files
  28              		.comm	txt,1000,4
  29              		.global	filename_1
  30              		.global	filename
  31              		.comm	message,256,4
  32              		.comm	log_names_f,560,4
  33              		.comm	loggingFile,560,4
  34              		.global	its3_connected
  35              		.global	its2_connected
  36              		.global	its1_connected
  37              		.global	its0_connected
  38              		.global	imu_connected
  39              		.global	debug_msg_arrived
  40              		.global	debug_rx_count
  41              		.comm	debug_tx,500,4
  42              		.comm	debug_rx,20,4
  43              		.global	code_version
  44              		.global	count_imu
  45              		.global	count_accumulator
  46              		.global	count_inverter
  47              		.global	count_hour
  48              		.global	count_min
  49              		.global	count_sec
  50              		.global	count_dec
  51              		.global	count_ms
  52              		.section	.bss.count_accumulator,"aw",%nobits
  53              		.align	1
  56              	count_accumulator:
  57 0000 0000     		.space	2
  58              		.section	.bss.count_dec,"aw",%nobits
  59              		.align	1
ARM GAS  /tmp/ccWifu1h.s 			page 2


  62              	count_dec:
  63 0000 0000     		.space	2
  64              		.section	.bss.count_hour,"aw",%nobits
  65              		.align	1
  68              	count_hour:
  69 0000 0000     		.space	2
  70              		.section	.bss.count_imu,"aw",%nobits
  71              		.align	1
  74              	count_imu:
  75 0000 0000     		.space	2
  76              		.section	.bss.count_inverter,"aw",%nobits
  77              		.align	1
  80              	count_inverter:
  81 0000 0000     		.space	2
  82              		.section	.bss.count_min,"aw",%nobits
  83              		.align	1
  86              	count_min:
  87 0000 0000     		.space	2
  88              		.section	.bss.count_ms,"aw",%nobits
  89              		.align	1
  92              	count_ms:
  93 0000 0000     		.space	2
  94              		.section	.bss.count_sec,"aw",%nobits
  95              		.align	1
  98              	count_sec:
  99 0000 0000     		.space	2
 100              		.section	.bss.debug_msg_arrived,"aw",%nobits
 103              	debug_msg_arrived:
 104 0000 00       		.space	1
 105              		.section	.bss.debug_rx_count,"aw",%nobits
 108              	debug_rx_count:
 109 0000 00       		.space	1
 110              		.section	.bss.imu_connected,"aw",%nobits
 113              	imu_connected:
 114 0000 00       		.space	1
 115              		.section	.bss.its0_connected,"aw",%nobits
 118              	its0_connected:
 119 0000 00       		.space	1
 120              		.section	.bss.its1_connected,"aw",%nobits
 123              	its1_connected:
 124 0000 00       		.space	1
 125              		.section	.bss.its2_connected,"aw",%nobits
 128              	its2_connected:
 129 0000 00       		.space	1
 130              		.section	.bss.its3_connected,"aw",%nobits
 133              	its3_connected:
 134 0000 00       		.space	1
 135              		.section	.bss.mount_ok,"aw",%nobits
 136              		.align	2
 139              	mount_ok:
 140 0000 00000000 		.space	4
 141              		.section	.bss.msg_counter,"aw",%nobits
 142              		.align	2
 145              	msg_counter:
 146 0000 00000000 		.space	4
 147              		.section	.bss.msg_index,"aw",%nobits
 148              		.align	2
ARM GAS  /tmp/ccWifu1h.s 			page 3


 151              	msg_index:
 152 0000 00000000 		.space	4
 153              		.section	.bss.successfull_opening,"aw",%nobits
 154              		.align	2
 157              	successfull_opening:
 158 0000 00000000 		.space	4
 159              		.section	.data.buffer,"aw"
 160              		.align	2
 163              	buffer:
 164 0000 53746172 		.ascii	"Starting Antenna Logging\015\012\000"
 164      74696E67 
 164      20416E74 
 164      656E6E61 
 164      204C6F67 
 165 001b 00000000 		.space	229
 165      00000000 
 165      00000000 
 165      00000000 
 165      00000000 
 166              		.section	.data.filename,"aw"
 167              		.align	2
 170              	filename:
 171 0000 61626361 		.ascii	"abcabc.txt\000"
 171      62632E74 
 171      787400
 172 000b 00000000 		.space	245
 172      00000000 
 172      00000000 
 172      00000000 
 172      00000000 
 173              		.section	.data.filename_1,"aw"
 174              		.align	2
 177              	filename_1:
 178 0000 6C6F675F 		.ascii	"log_names.txt\000"
 178      6E616D65 
 178      732E7478 
 178      7400
 179 000e 00000000 		.space	242
 179      00000000 
 179      00000000 
 179      00000000 
 179      00000000 
 180              		.section	.data.max_files,"aw"
 181              		.align	2
 184              	max_files:
 185 0000 64000000 		.word	100
 186              		.section	.rodata.code_version,"a"
 187              		.align	2
 190              	code_version:
 191 0000 0D0A436F 		.ascii	"\015\012Code version = 1.0, updated 01/11/2019\015\012"
 191      64652076 
 191      65727369 
 191      6F6E203D 
 191      20312E30 
 192 002a 00       		.ascii	"\000"
 193              		.text
 194              	.Letext0:
ARM GAS  /tmp/ccWifu1h.s 			page 4


 195              		.file 1 "Drivers/CMSIS/Device/ST/STM32F7xx/Include/stm32f767xx.h"
 196              		.file 2 "/usr/arm-none-eabi/include/machine/_default_types.h"
 197              		.file 3 "/usr/arm-none-eabi/include/sys/_stdint.h"
 198              		.file 4 "Drivers/CMSIS/Include/core_cm7.h"
 199              		.file 5 "Drivers/CMSIS/Device/ST/STM32F7xx/Include/system_stm32f7xx.h"
 200              		.file 6 "Drivers/CMSIS/Device/ST/STM32F7xx/Include/stm32f7xx.h"
 201              		.file 7 "Drivers/STM32F7xx_HAL_Driver/Inc/stm32f7xx_hal_def.h"
 202              		.file 8 "Drivers/STM32F7xx_HAL_Driver/Inc/stm32f7xx_hal_dma.h"
 203              		.file 9 "Drivers/STM32F7xx_HAL_Driver/Inc/stm32f7xx_hal_can.h"
 204              		.file 10 "Drivers/STM32F7xx_HAL_Driver/Inc/stm32f7xx_hal_uart.h"
 205              		.file 11 "Drivers/STM32F7xx_HAL_Driver/Inc/stm32f7xx_hal.h"
 206              		.file 12 "Inc/can.h"
 207              		.file 13 "Inc/id.h"
 208              		.file 14 "Middlewares/Third_Party/FatFs/src/integer.h"
 209              		.file 15 "/usr/arm-none-eabi/include/sys/lock.h"
 210              		.file 16 "/usr/arm-none-eabi/include/sys/_types.h"
 211              		.file 17 "/usr/lib/gcc/arm-none-eabi/9.2.0/include/stddef.h"
 212              		.file 18 "/usr/arm-none-eabi/include/sys/reent.h"
 213              		.file 19 "/usr/arm-none-eabi/include/stdlib.h"
 214              		.file 20 "Middlewares/Third_Party/FatFs/src/ff.h"
 215              		.file 21 "Middlewares/Third_Party/FatFs/src/diskio.h"
 216              		.file 22 "Middlewares/Third_Party/FatFs/src/ff_gen_drv.h"
 217              		.file 23 "Inc/sd_diskio.h"
 218              		.file 24 "Inc/fatfs.h"
 219              		.file 25 "Inc/global_variables.h"
 220              		.file 26 "Src/global_variables.c"
ARM GAS  /tmp/ccWifu1h.s 			page 5


DEFINED SYMBOLS
                            *ABS*:0000000000000000 global_variables.c
     /tmp/ccWifu1h.s:157    .bss.successfull_opening:0000000000000000 successfull_opening
                            *COM*:0000000000000001 res_mount
                            *COM*:0000000000000001 res_open
                            *COM*:0000000000000164 log_names
                            *COM*:0000000000000004 pointer
                            *COM*:0000000000000004 bytes_read
     /tmp/ccWifu1h.s:163    .data.buffer:0000000000000000 buffer
     /tmp/ccWifu1h.s:151    .bss.msg_index:0000000000000000 msg_index
     /tmp/ccWifu1h.s:145    .bss.msg_counter:0000000000000000 msg_counter
     /tmp/ccWifu1h.s:139    .bss.mount_ok:0000000000000000 mount_ok
                            *COM*:0000000000000004 byteswritten
     /tmp/ccWifu1h.s:184    .data.max_files:0000000000000000 max_files
                            *COM*:00000000000003e8 txt
     /tmp/ccWifu1h.s:177    .data.filename_1:0000000000000000 filename_1
     /tmp/ccWifu1h.s:170    .data.filename:0000000000000000 filename
                            *COM*:0000000000000100 message
                            *COM*:0000000000000230 log_names_f
                            *COM*:0000000000000230 loggingFile
     /tmp/ccWifu1h.s:133    .bss.its3_connected:0000000000000000 its3_connected
     /tmp/ccWifu1h.s:128    .bss.its2_connected:0000000000000000 its2_connected
     /tmp/ccWifu1h.s:123    .bss.its1_connected:0000000000000000 its1_connected
     /tmp/ccWifu1h.s:118    .bss.its0_connected:0000000000000000 its0_connected
     /tmp/ccWifu1h.s:113    .bss.imu_connected:0000000000000000 imu_connected
     /tmp/ccWifu1h.s:103    .bss.debug_msg_arrived:0000000000000000 debug_msg_arrived
     /tmp/ccWifu1h.s:108    .bss.debug_rx_count:0000000000000000 debug_rx_count
                            *COM*:00000000000001f4 debug_tx
                            *COM*:0000000000000014 debug_rx
     /tmp/ccWifu1h.s:190    .rodata.code_version:0000000000000000 code_version
     /tmp/ccWifu1h.s:74     .bss.count_imu:0000000000000000 count_imu
     /tmp/ccWifu1h.s:56     .bss.count_accumulator:0000000000000000 count_accumulator
     /tmp/ccWifu1h.s:80     .bss.count_inverter:0000000000000000 count_inverter
     /tmp/ccWifu1h.s:68     .bss.count_hour:0000000000000000 count_hour
     /tmp/ccWifu1h.s:86     .bss.count_min:0000000000000000 count_min
     /tmp/ccWifu1h.s:98     .bss.count_sec:0000000000000000 count_sec
     /tmp/ccWifu1h.s:62     .bss.count_dec:0000000000000000 count_dec
     /tmp/ccWifu1h.s:92     .bss.count_ms:0000000000000000 count_ms
     /tmp/ccWifu1h.s:53     .bss.count_accumulator:0000000000000000 $d
     /tmp/ccWifu1h.s:59     .bss.count_dec:0000000000000000 $d
     /tmp/ccWifu1h.s:65     .bss.count_hour:0000000000000000 $d
     /tmp/ccWifu1h.s:71     .bss.count_imu:0000000000000000 $d
     /tmp/ccWifu1h.s:77     .bss.count_inverter:0000000000000000 $d
     /tmp/ccWifu1h.s:83     .bss.count_min:0000000000000000 $d
     /tmp/ccWifu1h.s:89     .bss.count_ms:0000000000000000 $d
     /tmp/ccWifu1h.s:95     .bss.count_sec:0000000000000000 $d
     /tmp/ccWifu1h.s:104    .bss.debug_msg_arrived:0000000000000000 $d
     /tmp/ccWifu1h.s:109    .bss.debug_rx_count:0000000000000000 $d
     /tmp/ccWifu1h.s:114    .bss.imu_connected:0000000000000000 $d
     /tmp/ccWifu1h.s:119    .bss.its0_connected:0000000000000000 $d
     /tmp/ccWifu1h.s:124    .bss.its1_connected:0000000000000000 $d
     /tmp/ccWifu1h.s:129    .bss.its2_connected:0000000000000000 $d
     /tmp/ccWifu1h.s:134    .bss.its3_connected:0000000000000000 $d
     /tmp/ccWifu1h.s:136    .bss.mount_ok:0000000000000000 $d
     /tmp/ccWifu1h.s:142    .bss.msg_counter:0000000000000000 $d
     /tmp/ccWifu1h.s:148    .bss.msg_index:0000000000000000 $d
     /tmp/ccWifu1h.s:154    .bss.successfull_opening:0000000000000000 $d
ARM GAS  /tmp/ccWifu1h.s 			page 6


     /tmp/ccWifu1h.s:160    .data.buffer:0000000000000000 $d
     /tmp/ccWifu1h.s:167    .data.filename:0000000000000000 $d
     /tmp/ccWifu1h.s:174    .data.filename_1:0000000000000000 $d
     /tmp/ccWifu1h.s:181    .data.max_files:0000000000000000 $d
     /tmp/ccWifu1h.s:187    .rodata.code_version:0000000000000000 $d

NO UNDEFINED SYMBOLS
