ARM GAS  /tmp/ccWmFRNQ.s 			page 1


   1              		.cpu cortex-m7
   2              		.eabi_attribute 28, 1
   3              		.eabi_attribute 20, 1
   4              		.eabi_attribute 21, 1
   5              		.eabi_attribute 23, 3
   6              		.eabi_attribute 24, 1
   7              		.eabi_attribute 25, 1
   8              		.eabi_attribute 26, 1
   9              		.eabi_attribute 30, 1
  10              		.eabi_attribute 34, 1
  11              		.eabi_attribute 18, 4
  12              		.file	"stm32f7xx_hal_msp.c"
  13              		.text
  14              	.Ltext0:
  15              		.cfi_sections	.debug_frame
  16              		.section	.text.HAL_MspInit,"ax",%progbits
  17              		.align	1
  18              		.global	HAL_MspInit
  19              		.arch armv7e-m
  20              		.syntax unified
  21              		.thumb
  22              		.thumb_func
  23              		.fpu fpv5-d16
  25              	HAL_MspInit:
  26              	.LFB141:
  27              		.file 1 "Src/stm32f7xx_hal_msp.c"
   1:Src/stm32f7xx_hal_msp.c **** /* USER CODE BEGIN Header */
   2:Src/stm32f7xx_hal_msp.c **** /**
   3:Src/stm32f7xx_hal_msp.c ****   ******************************************************************************
   4:Src/stm32f7xx_hal_msp.c ****   * File Name          : stm32f7xx_hal_msp.c
   5:Src/stm32f7xx_hal_msp.c ****   * Description        : This file provides code for the MSP Initialization 
   6:Src/stm32f7xx_hal_msp.c ****   *                      and de-Initialization codes.
   7:Src/stm32f7xx_hal_msp.c ****   ******************************************************************************
   8:Src/stm32f7xx_hal_msp.c ****   * @attention
   9:Src/stm32f7xx_hal_msp.c ****   *
  10:Src/stm32f7xx_hal_msp.c ****   * <h2><center>&copy; Copyright (c) 2019 STMicroelectronics.
  11:Src/stm32f7xx_hal_msp.c ****   * All rights reserved.</center></h2>
  12:Src/stm32f7xx_hal_msp.c ****   *
  13:Src/stm32f7xx_hal_msp.c ****   * This software component is licensed by ST under Ultimate Liberty license
  14:Src/stm32f7xx_hal_msp.c ****   * SLA0044, the "License"; You may not use this file except in compliance with
  15:Src/stm32f7xx_hal_msp.c ****   * the License. You may obtain a copy of the License at:
  16:Src/stm32f7xx_hal_msp.c ****   *                             www.st.com/SLA0044
  17:Src/stm32f7xx_hal_msp.c ****   *
  18:Src/stm32f7xx_hal_msp.c ****   ******************************************************************************
  19:Src/stm32f7xx_hal_msp.c ****   */
  20:Src/stm32f7xx_hal_msp.c **** /* USER CODE END Header */
  21:Src/stm32f7xx_hal_msp.c **** 
  22:Src/stm32f7xx_hal_msp.c **** /* Includes ------------------------------------------------------------------*/
  23:Src/stm32f7xx_hal_msp.c **** #include "main.h"
  24:Src/stm32f7xx_hal_msp.c **** /* USER CODE BEGIN Includes */
  25:Src/stm32f7xx_hal_msp.c **** 
  26:Src/stm32f7xx_hal_msp.c **** /* USER CODE END Includes */
  27:Src/stm32f7xx_hal_msp.c **** 
  28:Src/stm32f7xx_hal_msp.c **** /* Private typedef -----------------------------------------------------------*/
  29:Src/stm32f7xx_hal_msp.c **** /* USER CODE BEGIN TD */
  30:Src/stm32f7xx_hal_msp.c **** 
  31:Src/stm32f7xx_hal_msp.c **** /* USER CODE END TD */
ARM GAS  /tmp/ccWmFRNQ.s 			page 2


  32:Src/stm32f7xx_hal_msp.c **** 
  33:Src/stm32f7xx_hal_msp.c **** /* Private define ------------------------------------------------------------*/
  34:Src/stm32f7xx_hal_msp.c **** /* USER CODE BEGIN Define */
  35:Src/stm32f7xx_hal_msp.c ****  
  36:Src/stm32f7xx_hal_msp.c **** /* USER CODE END Define */
  37:Src/stm32f7xx_hal_msp.c **** 
  38:Src/stm32f7xx_hal_msp.c **** /* Private macro -------------------------------------------------------------*/
  39:Src/stm32f7xx_hal_msp.c **** /* USER CODE BEGIN Macro */
  40:Src/stm32f7xx_hal_msp.c **** 
  41:Src/stm32f7xx_hal_msp.c **** /* USER CODE END Macro */
  42:Src/stm32f7xx_hal_msp.c **** 
  43:Src/stm32f7xx_hal_msp.c **** /* Private variables ---------------------------------------------------------*/
  44:Src/stm32f7xx_hal_msp.c **** /* USER CODE BEGIN PV */
  45:Src/stm32f7xx_hal_msp.c **** 
  46:Src/stm32f7xx_hal_msp.c **** /* USER CODE END PV */
  47:Src/stm32f7xx_hal_msp.c **** 
  48:Src/stm32f7xx_hal_msp.c **** /* Private function prototypes -----------------------------------------------*/
  49:Src/stm32f7xx_hal_msp.c **** /* USER CODE BEGIN PFP */
  50:Src/stm32f7xx_hal_msp.c **** 
  51:Src/stm32f7xx_hal_msp.c **** /* USER CODE END PFP */
  52:Src/stm32f7xx_hal_msp.c **** 
  53:Src/stm32f7xx_hal_msp.c **** /* External functions --------------------------------------------------------*/
  54:Src/stm32f7xx_hal_msp.c **** /* USER CODE BEGIN ExternalFunctions */
  55:Src/stm32f7xx_hal_msp.c **** 
  56:Src/stm32f7xx_hal_msp.c **** /* USER CODE END ExternalFunctions */
  57:Src/stm32f7xx_hal_msp.c **** 
  58:Src/stm32f7xx_hal_msp.c **** /* USER CODE BEGIN 0 */
  59:Src/stm32f7xx_hal_msp.c **** 
  60:Src/stm32f7xx_hal_msp.c **** /* USER CODE END 0 */
  61:Src/stm32f7xx_hal_msp.c **** /**
  62:Src/stm32f7xx_hal_msp.c ****   * Initializes the Global MSP.
  63:Src/stm32f7xx_hal_msp.c ****   */
  64:Src/stm32f7xx_hal_msp.c **** void HAL_MspInit(void)
  65:Src/stm32f7xx_hal_msp.c **** {
  28              		.loc 1 65 1 view -0
  29              		.cfi_startproc
  30              		@ args = 0, pretend = 0, frame = 8
  31              		@ frame_needed = 0, uses_anonymous_args = 0
  32              		@ link register save eliminated.
  33 0000 82B0     		sub	sp, sp, #8
  34              	.LCFI0:
  35              		.cfi_def_cfa_offset 8
  66:Src/stm32f7xx_hal_msp.c ****   /* USER CODE BEGIN MspInit 0 */
  67:Src/stm32f7xx_hal_msp.c **** 
  68:Src/stm32f7xx_hal_msp.c ****   /* USER CODE END MspInit 0 */
  69:Src/stm32f7xx_hal_msp.c **** 
  70:Src/stm32f7xx_hal_msp.c ****   __HAL_RCC_PWR_CLK_ENABLE();
  36              		.loc 1 70 3 view .LVU1
  37              	.LBB2:
  38              		.loc 1 70 3 view .LVU2
  39              		.loc 1 70 3 view .LVU3
  40 0002 0A4B     		ldr	r3, .L3
  41 0004 1A6C     		ldr	r2, [r3, #64]
  42 0006 42F08052 		orr	r2, r2, #268435456
  43 000a 1A64     		str	r2, [r3, #64]
  44              		.loc 1 70 3 view .LVU4
  45 000c 1A6C     		ldr	r2, [r3, #64]
ARM GAS  /tmp/ccWmFRNQ.s 			page 3


  46 000e 02F08052 		and	r2, r2, #268435456
  47 0012 0092     		str	r2, [sp]
  48              		.loc 1 70 3 view .LVU5
  49 0014 009A     		ldr	r2, [sp]
  50              	.LBE2:
  51              		.loc 1 70 3 view .LVU6
  71:Src/stm32f7xx_hal_msp.c ****   __HAL_RCC_SYSCFG_CLK_ENABLE();
  52              		.loc 1 71 3 view .LVU7
  53              	.LBB3:
  54              		.loc 1 71 3 view .LVU8
  55              		.loc 1 71 3 view .LVU9
  56 0016 5A6C     		ldr	r2, [r3, #68]
  57 0018 42F48042 		orr	r2, r2, #16384
  58 001c 5A64     		str	r2, [r3, #68]
  59              		.loc 1 71 3 view .LVU10
  60 001e 5B6C     		ldr	r3, [r3, #68]
  61 0020 03F48043 		and	r3, r3, #16384
  62 0024 0193     		str	r3, [sp, #4]
  63              		.loc 1 71 3 view .LVU11
  64 0026 019B     		ldr	r3, [sp, #4]
  65              	.LBE3:
  66              		.loc 1 71 3 view .LVU12
  72:Src/stm32f7xx_hal_msp.c **** 
  73:Src/stm32f7xx_hal_msp.c ****   /* System interrupt init*/
  74:Src/stm32f7xx_hal_msp.c **** 
  75:Src/stm32f7xx_hal_msp.c ****   /* USER CODE BEGIN MspInit 1 */
  76:Src/stm32f7xx_hal_msp.c **** 
  77:Src/stm32f7xx_hal_msp.c ****   /* USER CODE END MspInit 1 */
  78:Src/stm32f7xx_hal_msp.c **** }
  67              		.loc 1 78 1 is_stmt 0 view .LVU13
  68 0028 02B0     		add	sp, sp, #8
  69              	.LCFI1:
  70              		.cfi_def_cfa_offset 0
  71              		@ sp needed
  72 002a 7047     		bx	lr
  73              	.L4:
  74              		.align	2
  75              	.L3:
  76 002c 00380240 		.word	1073887232
  77              		.cfi_endproc
  78              	.LFE141:
  80              		.section	.text.HAL_CAN_MspInit,"ax",%progbits
  81              		.align	1
  82              		.global	HAL_CAN_MspInit
  83              		.syntax unified
  84              		.thumb
  85              		.thumb_func
  86              		.fpu fpv5-d16
  88              	HAL_CAN_MspInit:
  89              	.LVL0:
  90              	.LFB142:
  79:Src/stm32f7xx_hal_msp.c **** 
  80:Src/stm32f7xx_hal_msp.c **** /**
  81:Src/stm32f7xx_hal_msp.c **** * @brief CAN MSP Initialization
  82:Src/stm32f7xx_hal_msp.c **** * This function configures the hardware resources used in this example
  83:Src/stm32f7xx_hal_msp.c **** * @param hcan: CAN handle pointer
  84:Src/stm32f7xx_hal_msp.c **** * @retval None
ARM GAS  /tmp/ccWmFRNQ.s 			page 4


  85:Src/stm32f7xx_hal_msp.c **** */
  86:Src/stm32f7xx_hal_msp.c **** void HAL_CAN_MspInit(CAN_HandleTypeDef* hcan)
  87:Src/stm32f7xx_hal_msp.c **** {
  91              		.loc 1 87 1 is_stmt 1 view -0
  92              		.cfi_startproc
  93              		@ args = 0, pretend = 0, frame = 32
  94              		@ frame_needed = 0, uses_anonymous_args = 0
  95              		.loc 1 87 1 is_stmt 0 view .LVU15
  96 0000 00B5     		push	{lr}
  97              	.LCFI2:
  98              		.cfi_def_cfa_offset 4
  99              		.cfi_offset 14, -4
 100 0002 89B0     		sub	sp, sp, #36
 101              	.LCFI3:
 102              		.cfi_def_cfa_offset 40
  88:Src/stm32f7xx_hal_msp.c ****   GPIO_InitTypeDef GPIO_InitStruct = {0};
 103              		.loc 1 88 3 is_stmt 1 view .LVU16
 104              		.loc 1 88 20 is_stmt 0 view .LVU17
 105 0004 0023     		movs	r3, #0
 106 0006 0393     		str	r3, [sp, #12]
 107 0008 0493     		str	r3, [sp, #16]
 108 000a 0593     		str	r3, [sp, #20]
 109 000c 0693     		str	r3, [sp, #24]
 110 000e 0793     		str	r3, [sp, #28]
  89:Src/stm32f7xx_hal_msp.c ****   if(hcan->Instance==CAN1)
 111              		.loc 1 89 3 is_stmt 1 view .LVU18
 112              		.loc 1 89 10 is_stmt 0 view .LVU19
 113 0010 0268     		ldr	r2, [r0]
 114              		.loc 1 89 5 view .LVU20
 115 0012 144B     		ldr	r3, .L9
 116 0014 9A42     		cmp	r2, r3
 117 0016 02D0     		beq	.L8
 118              	.LVL1:
 119              	.L5:
  90:Src/stm32f7xx_hal_msp.c ****   {
  91:Src/stm32f7xx_hal_msp.c ****   /* USER CODE BEGIN CAN1_MspInit 0 */
  92:Src/stm32f7xx_hal_msp.c **** 
  93:Src/stm32f7xx_hal_msp.c ****   /* USER CODE END CAN1_MspInit 0 */
  94:Src/stm32f7xx_hal_msp.c ****     /* Peripheral clock enable */
  95:Src/stm32f7xx_hal_msp.c ****     __HAL_RCC_CAN1_CLK_ENABLE();
  96:Src/stm32f7xx_hal_msp.c ****   
  97:Src/stm32f7xx_hal_msp.c ****     __HAL_RCC_GPIOB_CLK_ENABLE();
  98:Src/stm32f7xx_hal_msp.c ****     /**CAN1 GPIO Configuration    
  99:Src/stm32f7xx_hal_msp.c ****     PB8     ------> CAN1_RX
 100:Src/stm32f7xx_hal_msp.c ****     PB9     ------> CAN1_TX 
 101:Src/stm32f7xx_hal_msp.c ****     */
 102:Src/stm32f7xx_hal_msp.c ****     GPIO_InitStruct.Pin = GPIO_PIN_8|GPIO_PIN_9;
 103:Src/stm32f7xx_hal_msp.c ****     GPIO_InitStruct.Mode = GPIO_MODE_AF_PP;
 104:Src/stm32f7xx_hal_msp.c ****     GPIO_InitStruct.Pull = GPIO_NOPULL;
 105:Src/stm32f7xx_hal_msp.c ****     GPIO_InitStruct.Speed = GPIO_SPEED_FREQ_VERY_HIGH;
 106:Src/stm32f7xx_hal_msp.c ****     GPIO_InitStruct.Alternate = GPIO_AF9_CAN1;
 107:Src/stm32f7xx_hal_msp.c ****     HAL_GPIO_Init(GPIOB, &GPIO_InitStruct);
 108:Src/stm32f7xx_hal_msp.c **** 
 109:Src/stm32f7xx_hal_msp.c ****   /* USER CODE BEGIN CAN1_MspInit 1 */
 110:Src/stm32f7xx_hal_msp.c **** 
 111:Src/stm32f7xx_hal_msp.c ****   /* USER CODE END CAN1_MspInit 1 */
 112:Src/stm32f7xx_hal_msp.c ****   }
ARM GAS  /tmp/ccWmFRNQ.s 			page 5


 113:Src/stm32f7xx_hal_msp.c **** 
 114:Src/stm32f7xx_hal_msp.c **** }
 120              		.loc 1 114 1 view .LVU21
 121 0018 09B0     		add	sp, sp, #36
 122              	.LCFI4:
 123              		.cfi_remember_state
 124              		.cfi_def_cfa_offset 4
 125              		@ sp needed
 126 001a 5DF804FB 		ldr	pc, [sp], #4
 127              	.LVL2:
 128              	.L8:
 129              	.LCFI5:
 130              		.cfi_restore_state
  95:Src/stm32f7xx_hal_msp.c ****   
 131              		.loc 1 95 5 is_stmt 1 view .LVU22
 132              	.LBB4:
  95:Src/stm32f7xx_hal_msp.c ****   
 133              		.loc 1 95 5 view .LVU23
  95:Src/stm32f7xx_hal_msp.c ****   
 134              		.loc 1 95 5 view .LVU24
 135 001e 03F5EA33 		add	r3, r3, #119808
 136 0022 1A6C     		ldr	r2, [r3, #64]
 137 0024 42F00072 		orr	r2, r2, #33554432
 138 0028 1A64     		str	r2, [r3, #64]
  95:Src/stm32f7xx_hal_msp.c ****   
 139              		.loc 1 95 5 view .LVU25
 140 002a 1A6C     		ldr	r2, [r3, #64]
 141 002c 02F00072 		and	r2, r2, #33554432
 142 0030 0192     		str	r2, [sp, #4]
  95:Src/stm32f7xx_hal_msp.c ****   
 143              		.loc 1 95 5 view .LVU26
 144 0032 019A     		ldr	r2, [sp, #4]
 145              	.LBE4:
  95:Src/stm32f7xx_hal_msp.c ****   
 146              		.loc 1 95 5 view .LVU27
  97:Src/stm32f7xx_hal_msp.c ****     /**CAN1 GPIO Configuration    
 147              		.loc 1 97 5 view .LVU28
 148              	.LBB5:
  97:Src/stm32f7xx_hal_msp.c ****     /**CAN1 GPIO Configuration    
 149              		.loc 1 97 5 view .LVU29
  97:Src/stm32f7xx_hal_msp.c ****     /**CAN1 GPIO Configuration    
 150              		.loc 1 97 5 view .LVU30
 151 0034 1A6B     		ldr	r2, [r3, #48]
 152 0036 42F00202 		orr	r2, r2, #2
 153 003a 1A63     		str	r2, [r3, #48]
  97:Src/stm32f7xx_hal_msp.c ****     /**CAN1 GPIO Configuration    
 154              		.loc 1 97 5 view .LVU31
 155 003c 1B6B     		ldr	r3, [r3, #48]
 156 003e 03F00203 		and	r3, r3, #2
 157 0042 0293     		str	r3, [sp, #8]
  97:Src/stm32f7xx_hal_msp.c ****     /**CAN1 GPIO Configuration    
 158              		.loc 1 97 5 view .LVU32
 159 0044 029B     		ldr	r3, [sp, #8]
 160              	.LBE5:
  97:Src/stm32f7xx_hal_msp.c ****     /**CAN1 GPIO Configuration    
 161              		.loc 1 97 5 view .LVU33
 102:Src/stm32f7xx_hal_msp.c ****     GPIO_InitStruct.Mode = GPIO_MODE_AF_PP;
ARM GAS  /tmp/ccWmFRNQ.s 			page 6


 162              		.loc 1 102 5 view .LVU34
 102:Src/stm32f7xx_hal_msp.c ****     GPIO_InitStruct.Mode = GPIO_MODE_AF_PP;
 163              		.loc 1 102 25 is_stmt 0 view .LVU35
 164 0046 4FF44073 		mov	r3, #768
 165 004a 0393     		str	r3, [sp, #12]
 103:Src/stm32f7xx_hal_msp.c ****     GPIO_InitStruct.Pull = GPIO_NOPULL;
 166              		.loc 1 103 5 is_stmt 1 view .LVU36
 103:Src/stm32f7xx_hal_msp.c ****     GPIO_InitStruct.Pull = GPIO_NOPULL;
 167              		.loc 1 103 26 is_stmt 0 view .LVU37
 168 004c 0223     		movs	r3, #2
 169 004e 0493     		str	r3, [sp, #16]
 104:Src/stm32f7xx_hal_msp.c ****     GPIO_InitStruct.Speed = GPIO_SPEED_FREQ_VERY_HIGH;
 170              		.loc 1 104 5 is_stmt 1 view .LVU38
 105:Src/stm32f7xx_hal_msp.c ****     GPIO_InitStruct.Alternate = GPIO_AF9_CAN1;
 171              		.loc 1 105 5 view .LVU39
 105:Src/stm32f7xx_hal_msp.c ****     GPIO_InitStruct.Alternate = GPIO_AF9_CAN1;
 172              		.loc 1 105 27 is_stmt 0 view .LVU40
 173 0050 0323     		movs	r3, #3
 174 0052 0693     		str	r3, [sp, #24]
 106:Src/stm32f7xx_hal_msp.c ****     HAL_GPIO_Init(GPIOB, &GPIO_InitStruct);
 175              		.loc 1 106 5 is_stmt 1 view .LVU41
 106:Src/stm32f7xx_hal_msp.c ****     HAL_GPIO_Init(GPIOB, &GPIO_InitStruct);
 176              		.loc 1 106 31 is_stmt 0 view .LVU42
 177 0054 0923     		movs	r3, #9
 178 0056 0793     		str	r3, [sp, #28]
 107:Src/stm32f7xx_hal_msp.c **** 
 179              		.loc 1 107 5 is_stmt 1 view .LVU43
 180 0058 03A9     		add	r1, sp, #12
 181 005a 0348     		ldr	r0, .L9+4
 182              	.LVL3:
 107:Src/stm32f7xx_hal_msp.c **** 
 183              		.loc 1 107 5 is_stmt 0 view .LVU44
 184 005c FFF7FEFF 		bl	HAL_GPIO_Init
 185              	.LVL4:
 186              		.loc 1 114 1 view .LVU45
 187 0060 DAE7     		b	.L5
 188              	.L10:
 189 0062 00BF     		.align	2
 190              	.L9:
 191 0064 00640040 		.word	1073767424
 192 0068 00040240 		.word	1073873920
 193              		.cfi_endproc
 194              	.LFE142:
 196              		.section	.text.HAL_CAN_MspDeInit,"ax",%progbits
 197              		.align	1
 198              		.global	HAL_CAN_MspDeInit
 199              		.syntax unified
 200              		.thumb
 201              		.thumb_func
 202              		.fpu fpv5-d16
 204              	HAL_CAN_MspDeInit:
 205              	.LVL5:
 206              	.LFB143:
 115:Src/stm32f7xx_hal_msp.c **** 
 116:Src/stm32f7xx_hal_msp.c **** /**
 117:Src/stm32f7xx_hal_msp.c **** * @brief CAN MSP De-Initialization
 118:Src/stm32f7xx_hal_msp.c **** * This function freeze the hardware resources used in this example
ARM GAS  /tmp/ccWmFRNQ.s 			page 7


 119:Src/stm32f7xx_hal_msp.c **** * @param hcan: CAN handle pointer
 120:Src/stm32f7xx_hal_msp.c **** * @retval None
 121:Src/stm32f7xx_hal_msp.c **** */
 122:Src/stm32f7xx_hal_msp.c **** void HAL_CAN_MspDeInit(CAN_HandleTypeDef* hcan)
 123:Src/stm32f7xx_hal_msp.c **** {
 207              		.loc 1 123 1 is_stmt 1 view -0
 208              		.cfi_startproc
 209              		@ args = 0, pretend = 0, frame = 0
 210              		@ frame_needed = 0, uses_anonymous_args = 0
 211              		.loc 1 123 1 is_stmt 0 view .LVU47
 212 0000 08B5     		push	{r3, lr}
 213              	.LCFI6:
 214              		.cfi_def_cfa_offset 8
 215              		.cfi_offset 3, -8
 216              		.cfi_offset 14, -4
 124:Src/stm32f7xx_hal_msp.c ****   if(hcan->Instance==CAN1)
 217              		.loc 1 124 3 is_stmt 1 view .LVU48
 218              		.loc 1 124 10 is_stmt 0 view .LVU49
 219 0002 0268     		ldr	r2, [r0]
 220              		.loc 1 124 5 view .LVU50
 221 0004 0D4B     		ldr	r3, .L15
 222 0006 9A42     		cmp	r2, r3
 223 0008 00D0     		beq	.L14
 224              	.LVL6:
 225              	.L11:
 125:Src/stm32f7xx_hal_msp.c ****   {
 126:Src/stm32f7xx_hal_msp.c ****   /* USER CODE BEGIN CAN1_MspDeInit 0 */
 127:Src/stm32f7xx_hal_msp.c **** 
 128:Src/stm32f7xx_hal_msp.c ****   /* USER CODE END CAN1_MspDeInit 0 */
 129:Src/stm32f7xx_hal_msp.c ****     /* Peripheral clock disable */
 130:Src/stm32f7xx_hal_msp.c ****     __HAL_RCC_CAN1_CLK_DISABLE();
 131:Src/stm32f7xx_hal_msp.c ****   
 132:Src/stm32f7xx_hal_msp.c ****     /**CAN1 GPIO Configuration    
 133:Src/stm32f7xx_hal_msp.c ****     PB8     ------> CAN1_RX
 134:Src/stm32f7xx_hal_msp.c ****     PB9     ------> CAN1_TX 
 135:Src/stm32f7xx_hal_msp.c ****     */
 136:Src/stm32f7xx_hal_msp.c ****     HAL_GPIO_DeInit(GPIOB, GPIO_PIN_8|GPIO_PIN_9);
 137:Src/stm32f7xx_hal_msp.c **** 
 138:Src/stm32f7xx_hal_msp.c ****     /* CAN1 interrupt DeInit */
 139:Src/stm32f7xx_hal_msp.c ****     HAL_NVIC_DisableIRQ(CAN1_TX_IRQn);
 140:Src/stm32f7xx_hal_msp.c ****     HAL_NVIC_DisableIRQ(CAN1_RX0_IRQn);
 141:Src/stm32f7xx_hal_msp.c ****     HAL_NVIC_DisableIRQ(CAN1_RX1_IRQn);
 142:Src/stm32f7xx_hal_msp.c ****     HAL_NVIC_DisableIRQ(CAN1_SCE_IRQn);
 143:Src/stm32f7xx_hal_msp.c ****   /* USER CODE BEGIN CAN1_MspDeInit 1 */
 144:Src/stm32f7xx_hal_msp.c **** 
 145:Src/stm32f7xx_hal_msp.c ****   /* USER CODE END CAN1_MspDeInit 1 */
 146:Src/stm32f7xx_hal_msp.c ****   }
 147:Src/stm32f7xx_hal_msp.c **** 
 148:Src/stm32f7xx_hal_msp.c **** }
 226              		.loc 1 148 1 view .LVU51
 227 000a 08BD     		pop	{r3, pc}
 228              	.LVL7:
 229              	.L14:
 130:Src/stm32f7xx_hal_msp.c ****   
 230              		.loc 1 130 5 is_stmt 1 view .LVU52
 231 000c 0C4A     		ldr	r2, .L15+4
 232 000e 136C     		ldr	r3, [r2, #64]
ARM GAS  /tmp/ccWmFRNQ.s 			page 8


 233 0010 23F00073 		bic	r3, r3, #33554432
 234 0014 1364     		str	r3, [r2, #64]
 136:Src/stm32f7xx_hal_msp.c **** 
 235              		.loc 1 136 5 view .LVU53
 236 0016 4FF44071 		mov	r1, #768
 237 001a 0A48     		ldr	r0, .L15+8
 238              	.LVL8:
 136:Src/stm32f7xx_hal_msp.c **** 
 239              		.loc 1 136 5 is_stmt 0 view .LVU54
 240 001c FFF7FEFF 		bl	HAL_GPIO_DeInit
 241              	.LVL9:
 139:Src/stm32f7xx_hal_msp.c ****     HAL_NVIC_DisableIRQ(CAN1_RX0_IRQn);
 242              		.loc 1 139 5 is_stmt 1 view .LVU55
 243 0020 1320     		movs	r0, #19
 244 0022 FFF7FEFF 		bl	HAL_NVIC_DisableIRQ
 245              	.LVL10:
 140:Src/stm32f7xx_hal_msp.c ****     HAL_NVIC_DisableIRQ(CAN1_RX1_IRQn);
 246              		.loc 1 140 5 view .LVU56
 247 0026 1420     		movs	r0, #20
 248 0028 FFF7FEFF 		bl	HAL_NVIC_DisableIRQ
 249              	.LVL11:
 141:Src/stm32f7xx_hal_msp.c ****     HAL_NVIC_DisableIRQ(CAN1_SCE_IRQn);
 250              		.loc 1 141 5 view .LVU57
 251 002c 1520     		movs	r0, #21
 252 002e FFF7FEFF 		bl	HAL_NVIC_DisableIRQ
 253              	.LVL12:
 142:Src/stm32f7xx_hal_msp.c ****   /* USER CODE BEGIN CAN1_MspDeInit 1 */
 254              		.loc 1 142 5 view .LVU58
 255 0032 1620     		movs	r0, #22
 256 0034 FFF7FEFF 		bl	HAL_NVIC_DisableIRQ
 257              	.LVL13:
 258              		.loc 1 148 1 is_stmt 0 view .LVU59
 259 0038 E7E7     		b	.L11
 260              	.L16:
 261 003a 00BF     		.align	2
 262              	.L15:
 263 003c 00640040 		.word	1073767424
 264 0040 00380240 		.word	1073887232
 265 0044 00040240 		.word	1073873920
 266              		.cfi_endproc
 267              	.LFE143:
 269              		.section	.text.HAL_SD_MspInit,"ax",%progbits
 270              		.align	1
 271              		.global	HAL_SD_MspInit
 272              		.syntax unified
 273              		.thumb
 274              		.thumb_func
 275              		.fpu fpv5-d16
 277              	HAL_SD_MspInit:
 278              	.LVL14:
 279              	.LFB144:
 149:Src/stm32f7xx_hal_msp.c **** 
 150:Src/stm32f7xx_hal_msp.c **** /**
 151:Src/stm32f7xx_hal_msp.c **** * @brief SD MSP Initialization
 152:Src/stm32f7xx_hal_msp.c **** * This function configures the hardware resources used in this example
 153:Src/stm32f7xx_hal_msp.c **** * @param hsd: SD handle pointer
 154:Src/stm32f7xx_hal_msp.c **** * @retval None
ARM GAS  /tmp/ccWmFRNQ.s 			page 9


 155:Src/stm32f7xx_hal_msp.c **** */
 156:Src/stm32f7xx_hal_msp.c **** void HAL_SD_MspInit(SD_HandleTypeDef* hsd)
 157:Src/stm32f7xx_hal_msp.c **** {
 280              		.loc 1 157 1 is_stmt 1 view -0
 281              		.cfi_startproc
 282              		@ args = 0, pretend = 0, frame = 32
 283              		@ frame_needed = 0, uses_anonymous_args = 0
 284              		.loc 1 157 1 is_stmt 0 view .LVU61
 285 0000 70B5     		push	{r4, r5, r6, lr}
 286              	.LCFI7:
 287              		.cfi_def_cfa_offset 16
 288              		.cfi_offset 4, -16
 289              		.cfi_offset 5, -12
 290              		.cfi_offset 6, -8
 291              		.cfi_offset 14, -4
 292 0002 88B0     		sub	sp, sp, #32
 293              	.LCFI8:
 294              		.cfi_def_cfa_offset 48
 158:Src/stm32f7xx_hal_msp.c ****   GPIO_InitTypeDef GPIO_InitStruct = {0};
 295              		.loc 1 158 3 is_stmt 1 view .LVU62
 296              		.loc 1 158 20 is_stmt 0 view .LVU63
 297 0004 0023     		movs	r3, #0
 298 0006 0393     		str	r3, [sp, #12]
 299 0008 0493     		str	r3, [sp, #16]
 300 000a 0593     		str	r3, [sp, #20]
 301 000c 0693     		str	r3, [sp, #24]
 302 000e 0793     		str	r3, [sp, #28]
 159:Src/stm32f7xx_hal_msp.c ****   if(hsd->Instance==SDMMC1)
 303              		.loc 1 159 3 is_stmt 1 view .LVU64
 304              		.loc 1 159 9 is_stmt 0 view .LVU65
 305 0010 0268     		ldr	r2, [r0]
 306              		.loc 1 159 5 view .LVU66
 307 0012 1E4B     		ldr	r3, .L21
 308 0014 9A42     		cmp	r2, r3
 309 0016 01D0     		beq	.L20
 310              	.LVL15:
 311              	.L17:
 160:Src/stm32f7xx_hal_msp.c ****   {
 161:Src/stm32f7xx_hal_msp.c ****   /* USER CODE BEGIN SDMMC1_MspInit 0 */
 162:Src/stm32f7xx_hal_msp.c **** 
 163:Src/stm32f7xx_hal_msp.c ****   /* USER CODE END SDMMC1_MspInit 0 */
 164:Src/stm32f7xx_hal_msp.c ****     /* Peripheral clock enable */
 165:Src/stm32f7xx_hal_msp.c ****     __HAL_RCC_SDMMC1_CLK_ENABLE();
 166:Src/stm32f7xx_hal_msp.c ****   
 167:Src/stm32f7xx_hal_msp.c ****     __HAL_RCC_GPIOC_CLK_ENABLE();
 168:Src/stm32f7xx_hal_msp.c ****     __HAL_RCC_GPIOD_CLK_ENABLE();
 169:Src/stm32f7xx_hal_msp.c ****     /**SDMMC1 GPIO Configuration    
 170:Src/stm32f7xx_hal_msp.c ****     PC8     ------> SDMMC1_D0
 171:Src/stm32f7xx_hal_msp.c ****     PC12     ------> SDMMC1_CK
 172:Src/stm32f7xx_hal_msp.c ****     PD2     ------> SDMMC1_CMD 
 173:Src/stm32f7xx_hal_msp.c ****     */
 174:Src/stm32f7xx_hal_msp.c ****     GPIO_InitStruct.Pin = GPIO_PIN_8|GPIO_PIN_12;
 175:Src/stm32f7xx_hal_msp.c ****     GPIO_InitStruct.Mode = GPIO_MODE_AF_PP;
 176:Src/stm32f7xx_hal_msp.c ****     GPIO_InitStruct.Pull = GPIO_NOPULL;
 177:Src/stm32f7xx_hal_msp.c ****     GPIO_InitStruct.Speed = GPIO_SPEED_FREQ_VERY_HIGH;
 178:Src/stm32f7xx_hal_msp.c ****     GPIO_InitStruct.Alternate = GPIO_AF12_SDMMC1;
 179:Src/stm32f7xx_hal_msp.c ****     HAL_GPIO_Init(GPIOC, &GPIO_InitStruct);
ARM GAS  /tmp/ccWmFRNQ.s 			page 10


 180:Src/stm32f7xx_hal_msp.c **** 
 181:Src/stm32f7xx_hal_msp.c ****     GPIO_InitStruct.Pin = GPIO_PIN_2;
 182:Src/stm32f7xx_hal_msp.c ****     GPIO_InitStruct.Mode = GPIO_MODE_AF_PP;
 183:Src/stm32f7xx_hal_msp.c ****     GPIO_InitStruct.Pull = GPIO_NOPULL;
 184:Src/stm32f7xx_hal_msp.c ****     GPIO_InitStruct.Speed = GPIO_SPEED_FREQ_VERY_HIGH;
 185:Src/stm32f7xx_hal_msp.c ****     GPIO_InitStruct.Alternate = GPIO_AF12_SDMMC1;
 186:Src/stm32f7xx_hal_msp.c ****     HAL_GPIO_Init(GPIOD, &GPIO_InitStruct);
 187:Src/stm32f7xx_hal_msp.c **** 
 188:Src/stm32f7xx_hal_msp.c ****   /* USER CODE BEGIN SDMMC1_MspInit 1 */
 189:Src/stm32f7xx_hal_msp.c **** 
 190:Src/stm32f7xx_hal_msp.c ****   /* USER CODE END SDMMC1_MspInit 1 */
 191:Src/stm32f7xx_hal_msp.c ****   }
 192:Src/stm32f7xx_hal_msp.c **** 
 193:Src/stm32f7xx_hal_msp.c **** }
 312              		.loc 1 193 1 view .LVU67
 313 0018 08B0     		add	sp, sp, #32
 314              	.LCFI9:
 315              		.cfi_remember_state
 316              		.cfi_def_cfa_offset 16
 317              		@ sp needed
 318 001a 70BD     		pop	{r4, r5, r6, pc}
 319              	.LVL16:
 320              	.L20:
 321              	.LCFI10:
 322              		.cfi_restore_state
 165:Src/stm32f7xx_hal_msp.c ****   
 323              		.loc 1 165 5 is_stmt 1 view .LVU68
 324              	.LBB6:
 165:Src/stm32f7xx_hal_msp.c ****   
 325              		.loc 1 165 5 view .LVU69
 165:Src/stm32f7xx_hal_msp.c ****   
 326              		.loc 1 165 5 view .LVU70
 327 001c 03F58633 		add	r3, r3, #68608
 328 0020 5A6C     		ldr	r2, [r3, #68]
 329 0022 42F40062 		orr	r2, r2, #2048
 330 0026 5A64     		str	r2, [r3, #68]
 165:Src/stm32f7xx_hal_msp.c ****   
 331              		.loc 1 165 5 view .LVU71
 332 0028 5A6C     		ldr	r2, [r3, #68]
 333 002a 02F40062 		and	r2, r2, #2048
 334 002e 0092     		str	r2, [sp]
 165:Src/stm32f7xx_hal_msp.c ****   
 335              		.loc 1 165 5 view .LVU72
 336 0030 009A     		ldr	r2, [sp]
 337              	.LBE6:
 165:Src/stm32f7xx_hal_msp.c ****   
 338              		.loc 1 165 5 view .LVU73
 167:Src/stm32f7xx_hal_msp.c ****     __HAL_RCC_GPIOD_CLK_ENABLE();
 339              		.loc 1 167 5 view .LVU74
 340              	.LBB7:
 167:Src/stm32f7xx_hal_msp.c ****     __HAL_RCC_GPIOD_CLK_ENABLE();
 341              		.loc 1 167 5 view .LVU75
 167:Src/stm32f7xx_hal_msp.c ****     __HAL_RCC_GPIOD_CLK_ENABLE();
 342              		.loc 1 167 5 view .LVU76
 343 0032 1A6B     		ldr	r2, [r3, #48]
 344 0034 42F00402 		orr	r2, r2, #4
 345 0038 1A63     		str	r2, [r3, #48]
ARM GAS  /tmp/ccWmFRNQ.s 			page 11


 167:Src/stm32f7xx_hal_msp.c ****     __HAL_RCC_GPIOD_CLK_ENABLE();
 346              		.loc 1 167 5 view .LVU77
 347 003a 1A6B     		ldr	r2, [r3, #48]
 348 003c 02F00402 		and	r2, r2, #4
 349 0040 0192     		str	r2, [sp, #4]
 167:Src/stm32f7xx_hal_msp.c ****     __HAL_RCC_GPIOD_CLK_ENABLE();
 350              		.loc 1 167 5 view .LVU78
 351 0042 019A     		ldr	r2, [sp, #4]
 352              	.LBE7:
 167:Src/stm32f7xx_hal_msp.c ****     __HAL_RCC_GPIOD_CLK_ENABLE();
 353              		.loc 1 167 5 view .LVU79
 168:Src/stm32f7xx_hal_msp.c ****     /**SDMMC1 GPIO Configuration    
 354              		.loc 1 168 5 view .LVU80
 355              	.LBB8:
 168:Src/stm32f7xx_hal_msp.c ****     /**SDMMC1 GPIO Configuration    
 356              		.loc 1 168 5 view .LVU81
 168:Src/stm32f7xx_hal_msp.c ****     /**SDMMC1 GPIO Configuration    
 357              		.loc 1 168 5 view .LVU82
 358 0044 1A6B     		ldr	r2, [r3, #48]
 359 0046 42F00802 		orr	r2, r2, #8
 360 004a 1A63     		str	r2, [r3, #48]
 168:Src/stm32f7xx_hal_msp.c ****     /**SDMMC1 GPIO Configuration    
 361              		.loc 1 168 5 view .LVU83
 362 004c 1B6B     		ldr	r3, [r3, #48]
 363 004e 03F00803 		and	r3, r3, #8
 364 0052 0293     		str	r3, [sp, #8]
 168:Src/stm32f7xx_hal_msp.c ****     /**SDMMC1 GPIO Configuration    
 365              		.loc 1 168 5 view .LVU84
 366 0054 029B     		ldr	r3, [sp, #8]
 367              	.LBE8:
 168:Src/stm32f7xx_hal_msp.c ****     /**SDMMC1 GPIO Configuration    
 368              		.loc 1 168 5 view .LVU85
 174:Src/stm32f7xx_hal_msp.c ****     GPIO_InitStruct.Mode = GPIO_MODE_AF_PP;
 369              		.loc 1 174 5 view .LVU86
 174:Src/stm32f7xx_hal_msp.c ****     GPIO_InitStruct.Mode = GPIO_MODE_AF_PP;
 370              		.loc 1 174 25 is_stmt 0 view .LVU87
 371 0056 4FF48853 		mov	r3, #4352
 372 005a 0393     		str	r3, [sp, #12]
 175:Src/stm32f7xx_hal_msp.c ****     GPIO_InitStruct.Pull = GPIO_NOPULL;
 373              		.loc 1 175 5 is_stmt 1 view .LVU88
 175:Src/stm32f7xx_hal_msp.c ****     GPIO_InitStruct.Pull = GPIO_NOPULL;
 374              		.loc 1 175 26 is_stmt 0 view .LVU89
 375 005c 0226     		movs	r6, #2
 376 005e 0496     		str	r6, [sp, #16]
 176:Src/stm32f7xx_hal_msp.c ****     GPIO_InitStruct.Speed = GPIO_SPEED_FREQ_VERY_HIGH;
 377              		.loc 1 176 5 is_stmt 1 view .LVU90
 177:Src/stm32f7xx_hal_msp.c ****     GPIO_InitStruct.Alternate = GPIO_AF12_SDMMC1;
 378              		.loc 1 177 5 view .LVU91
 177:Src/stm32f7xx_hal_msp.c ****     GPIO_InitStruct.Alternate = GPIO_AF12_SDMMC1;
 379              		.loc 1 177 27 is_stmt 0 view .LVU92
 380 0060 0325     		movs	r5, #3
 381 0062 0695     		str	r5, [sp, #24]
 178:Src/stm32f7xx_hal_msp.c ****     HAL_GPIO_Init(GPIOC, &GPIO_InitStruct);
 382              		.loc 1 178 5 is_stmt 1 view .LVU93
 178:Src/stm32f7xx_hal_msp.c ****     HAL_GPIO_Init(GPIOC, &GPIO_InitStruct);
 383              		.loc 1 178 31 is_stmt 0 view .LVU94
 384 0064 0C24     		movs	r4, #12
ARM GAS  /tmp/ccWmFRNQ.s 			page 12


 385 0066 0794     		str	r4, [sp, #28]
 179:Src/stm32f7xx_hal_msp.c **** 
 386              		.loc 1 179 5 is_stmt 1 view .LVU95
 387 0068 0DEB0401 		add	r1, sp, r4
 388 006c 0848     		ldr	r0, .L21+4
 389              	.LVL17:
 179:Src/stm32f7xx_hal_msp.c **** 
 390              		.loc 1 179 5 is_stmt 0 view .LVU96
 391 006e FFF7FEFF 		bl	HAL_GPIO_Init
 392              	.LVL18:
 181:Src/stm32f7xx_hal_msp.c ****     GPIO_InitStruct.Mode = GPIO_MODE_AF_PP;
 393              		.loc 1 181 5 is_stmt 1 view .LVU97
 181:Src/stm32f7xx_hal_msp.c ****     GPIO_InitStruct.Mode = GPIO_MODE_AF_PP;
 394              		.loc 1 181 25 is_stmt 0 view .LVU98
 395 0072 0423     		movs	r3, #4
 396 0074 0393     		str	r3, [sp, #12]
 182:Src/stm32f7xx_hal_msp.c ****     GPIO_InitStruct.Pull = GPIO_NOPULL;
 397              		.loc 1 182 5 is_stmt 1 view .LVU99
 182:Src/stm32f7xx_hal_msp.c ****     GPIO_InitStruct.Pull = GPIO_NOPULL;
 398              		.loc 1 182 26 is_stmt 0 view .LVU100
 399 0076 0496     		str	r6, [sp, #16]
 183:Src/stm32f7xx_hal_msp.c ****     GPIO_InitStruct.Speed = GPIO_SPEED_FREQ_VERY_HIGH;
 400              		.loc 1 183 5 is_stmt 1 view .LVU101
 183:Src/stm32f7xx_hal_msp.c ****     GPIO_InitStruct.Speed = GPIO_SPEED_FREQ_VERY_HIGH;
 401              		.loc 1 183 26 is_stmt 0 view .LVU102
 402 0078 0023     		movs	r3, #0
 403 007a 0593     		str	r3, [sp, #20]
 184:Src/stm32f7xx_hal_msp.c ****     GPIO_InitStruct.Alternate = GPIO_AF12_SDMMC1;
 404              		.loc 1 184 5 is_stmt 1 view .LVU103
 184:Src/stm32f7xx_hal_msp.c ****     GPIO_InitStruct.Alternate = GPIO_AF12_SDMMC1;
 405              		.loc 1 184 27 is_stmt 0 view .LVU104
 406 007c 0695     		str	r5, [sp, #24]
 185:Src/stm32f7xx_hal_msp.c ****     HAL_GPIO_Init(GPIOD, &GPIO_InitStruct);
 407              		.loc 1 185 5 is_stmt 1 view .LVU105
 185:Src/stm32f7xx_hal_msp.c ****     HAL_GPIO_Init(GPIOD, &GPIO_InitStruct);
 408              		.loc 1 185 31 is_stmt 0 view .LVU106
 409 007e 0794     		str	r4, [sp, #28]
 186:Src/stm32f7xx_hal_msp.c **** 
 410              		.loc 1 186 5 is_stmt 1 view .LVU107
 411 0080 0DEB0401 		add	r1, sp, r4
 412 0084 0348     		ldr	r0, .L21+8
 413 0086 FFF7FEFF 		bl	HAL_GPIO_Init
 414              	.LVL19:
 415              		.loc 1 193 1 is_stmt 0 view .LVU108
 416 008a C5E7     		b	.L17
 417              	.L22:
 418              		.align	2
 419              	.L21:
 420 008c 002C0140 		.word	1073818624
 421 0090 00080240 		.word	1073874944
 422 0094 000C0240 		.word	1073875968
 423              		.cfi_endproc
 424              	.LFE144:
 426              		.section	.text.HAL_SD_MspDeInit,"ax",%progbits
 427              		.align	1
 428              		.global	HAL_SD_MspDeInit
 429              		.syntax unified
ARM GAS  /tmp/ccWmFRNQ.s 			page 13


 430              		.thumb
 431              		.thumb_func
 432              		.fpu fpv5-d16
 434              	HAL_SD_MspDeInit:
 435              	.LVL20:
 436              	.LFB145:
 194:Src/stm32f7xx_hal_msp.c **** 
 195:Src/stm32f7xx_hal_msp.c **** /**
 196:Src/stm32f7xx_hal_msp.c **** * @brief SD MSP De-Initialization
 197:Src/stm32f7xx_hal_msp.c **** * This function freeze the hardware resources used in this example
 198:Src/stm32f7xx_hal_msp.c **** * @param hsd: SD handle pointer
 199:Src/stm32f7xx_hal_msp.c **** * @retval None
 200:Src/stm32f7xx_hal_msp.c **** */
 201:Src/stm32f7xx_hal_msp.c **** void HAL_SD_MspDeInit(SD_HandleTypeDef* hsd)
 202:Src/stm32f7xx_hal_msp.c **** {
 437              		.loc 1 202 1 is_stmt 1 view -0
 438              		.cfi_startproc
 439              		@ args = 0, pretend = 0, frame = 0
 440              		@ frame_needed = 0, uses_anonymous_args = 0
 441              		.loc 1 202 1 is_stmt 0 view .LVU110
 442 0000 08B5     		push	{r3, lr}
 443              	.LCFI11:
 444              		.cfi_def_cfa_offset 8
 445              		.cfi_offset 3, -8
 446              		.cfi_offset 14, -4
 203:Src/stm32f7xx_hal_msp.c ****   if(hsd->Instance==SDMMC1)
 447              		.loc 1 203 3 is_stmt 1 view .LVU111
 448              		.loc 1 203 9 is_stmt 0 view .LVU112
 449 0002 0268     		ldr	r2, [r0]
 450              		.loc 1 203 5 view .LVU113
 451 0004 0A4B     		ldr	r3, .L27
 452 0006 9A42     		cmp	r2, r3
 453 0008 00D0     		beq	.L26
 454              	.LVL21:
 455              	.L23:
 204:Src/stm32f7xx_hal_msp.c ****   {
 205:Src/stm32f7xx_hal_msp.c ****   /* USER CODE BEGIN SDMMC1_MspDeInit 0 */
 206:Src/stm32f7xx_hal_msp.c **** 
 207:Src/stm32f7xx_hal_msp.c ****   /* USER CODE END SDMMC1_MspDeInit 0 */
 208:Src/stm32f7xx_hal_msp.c ****     /* Peripheral clock disable */
 209:Src/stm32f7xx_hal_msp.c ****     __HAL_RCC_SDMMC1_CLK_DISABLE();
 210:Src/stm32f7xx_hal_msp.c ****   
 211:Src/stm32f7xx_hal_msp.c ****     /**SDMMC1 GPIO Configuration    
 212:Src/stm32f7xx_hal_msp.c ****     PC8     ------> SDMMC1_D0
 213:Src/stm32f7xx_hal_msp.c ****     PC12     ------> SDMMC1_CK
 214:Src/stm32f7xx_hal_msp.c ****     PD2     ------> SDMMC1_CMD 
 215:Src/stm32f7xx_hal_msp.c ****     */
 216:Src/stm32f7xx_hal_msp.c ****     HAL_GPIO_DeInit(GPIOC, GPIO_PIN_8|GPIO_PIN_12);
 217:Src/stm32f7xx_hal_msp.c **** 
 218:Src/stm32f7xx_hal_msp.c ****     HAL_GPIO_DeInit(GPIOD, GPIO_PIN_2);
 219:Src/stm32f7xx_hal_msp.c **** 
 220:Src/stm32f7xx_hal_msp.c ****     /* SDMMC1 interrupt DeInit */
 221:Src/stm32f7xx_hal_msp.c ****     HAL_NVIC_DisableIRQ(SDMMC1_IRQn);
 222:Src/stm32f7xx_hal_msp.c ****   /* USER CODE BEGIN SDMMC1_MspDeInit 1 */
 223:Src/stm32f7xx_hal_msp.c **** 
 224:Src/stm32f7xx_hal_msp.c ****   /* USER CODE END SDMMC1_MspDeInit 1 */
 225:Src/stm32f7xx_hal_msp.c ****   }
ARM GAS  /tmp/ccWmFRNQ.s 			page 14


 226:Src/stm32f7xx_hal_msp.c **** 
 227:Src/stm32f7xx_hal_msp.c **** }
 456              		.loc 1 227 1 view .LVU114
 457 000a 08BD     		pop	{r3, pc}
 458              	.LVL22:
 459              	.L26:
 209:Src/stm32f7xx_hal_msp.c ****   
 460              		.loc 1 209 5 is_stmt 1 view .LVU115
 461 000c 094A     		ldr	r2, .L27+4
 462 000e 536C     		ldr	r3, [r2, #68]
 463 0010 23F40063 		bic	r3, r3, #2048
 464 0014 5364     		str	r3, [r2, #68]
 216:Src/stm32f7xx_hal_msp.c **** 
 465              		.loc 1 216 5 view .LVU116
 466 0016 4FF48851 		mov	r1, #4352
 467 001a 0748     		ldr	r0, .L27+8
 468              	.LVL23:
 216:Src/stm32f7xx_hal_msp.c **** 
 469              		.loc 1 216 5 is_stmt 0 view .LVU117
 470 001c FFF7FEFF 		bl	HAL_GPIO_DeInit
 471              	.LVL24:
 218:Src/stm32f7xx_hal_msp.c **** 
 472              		.loc 1 218 5 is_stmt 1 view .LVU118
 473 0020 0421     		movs	r1, #4
 474 0022 0648     		ldr	r0, .L27+12
 475 0024 FFF7FEFF 		bl	HAL_GPIO_DeInit
 476              	.LVL25:
 221:Src/stm32f7xx_hal_msp.c ****   /* USER CODE BEGIN SDMMC1_MspDeInit 1 */
 477              		.loc 1 221 5 view .LVU119
 478 0028 3120     		movs	r0, #49
 479 002a FFF7FEFF 		bl	HAL_NVIC_DisableIRQ
 480              	.LVL26:
 481              		.loc 1 227 1 is_stmt 0 view .LVU120
 482 002e ECE7     		b	.L23
 483              	.L28:
 484              		.align	2
 485              	.L27:
 486 0030 002C0140 		.word	1073818624
 487 0034 00380240 		.word	1073887232
 488 0038 00080240 		.word	1073874944
 489 003c 000C0240 		.word	1073875968
 490              		.cfi_endproc
 491              	.LFE145:
 493              		.section	.text.HAL_TIM_Base_MspInit,"ax",%progbits
 494              		.align	1
 495              		.global	HAL_TIM_Base_MspInit
 496              		.syntax unified
 497              		.thumb
 498              		.thumb_func
 499              		.fpu fpv5-d16
 501              	HAL_TIM_Base_MspInit:
 502              	.LVL27:
 503              	.LFB146:
 228:Src/stm32f7xx_hal_msp.c **** 
 229:Src/stm32f7xx_hal_msp.c **** /**
 230:Src/stm32f7xx_hal_msp.c **** * @brief TIM_Base MSP Initialization
 231:Src/stm32f7xx_hal_msp.c **** * This function configures the hardware resources used in this example
ARM GAS  /tmp/ccWmFRNQ.s 			page 15


 232:Src/stm32f7xx_hal_msp.c **** * @param htim_base: TIM_Base handle pointer
 233:Src/stm32f7xx_hal_msp.c **** * @retval None
 234:Src/stm32f7xx_hal_msp.c **** */
 235:Src/stm32f7xx_hal_msp.c **** void HAL_TIM_Base_MspInit(TIM_HandleTypeDef* htim_base)
 236:Src/stm32f7xx_hal_msp.c **** {
 504              		.loc 1 236 1 is_stmt 1 view -0
 505              		.cfi_startproc
 506              		@ args = 0, pretend = 0, frame = 8
 507              		@ frame_needed = 0, uses_anonymous_args = 0
 508              		@ link register save eliminated.
 237:Src/stm32f7xx_hal_msp.c ****   if(htim_base->Instance==TIM2)
 509              		.loc 1 237 3 view .LVU122
 510              		.loc 1 237 15 is_stmt 0 view .LVU123
 511 0000 0368     		ldr	r3, [r0]
 512              		.loc 1 237 5 view .LVU124
 513 0002 B3F1804F 		cmp	r3, #1073741824
 514 0006 00D0     		beq	.L35
 515 0008 7047     		bx	lr
 516              	.L35:
 236:Src/stm32f7xx_hal_msp.c ****   if(htim_base->Instance==TIM2)
 517              		.loc 1 236 1 view .LVU125
 518 000a 82B0     		sub	sp, sp, #8
 519              	.LCFI12:
 520              		.cfi_def_cfa_offset 8
 238:Src/stm32f7xx_hal_msp.c ****   {
 239:Src/stm32f7xx_hal_msp.c ****   /* USER CODE BEGIN TIM2_MspInit 0 */
 240:Src/stm32f7xx_hal_msp.c **** 
 241:Src/stm32f7xx_hal_msp.c ****   /* USER CODE END TIM2_MspInit 0 */
 242:Src/stm32f7xx_hal_msp.c ****     /* Peripheral clock enable */
 243:Src/stm32f7xx_hal_msp.c ****     __HAL_RCC_TIM2_CLK_ENABLE();
 521              		.loc 1 243 5 is_stmt 1 view .LVU126
 522              	.LBB9:
 523              		.loc 1 243 5 view .LVU127
 524              		.loc 1 243 5 view .LVU128
 525 000c 03F50E33 		add	r3, r3, #145408
 526 0010 1A6C     		ldr	r2, [r3, #64]
 527 0012 42F00102 		orr	r2, r2, #1
 528 0016 1A64     		str	r2, [r3, #64]
 529              		.loc 1 243 5 view .LVU129
 530 0018 1B6C     		ldr	r3, [r3, #64]
 531 001a 03F00103 		and	r3, r3, #1
 532 001e 0193     		str	r3, [sp, #4]
 533              		.loc 1 243 5 view .LVU130
 534 0020 019B     		ldr	r3, [sp, #4]
 535              	.LBE9:
 536              		.loc 1 243 5 view .LVU131
 244:Src/stm32f7xx_hal_msp.c ****   /* USER CODE BEGIN TIM2_MspInit 1 */
 245:Src/stm32f7xx_hal_msp.c **** 
 246:Src/stm32f7xx_hal_msp.c ****   /* USER CODE END TIM2_MspInit 1 */
 247:Src/stm32f7xx_hal_msp.c ****   }
 248:Src/stm32f7xx_hal_msp.c **** 
 249:Src/stm32f7xx_hal_msp.c **** }
 537              		.loc 1 249 1 is_stmt 0 view .LVU132
 538 0022 02B0     		add	sp, sp, #8
 539              	.LCFI13:
 540              		.cfi_def_cfa_offset 0
 541              		@ sp needed
ARM GAS  /tmp/ccWmFRNQ.s 			page 16


 542 0024 7047     		bx	lr
 543              		.cfi_endproc
 544              	.LFE146:
 546              		.section	.text.HAL_TIM_Base_MspDeInit,"ax",%progbits
 547              		.align	1
 548              		.global	HAL_TIM_Base_MspDeInit
 549              		.syntax unified
 550              		.thumb
 551              		.thumb_func
 552              		.fpu fpv5-d16
 554              	HAL_TIM_Base_MspDeInit:
 555              	.LVL28:
 556              	.LFB147:
 250:Src/stm32f7xx_hal_msp.c **** 
 251:Src/stm32f7xx_hal_msp.c **** /**
 252:Src/stm32f7xx_hal_msp.c **** * @brief TIM_Base MSP De-Initialization
 253:Src/stm32f7xx_hal_msp.c **** * This function freeze the hardware resources used in this example
 254:Src/stm32f7xx_hal_msp.c **** * @param htim_base: TIM_Base handle pointer
 255:Src/stm32f7xx_hal_msp.c **** * @retval None
 256:Src/stm32f7xx_hal_msp.c **** */
 257:Src/stm32f7xx_hal_msp.c **** void HAL_TIM_Base_MspDeInit(TIM_HandleTypeDef* htim_base)
 258:Src/stm32f7xx_hal_msp.c **** {
 557              		.loc 1 258 1 is_stmt 1 view -0
 558              		.cfi_startproc
 559              		@ args = 0, pretend = 0, frame = 0
 560              		@ frame_needed = 0, uses_anonymous_args = 0
 561              		.loc 1 258 1 is_stmt 0 view .LVU134
 562 0000 08B5     		push	{r3, lr}
 563              	.LCFI14:
 564              		.cfi_def_cfa_offset 8
 565              		.cfi_offset 3, -8
 566              		.cfi_offset 14, -4
 259:Src/stm32f7xx_hal_msp.c ****   if(htim_base->Instance==TIM2)
 567              		.loc 1 259 3 is_stmt 1 view .LVU135
 568              		.loc 1 259 15 is_stmt 0 view .LVU136
 569 0002 0368     		ldr	r3, [r0]
 570              		.loc 1 259 5 view .LVU137
 571 0004 B3F1804F 		cmp	r3, #1073741824
 572 0008 00D0     		beq	.L39
 573              	.LVL29:
 574              	.L36:
 260:Src/stm32f7xx_hal_msp.c ****   {
 261:Src/stm32f7xx_hal_msp.c ****   /* USER CODE BEGIN TIM2_MspDeInit 0 */
 262:Src/stm32f7xx_hal_msp.c **** 
 263:Src/stm32f7xx_hal_msp.c ****   /* USER CODE END TIM2_MspDeInit 0 */
 264:Src/stm32f7xx_hal_msp.c ****     /* Peripheral clock disable */
 265:Src/stm32f7xx_hal_msp.c ****     __HAL_RCC_TIM2_CLK_DISABLE();
 266:Src/stm32f7xx_hal_msp.c **** 
 267:Src/stm32f7xx_hal_msp.c ****     /* TIM2 interrupt DeInit */
 268:Src/stm32f7xx_hal_msp.c ****     HAL_NVIC_DisableIRQ(TIM2_IRQn);
 269:Src/stm32f7xx_hal_msp.c ****   /* USER CODE BEGIN TIM2_MspDeInit 1 */
 270:Src/stm32f7xx_hal_msp.c **** 
 271:Src/stm32f7xx_hal_msp.c ****   /* USER CODE END TIM2_MspDeInit 1 */
 272:Src/stm32f7xx_hal_msp.c ****   }
 273:Src/stm32f7xx_hal_msp.c **** 
 274:Src/stm32f7xx_hal_msp.c **** }
 575              		.loc 1 274 1 view .LVU138
ARM GAS  /tmp/ccWmFRNQ.s 			page 17


 576 000a 08BD     		pop	{r3, pc}
 577              	.LVL30:
 578              	.L39:
 265:Src/stm32f7xx_hal_msp.c **** 
 579              		.loc 1 265 5 is_stmt 1 view .LVU139
 580 000c 044A     		ldr	r2, .L40
 581 000e 136C     		ldr	r3, [r2, #64]
 582 0010 23F00103 		bic	r3, r3, #1
 583 0014 1364     		str	r3, [r2, #64]
 268:Src/stm32f7xx_hal_msp.c ****   /* USER CODE BEGIN TIM2_MspDeInit 1 */
 584              		.loc 1 268 5 view .LVU140
 585 0016 1C20     		movs	r0, #28
 586              	.LVL31:
 268:Src/stm32f7xx_hal_msp.c ****   /* USER CODE BEGIN TIM2_MspDeInit 1 */
 587              		.loc 1 268 5 is_stmt 0 view .LVU141
 588 0018 FFF7FEFF 		bl	HAL_NVIC_DisableIRQ
 589              	.LVL32:
 590              		.loc 1 274 1 view .LVU142
 591 001c F5E7     		b	.L36
 592              	.L41:
 593 001e 00BF     		.align	2
 594              	.L40:
 595 0020 00380240 		.word	1073887232
 596              		.cfi_endproc
 597              	.LFE147:
 599              		.section	.text.HAL_UART_MspInit,"ax",%progbits
 600              		.align	1
 601              		.global	HAL_UART_MspInit
 602              		.syntax unified
 603              		.thumb
 604              		.thumb_func
 605              		.fpu fpv5-d16
 607              	HAL_UART_MspInit:
 608              	.LVL33:
 609              	.LFB148:
 275:Src/stm32f7xx_hal_msp.c **** 
 276:Src/stm32f7xx_hal_msp.c **** /**
 277:Src/stm32f7xx_hal_msp.c **** * @brief UART MSP Initialization
 278:Src/stm32f7xx_hal_msp.c **** * This function configures the hardware resources used in this example
 279:Src/stm32f7xx_hal_msp.c **** * @param huart: UART handle pointer
 280:Src/stm32f7xx_hal_msp.c **** * @retval None
 281:Src/stm32f7xx_hal_msp.c **** */
 282:Src/stm32f7xx_hal_msp.c **** void HAL_UART_MspInit(UART_HandleTypeDef* huart)
 283:Src/stm32f7xx_hal_msp.c **** {
 610              		.loc 1 283 1 is_stmt 1 view -0
 611              		.cfi_startproc
 612              		@ args = 0, pretend = 0, frame = 32
 613              		@ frame_needed = 0, uses_anonymous_args = 0
 614              		.loc 1 283 1 is_stmt 0 view .LVU144
 615 0000 00B5     		push	{lr}
 616              	.LCFI15:
 617              		.cfi_def_cfa_offset 4
 618              		.cfi_offset 14, -4
 619 0002 89B0     		sub	sp, sp, #36
 620              	.LCFI16:
 621              		.cfi_def_cfa_offset 40
 284:Src/stm32f7xx_hal_msp.c ****   GPIO_InitTypeDef GPIO_InitStruct = {0};
ARM GAS  /tmp/ccWmFRNQ.s 			page 18


 622              		.loc 1 284 3 is_stmt 1 view .LVU145
 623              		.loc 1 284 20 is_stmt 0 view .LVU146
 624 0004 0023     		movs	r3, #0
 625 0006 0393     		str	r3, [sp, #12]
 626 0008 0493     		str	r3, [sp, #16]
 627 000a 0593     		str	r3, [sp, #20]
 628 000c 0693     		str	r3, [sp, #24]
 629 000e 0793     		str	r3, [sp, #28]
 285:Src/stm32f7xx_hal_msp.c ****   if(huart->Instance==USART3)
 630              		.loc 1 285 3 is_stmt 1 view .LVU147
 631              		.loc 1 285 11 is_stmt 0 view .LVU148
 632 0010 0268     		ldr	r2, [r0]
 633              		.loc 1 285 5 view .LVU149
 634 0012 144B     		ldr	r3, .L46
 635 0014 9A42     		cmp	r2, r3
 636 0016 02D0     		beq	.L45
 637              	.LVL34:
 638              	.L42:
 286:Src/stm32f7xx_hal_msp.c ****   {
 287:Src/stm32f7xx_hal_msp.c ****   /* USER CODE BEGIN USART3_MspInit 0 */
 288:Src/stm32f7xx_hal_msp.c **** 
 289:Src/stm32f7xx_hal_msp.c ****   /* USER CODE END USART3_MspInit 0 */
 290:Src/stm32f7xx_hal_msp.c ****     /* Peripheral clock enable */
 291:Src/stm32f7xx_hal_msp.c ****     __HAL_RCC_USART3_CLK_ENABLE();
 292:Src/stm32f7xx_hal_msp.c ****   
 293:Src/stm32f7xx_hal_msp.c ****     __HAL_RCC_GPIOD_CLK_ENABLE();
 294:Src/stm32f7xx_hal_msp.c ****     /**USART3 GPIO Configuration    
 295:Src/stm32f7xx_hal_msp.c ****     PD8     ------> USART3_TX
 296:Src/stm32f7xx_hal_msp.c ****     PD9     ------> USART3_RX 
 297:Src/stm32f7xx_hal_msp.c ****     */
 298:Src/stm32f7xx_hal_msp.c ****     GPIO_InitStruct.Pin = GPIO_PIN_8|GPIO_PIN_9;
 299:Src/stm32f7xx_hal_msp.c ****     GPIO_InitStruct.Mode = GPIO_MODE_AF_PP;
 300:Src/stm32f7xx_hal_msp.c ****     GPIO_InitStruct.Pull = GPIO_NOPULL;
 301:Src/stm32f7xx_hal_msp.c ****     GPIO_InitStruct.Speed = GPIO_SPEED_FREQ_VERY_HIGH;
 302:Src/stm32f7xx_hal_msp.c ****     GPIO_InitStruct.Alternate = GPIO_AF7_USART3;
 303:Src/stm32f7xx_hal_msp.c ****     HAL_GPIO_Init(GPIOD, &GPIO_InitStruct);
 304:Src/stm32f7xx_hal_msp.c **** 
 305:Src/stm32f7xx_hal_msp.c ****   /* USER CODE BEGIN USART3_MspInit 1 */
 306:Src/stm32f7xx_hal_msp.c **** 
 307:Src/stm32f7xx_hal_msp.c ****   /* USER CODE END USART3_MspInit 1 */
 308:Src/stm32f7xx_hal_msp.c ****   }
 309:Src/stm32f7xx_hal_msp.c **** 
 310:Src/stm32f7xx_hal_msp.c **** }
 639              		.loc 1 310 1 view .LVU150
 640 0018 09B0     		add	sp, sp, #36
 641              	.LCFI17:
 642              		.cfi_remember_state
 643              		.cfi_def_cfa_offset 4
 644              		@ sp needed
 645 001a 5DF804FB 		ldr	pc, [sp], #4
 646              	.LVL35:
 647              	.L45:
 648              	.LCFI18:
 649              		.cfi_restore_state
 291:Src/stm32f7xx_hal_msp.c ****   
 650              		.loc 1 291 5 is_stmt 1 view .LVU151
 651              	.LBB10:
ARM GAS  /tmp/ccWmFRNQ.s 			page 19


 291:Src/stm32f7xx_hal_msp.c ****   
 652              		.loc 1 291 5 view .LVU152
 291:Src/stm32f7xx_hal_msp.c ****   
 653              		.loc 1 291 5 view .LVU153
 654 001e 03F5F833 		add	r3, r3, #126976
 655 0022 1A6C     		ldr	r2, [r3, #64]
 656 0024 42F48022 		orr	r2, r2, #262144
 657 0028 1A64     		str	r2, [r3, #64]
 291:Src/stm32f7xx_hal_msp.c ****   
 658              		.loc 1 291 5 view .LVU154
 659 002a 1A6C     		ldr	r2, [r3, #64]
 660 002c 02F48022 		and	r2, r2, #262144
 661 0030 0192     		str	r2, [sp, #4]
 291:Src/stm32f7xx_hal_msp.c ****   
 662              		.loc 1 291 5 view .LVU155
 663 0032 019A     		ldr	r2, [sp, #4]
 664              	.LBE10:
 291:Src/stm32f7xx_hal_msp.c ****   
 665              		.loc 1 291 5 view .LVU156
 293:Src/stm32f7xx_hal_msp.c ****     /**USART3 GPIO Configuration    
 666              		.loc 1 293 5 view .LVU157
 667              	.LBB11:
 293:Src/stm32f7xx_hal_msp.c ****     /**USART3 GPIO Configuration    
 668              		.loc 1 293 5 view .LVU158
 293:Src/stm32f7xx_hal_msp.c ****     /**USART3 GPIO Configuration    
 669              		.loc 1 293 5 view .LVU159
 670 0034 1A6B     		ldr	r2, [r3, #48]
 671 0036 42F00802 		orr	r2, r2, #8
 672 003a 1A63     		str	r2, [r3, #48]
 293:Src/stm32f7xx_hal_msp.c ****     /**USART3 GPIO Configuration    
 673              		.loc 1 293 5 view .LVU160
 674 003c 1B6B     		ldr	r3, [r3, #48]
 675 003e 03F00803 		and	r3, r3, #8
 676 0042 0293     		str	r3, [sp, #8]
 293:Src/stm32f7xx_hal_msp.c ****     /**USART3 GPIO Configuration    
 677              		.loc 1 293 5 view .LVU161
 678 0044 029B     		ldr	r3, [sp, #8]
 679              	.LBE11:
 293:Src/stm32f7xx_hal_msp.c ****     /**USART3 GPIO Configuration    
 680              		.loc 1 293 5 view .LVU162
 298:Src/stm32f7xx_hal_msp.c ****     GPIO_InitStruct.Mode = GPIO_MODE_AF_PP;
 681              		.loc 1 298 5 view .LVU163
 298:Src/stm32f7xx_hal_msp.c ****     GPIO_InitStruct.Mode = GPIO_MODE_AF_PP;
 682              		.loc 1 298 25 is_stmt 0 view .LVU164
 683 0046 4FF44073 		mov	r3, #768
 684 004a 0393     		str	r3, [sp, #12]
 299:Src/stm32f7xx_hal_msp.c ****     GPIO_InitStruct.Pull = GPIO_NOPULL;
 685              		.loc 1 299 5 is_stmt 1 view .LVU165
 299:Src/stm32f7xx_hal_msp.c ****     GPIO_InitStruct.Pull = GPIO_NOPULL;
 686              		.loc 1 299 26 is_stmt 0 view .LVU166
 687 004c 0223     		movs	r3, #2
 688 004e 0493     		str	r3, [sp, #16]
 300:Src/stm32f7xx_hal_msp.c ****     GPIO_InitStruct.Speed = GPIO_SPEED_FREQ_VERY_HIGH;
 689              		.loc 1 300 5 is_stmt 1 view .LVU167
 301:Src/stm32f7xx_hal_msp.c ****     GPIO_InitStruct.Alternate = GPIO_AF7_USART3;
 690              		.loc 1 301 5 view .LVU168
 301:Src/stm32f7xx_hal_msp.c ****     GPIO_InitStruct.Alternate = GPIO_AF7_USART3;
ARM GAS  /tmp/ccWmFRNQ.s 			page 20


 691              		.loc 1 301 27 is_stmt 0 view .LVU169
 692 0050 0323     		movs	r3, #3
 693 0052 0693     		str	r3, [sp, #24]
 302:Src/stm32f7xx_hal_msp.c ****     HAL_GPIO_Init(GPIOD, &GPIO_InitStruct);
 694              		.loc 1 302 5 is_stmt 1 view .LVU170
 302:Src/stm32f7xx_hal_msp.c ****     HAL_GPIO_Init(GPIOD, &GPIO_InitStruct);
 695              		.loc 1 302 31 is_stmt 0 view .LVU171
 696 0054 0723     		movs	r3, #7
 697 0056 0793     		str	r3, [sp, #28]
 303:Src/stm32f7xx_hal_msp.c **** 
 698              		.loc 1 303 5 is_stmt 1 view .LVU172
 699 0058 03A9     		add	r1, sp, #12
 700 005a 0348     		ldr	r0, .L46+4
 701              	.LVL36:
 303:Src/stm32f7xx_hal_msp.c **** 
 702              		.loc 1 303 5 is_stmt 0 view .LVU173
 703 005c FFF7FEFF 		bl	HAL_GPIO_Init
 704              	.LVL37:
 705              		.loc 1 310 1 view .LVU174
 706 0060 DAE7     		b	.L42
 707              	.L47:
 708 0062 00BF     		.align	2
 709              	.L46:
 710 0064 00480040 		.word	1073760256
 711 0068 000C0240 		.word	1073875968
 712              		.cfi_endproc
 713              	.LFE148:
 715              		.section	.text.HAL_UART_MspDeInit,"ax",%progbits
 716              		.align	1
 717              		.global	HAL_UART_MspDeInit
 718              		.syntax unified
 719              		.thumb
 720              		.thumb_func
 721              		.fpu fpv5-d16
 723              	HAL_UART_MspDeInit:
 724              	.LVL38:
 725              	.LFB149:
 311:Src/stm32f7xx_hal_msp.c **** 
 312:Src/stm32f7xx_hal_msp.c **** /**
 313:Src/stm32f7xx_hal_msp.c **** * @brief UART MSP De-Initialization
 314:Src/stm32f7xx_hal_msp.c **** * This function freeze the hardware resources used in this example
 315:Src/stm32f7xx_hal_msp.c **** * @param huart: UART handle pointer
 316:Src/stm32f7xx_hal_msp.c **** * @retval None
 317:Src/stm32f7xx_hal_msp.c **** */
 318:Src/stm32f7xx_hal_msp.c **** void HAL_UART_MspDeInit(UART_HandleTypeDef* huart)
 319:Src/stm32f7xx_hal_msp.c **** {
 726              		.loc 1 319 1 is_stmt 1 view -0
 727              		.cfi_startproc
 728              		@ args = 0, pretend = 0, frame = 0
 729              		@ frame_needed = 0, uses_anonymous_args = 0
 730              		.loc 1 319 1 is_stmt 0 view .LVU176
 731 0000 08B5     		push	{r3, lr}
 732              	.LCFI19:
 733              		.cfi_def_cfa_offset 8
 734              		.cfi_offset 3, -8
 735              		.cfi_offset 14, -4
 320:Src/stm32f7xx_hal_msp.c ****   if(huart->Instance==USART3)
ARM GAS  /tmp/ccWmFRNQ.s 			page 21


 736              		.loc 1 320 3 is_stmt 1 view .LVU177
 737              		.loc 1 320 11 is_stmt 0 view .LVU178
 738 0002 0268     		ldr	r2, [r0]
 739              		.loc 1 320 5 view .LVU179
 740 0004 084B     		ldr	r3, .L52
 741 0006 9A42     		cmp	r2, r3
 742 0008 00D0     		beq	.L51
 743              	.LVL39:
 744              	.L48:
 321:Src/stm32f7xx_hal_msp.c ****   {
 322:Src/stm32f7xx_hal_msp.c ****   /* USER CODE BEGIN USART3_MspDeInit 0 */
 323:Src/stm32f7xx_hal_msp.c **** 
 324:Src/stm32f7xx_hal_msp.c ****   /* USER CODE END USART3_MspDeInit 0 */
 325:Src/stm32f7xx_hal_msp.c ****     /* Peripheral clock disable */
 326:Src/stm32f7xx_hal_msp.c ****     __HAL_RCC_USART3_CLK_DISABLE();
 327:Src/stm32f7xx_hal_msp.c ****   
 328:Src/stm32f7xx_hal_msp.c ****     /**USART3 GPIO Configuration    
 329:Src/stm32f7xx_hal_msp.c ****     PD8     ------> USART3_TX
 330:Src/stm32f7xx_hal_msp.c ****     PD9     ------> USART3_RX 
 331:Src/stm32f7xx_hal_msp.c ****     */
 332:Src/stm32f7xx_hal_msp.c ****     HAL_GPIO_DeInit(GPIOD, GPIO_PIN_8|GPIO_PIN_9);
 333:Src/stm32f7xx_hal_msp.c **** 
 334:Src/stm32f7xx_hal_msp.c ****     /* USART3 interrupt DeInit */
 335:Src/stm32f7xx_hal_msp.c ****     HAL_NVIC_DisableIRQ(USART3_IRQn);
 336:Src/stm32f7xx_hal_msp.c ****   /* USER CODE BEGIN USART3_MspDeInit 1 */
 337:Src/stm32f7xx_hal_msp.c **** 
 338:Src/stm32f7xx_hal_msp.c ****   /* USER CODE END USART3_MspDeInit 1 */
 339:Src/stm32f7xx_hal_msp.c ****   }
 340:Src/stm32f7xx_hal_msp.c **** 
 341:Src/stm32f7xx_hal_msp.c **** }
 745              		.loc 1 341 1 view .LVU180
 746 000a 08BD     		pop	{r3, pc}
 747              	.LVL40:
 748              	.L51:
 326:Src/stm32f7xx_hal_msp.c ****   
 749              		.loc 1 326 5 is_stmt 1 view .LVU181
 750 000c 074A     		ldr	r2, .L52+4
 751 000e 136C     		ldr	r3, [r2, #64]
 752 0010 23F48023 		bic	r3, r3, #262144
 753 0014 1364     		str	r3, [r2, #64]
 332:Src/stm32f7xx_hal_msp.c **** 
 754              		.loc 1 332 5 view .LVU182
 755 0016 4FF44071 		mov	r1, #768
 756 001a 0548     		ldr	r0, .L52+8
 757              	.LVL41:
 332:Src/stm32f7xx_hal_msp.c **** 
 758              		.loc 1 332 5 is_stmt 0 view .LVU183
 759 001c FFF7FEFF 		bl	HAL_GPIO_DeInit
 760              	.LVL42:
 335:Src/stm32f7xx_hal_msp.c ****   /* USER CODE BEGIN USART3_MspDeInit 1 */
 761              		.loc 1 335 5 is_stmt 1 view .LVU184
 762 0020 2720     		movs	r0, #39
 763 0022 FFF7FEFF 		bl	HAL_NVIC_DisableIRQ
 764              	.LVL43:
 765              		.loc 1 341 1 is_stmt 0 view .LVU185
 766 0026 F0E7     		b	.L48
 767              	.L53:
ARM GAS  /tmp/ccWmFRNQ.s 			page 22


 768              		.align	2
 769              	.L52:
 770 0028 00480040 		.word	1073760256
 771 002c 00380240 		.word	1073887232
 772 0030 000C0240 		.word	1073875968
 773              		.cfi_endproc
 774              	.LFE149:
 776              		.text
 777              	.Letext0:
 778              		.file 2 "/usr/arm-none-eabi/include/machine/_default_types.h"
 779              		.file 3 "/usr/arm-none-eabi/include/sys/_stdint.h"
 780              		.file 4 "Drivers/CMSIS/Include/core_cm7.h"
 781              		.file 5 "Drivers/CMSIS/Device/ST/STM32F7xx/Include/system_stm32f7xx.h"
 782              		.file 6 "Drivers/CMSIS/Device/ST/STM32F7xx/Include/stm32f767xx.h"
 783              		.file 7 "Drivers/CMSIS/Device/ST/STM32F7xx/Include/stm32f7xx.h"
 784              		.file 8 "Drivers/STM32F7xx_HAL_Driver/Inc/stm32f7xx_hal_def.h"
 785              		.file 9 "Drivers/STM32F7xx_HAL_Driver/Inc/stm32f7xx_hal_gpio.h"
 786              		.file 10 "Drivers/STM32F7xx_HAL_Driver/Inc/stm32f7xx_hal_dma.h"
 787              		.file 11 "Drivers/STM32F7xx_HAL_Driver/Inc/stm32f7xx_hal_can.h"
 788              		.file 12 "Drivers/STM32F7xx_HAL_Driver/Inc/stm32f7xx_ll_sdmmc.h"
 789              		.file 13 "Drivers/STM32F7xx_HAL_Driver/Inc/stm32f7xx_hal_sd.h"
 790              		.file 14 "Drivers/STM32F7xx_HAL_Driver/Inc/stm32f7xx_hal_tim.h"
 791              		.file 15 "Drivers/STM32F7xx_HAL_Driver/Inc/stm32f7xx_hal_uart.h"
 792              		.file 16 "Drivers/STM32F7xx_HAL_Driver/Inc/stm32f7xx_hal.h"
 793              		.file 17 "Drivers/STM32F7xx_HAL_Driver/Inc/stm32f7xx_hal_cortex.h"
ARM GAS  /tmp/ccWmFRNQ.s 			page 23


DEFINED SYMBOLS
                            *ABS*:0000000000000000 stm32f7xx_hal_msp.c
     /tmp/ccWmFRNQ.s:17     .text.HAL_MspInit:0000000000000000 $t
     /tmp/ccWmFRNQ.s:25     .text.HAL_MspInit:0000000000000000 HAL_MspInit
     /tmp/ccWmFRNQ.s:76     .text.HAL_MspInit:000000000000002c $d
     /tmp/ccWmFRNQ.s:81     .text.HAL_CAN_MspInit:0000000000000000 $t
     /tmp/ccWmFRNQ.s:88     .text.HAL_CAN_MspInit:0000000000000000 HAL_CAN_MspInit
     /tmp/ccWmFRNQ.s:191    .text.HAL_CAN_MspInit:0000000000000064 $d
     /tmp/ccWmFRNQ.s:197    .text.HAL_CAN_MspDeInit:0000000000000000 $t
     /tmp/ccWmFRNQ.s:204    .text.HAL_CAN_MspDeInit:0000000000000000 HAL_CAN_MspDeInit
     /tmp/ccWmFRNQ.s:263    .text.HAL_CAN_MspDeInit:000000000000003c $d
     /tmp/ccWmFRNQ.s:270    .text.HAL_SD_MspInit:0000000000000000 $t
     /tmp/ccWmFRNQ.s:277    .text.HAL_SD_MspInit:0000000000000000 HAL_SD_MspInit
     /tmp/ccWmFRNQ.s:420    .text.HAL_SD_MspInit:000000000000008c $d
     /tmp/ccWmFRNQ.s:427    .text.HAL_SD_MspDeInit:0000000000000000 $t
     /tmp/ccWmFRNQ.s:434    .text.HAL_SD_MspDeInit:0000000000000000 HAL_SD_MspDeInit
     /tmp/ccWmFRNQ.s:486    .text.HAL_SD_MspDeInit:0000000000000030 $d
     /tmp/ccWmFRNQ.s:494    .text.HAL_TIM_Base_MspInit:0000000000000000 $t
     /tmp/ccWmFRNQ.s:501    .text.HAL_TIM_Base_MspInit:0000000000000000 HAL_TIM_Base_MspInit
     /tmp/ccWmFRNQ.s:547    .text.HAL_TIM_Base_MspDeInit:0000000000000000 $t
     /tmp/ccWmFRNQ.s:554    .text.HAL_TIM_Base_MspDeInit:0000000000000000 HAL_TIM_Base_MspDeInit
     /tmp/ccWmFRNQ.s:595    .text.HAL_TIM_Base_MspDeInit:0000000000000020 $d
     /tmp/ccWmFRNQ.s:600    .text.HAL_UART_MspInit:0000000000000000 $t
     /tmp/ccWmFRNQ.s:607    .text.HAL_UART_MspInit:0000000000000000 HAL_UART_MspInit
     /tmp/ccWmFRNQ.s:710    .text.HAL_UART_MspInit:0000000000000064 $d
     /tmp/ccWmFRNQ.s:716    .text.HAL_UART_MspDeInit:0000000000000000 $t
     /tmp/ccWmFRNQ.s:723    .text.HAL_UART_MspDeInit:0000000000000000 HAL_UART_MspDeInit
     /tmp/ccWmFRNQ.s:770    .text.HAL_UART_MspDeInit:0000000000000028 $d

UNDEFINED SYMBOLS
HAL_GPIO_Init
HAL_GPIO_DeInit
HAL_NVIC_DisableIRQ
