ARM GAS  /tmp/ccprR347.s 			page 1


   1              		.cpu cortex-m7
   2              		.eabi_attribute 28, 1
   3              		.eabi_attribute 20, 1
   4              		.eabi_attribute 21, 1
   5              		.eabi_attribute 23, 3
   6              		.eabi_attribute 24, 1
   7              		.eabi_attribute 25, 1
   8              		.eabi_attribute 26, 1
   9              		.eabi_attribute 30, 1
  10              		.eabi_attribute 34, 1
  11              		.eabi_attribute 18, 4
  12              		.file	"stm32f7xx_it.c"
  13              		.text
  14              	.Ltext0:
  15              		.cfi_sections	.debug_frame
  16              		.section	.text.NMI_Handler,"ax",%progbits
  17              		.align	1
  18              		.global	NMI_Handler
  19              		.arch armv7e-m
  20              		.syntax unified
  21              		.thumb
  22              		.thumb_func
  23              		.fpu fpv5-d16
  25              	NMI_Handler:
  26              	.LFB141:
  27              		.file 1 "Src/stm32f7xx_it.c"
   1:Src/stm32f7xx_it.c **** /* USER CODE BEGIN Header */
   2:Src/stm32f7xx_it.c **** /**
   3:Src/stm32f7xx_it.c ****   ******************************************************************************
   4:Src/stm32f7xx_it.c ****   * @file    stm32f7xx_it.c
   5:Src/stm32f7xx_it.c ****   * @brief   Interrupt Service Routines.
   6:Src/stm32f7xx_it.c ****   ******************************************************************************
   7:Src/stm32f7xx_it.c ****   * @attention
   8:Src/stm32f7xx_it.c ****   *
   9:Src/stm32f7xx_it.c ****   * <h2><center>&copy; Copyright (c) 2019 STMicroelectronics.
  10:Src/stm32f7xx_it.c ****   * All rights reserved.</center></h2>
  11:Src/stm32f7xx_it.c ****   *
  12:Src/stm32f7xx_it.c ****   * This software component is licensed by ST under Ultimate Liberty license
  13:Src/stm32f7xx_it.c ****   * SLA0044, the "License"; You may not use this file except in compliance with
  14:Src/stm32f7xx_it.c ****   * the License. You may obtain a copy of the License at:
  15:Src/stm32f7xx_it.c ****   *                             www.st.com/SLA0044
  16:Src/stm32f7xx_it.c ****   *
  17:Src/stm32f7xx_it.c ****   ******************************************************************************
  18:Src/stm32f7xx_it.c ****   */
  19:Src/stm32f7xx_it.c **** /* USER CODE END Header */
  20:Src/stm32f7xx_it.c **** 
  21:Src/stm32f7xx_it.c **** /* Includes ------------------------------------------------------------------*/
  22:Src/stm32f7xx_it.c **** #include "main.h"
  23:Src/stm32f7xx_it.c **** #include "stm32f7xx_it.h"
  24:Src/stm32f7xx_it.c **** /* Private includes ----------------------------------------------------------*/
  25:Src/stm32f7xx_it.c **** /* USER CODE BEGIN Includes */
  26:Src/stm32f7xx_it.c **** /* USER CODE END Includes */
  27:Src/stm32f7xx_it.c ****   
  28:Src/stm32f7xx_it.c **** /* Private typedef -----------------------------------------------------------*/
  29:Src/stm32f7xx_it.c **** /* USER CODE BEGIN TD */
  30:Src/stm32f7xx_it.c **** 
  31:Src/stm32f7xx_it.c **** /* USER CODE END TD */
ARM GAS  /tmp/ccprR347.s 			page 2


  32:Src/stm32f7xx_it.c **** 
  33:Src/stm32f7xx_it.c **** /* Private define ------------------------------------------------------------*/
  34:Src/stm32f7xx_it.c **** /* USER CODE BEGIN PD */
  35:Src/stm32f7xx_it.c ****  
  36:Src/stm32f7xx_it.c **** /* USER CODE END PD */
  37:Src/stm32f7xx_it.c **** 
  38:Src/stm32f7xx_it.c **** /* Private macro -------------------------------------------------------------*/
  39:Src/stm32f7xx_it.c **** /* USER CODE BEGIN PM */
  40:Src/stm32f7xx_it.c **** 
  41:Src/stm32f7xx_it.c **** /* USER CODE END PM */
  42:Src/stm32f7xx_it.c **** 
  43:Src/stm32f7xx_it.c **** /* Private variables ---------------------------------------------------------*/
  44:Src/stm32f7xx_it.c **** /* USER CODE BEGIN PV */
  45:Src/stm32f7xx_it.c **** 
  46:Src/stm32f7xx_it.c **** /* USER CODE END PV */
  47:Src/stm32f7xx_it.c **** 
  48:Src/stm32f7xx_it.c **** /* Private function prototypes -----------------------------------------------*/
  49:Src/stm32f7xx_it.c **** /* USER CODE BEGIN PFP */
  50:Src/stm32f7xx_it.c **** 
  51:Src/stm32f7xx_it.c **** /* USER CODE END PFP */
  52:Src/stm32f7xx_it.c **** 
  53:Src/stm32f7xx_it.c **** /* Private user code ---------------------------------------------------------*/
  54:Src/stm32f7xx_it.c **** /* USER CODE BEGIN 0 */
  55:Src/stm32f7xx_it.c **** 
  56:Src/stm32f7xx_it.c **** /* USER CODE END 0 */
  57:Src/stm32f7xx_it.c **** 
  58:Src/stm32f7xx_it.c **** /* External variables --------------------------------------------------------*/
  59:Src/stm32f7xx_it.c **** extern CAN_HandleTypeDef hcan1;
  60:Src/stm32f7xx_it.c **** extern SD_HandleTypeDef hsd1;
  61:Src/stm32f7xx_it.c **** extern TIM_HandleTypeDef htim2;
  62:Src/stm32f7xx_it.c **** extern UART_HandleTypeDef huart3;
  63:Src/stm32f7xx_it.c **** /* USER CODE BEGIN EV */
  64:Src/stm32f7xx_it.c **** 
  65:Src/stm32f7xx_it.c **** /* USER CODE END EV */
  66:Src/stm32f7xx_it.c **** 
  67:Src/stm32f7xx_it.c **** /******************************************************************************/
  68:Src/stm32f7xx_it.c **** /*           Cortex-M7 Processor Interruption and Exception Handlers          */ 
  69:Src/stm32f7xx_it.c **** /******************************************************************************/
  70:Src/stm32f7xx_it.c **** /**
  71:Src/stm32f7xx_it.c ****   * @brief This function handles Non maskable interrupt.
  72:Src/stm32f7xx_it.c ****   */
  73:Src/stm32f7xx_it.c **** void NMI_Handler(void)
  74:Src/stm32f7xx_it.c **** {
  28              		.loc 1 74 1 view -0
  29              		.cfi_startproc
  30              		@ args = 0, pretend = 0, frame = 0
  31              		@ frame_needed = 0, uses_anonymous_args = 0
  32              		@ link register save eliminated.
  75:Src/stm32f7xx_it.c ****   /* USER CODE BEGIN NonMaskableInt_IRQn 0 */
  76:Src/stm32f7xx_it.c **** 
  77:Src/stm32f7xx_it.c ****   /* USER CODE END NonMaskableInt_IRQn 0 */
  78:Src/stm32f7xx_it.c ****   /* USER CODE BEGIN NonMaskableInt_IRQn 1 */
  79:Src/stm32f7xx_it.c **** 
  80:Src/stm32f7xx_it.c ****   /* USER CODE END NonMaskableInt_IRQn 1 */
  81:Src/stm32f7xx_it.c **** }
  33              		.loc 1 81 1 view .LVU1
  34 0000 7047     		bx	lr
ARM GAS  /tmp/ccprR347.s 			page 3


  35              		.cfi_endproc
  36              	.LFE141:
  38              		.section	.text.HardFault_Handler,"ax",%progbits
  39              		.align	1
  40              		.global	HardFault_Handler
  41              		.syntax unified
  42              		.thumb
  43              		.thumb_func
  44              		.fpu fpv5-d16
  46              	HardFault_Handler:
  47              	.LFB142:
  82:Src/stm32f7xx_it.c **** 
  83:Src/stm32f7xx_it.c **** /**
  84:Src/stm32f7xx_it.c ****   * @brief This function handles Hard fault interrupt.
  85:Src/stm32f7xx_it.c ****   */
  86:Src/stm32f7xx_it.c **** void HardFault_Handler(void)
  87:Src/stm32f7xx_it.c **** {
  48              		.loc 1 87 1 view -0
  49              		.cfi_startproc
  50              		@ Volatile: function does not return.
  51              		@ args = 0, pretend = 0, frame = 0
  52              		@ frame_needed = 0, uses_anonymous_args = 0
  53              		@ link register save eliminated.
  54              	.L3:
  88:Src/stm32f7xx_it.c ****   /* USER CODE BEGIN HardFault_IRQn 0 */
  89:Src/stm32f7xx_it.c **** 
  90:Src/stm32f7xx_it.c ****   /* USER CODE END HardFault_IRQn 0 */
  91:Src/stm32f7xx_it.c ****   while (1)
  55              		.loc 1 91 3 discriminator 1 view .LVU3
  92:Src/stm32f7xx_it.c ****   {
  93:Src/stm32f7xx_it.c ****     /* USER CODE BEGIN W1_HardFault_IRQn 0 */
  94:Src/stm32f7xx_it.c ****     /* USER CODE END W1_HardFault_IRQn 0 */
  95:Src/stm32f7xx_it.c ****   }
  56              		.loc 1 95 3 discriminator 1 view .LVU4
  91:Src/stm32f7xx_it.c ****   {
  57              		.loc 1 91 9 discriminator 1 view .LVU5
  58 0000 FEE7     		b	.L3
  59              		.cfi_endproc
  60              	.LFE142:
  62              		.section	.text.MemManage_Handler,"ax",%progbits
  63              		.align	1
  64              		.global	MemManage_Handler
  65              		.syntax unified
  66              		.thumb
  67              		.thumb_func
  68              		.fpu fpv5-d16
  70              	MemManage_Handler:
  71              	.LFB143:
  96:Src/stm32f7xx_it.c **** }
  97:Src/stm32f7xx_it.c **** 
  98:Src/stm32f7xx_it.c **** /**
  99:Src/stm32f7xx_it.c ****   * @brief This function handles Memory management fault.
 100:Src/stm32f7xx_it.c ****   */
 101:Src/stm32f7xx_it.c **** void MemManage_Handler(void)
 102:Src/stm32f7xx_it.c **** {
  72              		.loc 1 102 1 view -0
  73              		.cfi_startproc
ARM GAS  /tmp/ccprR347.s 			page 4


  74              		@ Volatile: function does not return.
  75              		@ args = 0, pretend = 0, frame = 0
  76              		@ frame_needed = 0, uses_anonymous_args = 0
  77              		@ link register save eliminated.
  78              	.L5:
 103:Src/stm32f7xx_it.c ****   /* USER CODE BEGIN MemoryManagement_IRQn 0 */
 104:Src/stm32f7xx_it.c **** 
 105:Src/stm32f7xx_it.c ****   /* USER CODE END MemoryManagement_IRQn 0 */
 106:Src/stm32f7xx_it.c ****   while (1)
  79              		.loc 1 106 3 discriminator 1 view .LVU7
 107:Src/stm32f7xx_it.c ****   {
 108:Src/stm32f7xx_it.c ****     /* USER CODE BEGIN W1_MemoryManagement_IRQn 0 */
 109:Src/stm32f7xx_it.c ****     /* USER CODE END W1_MemoryManagement_IRQn 0 */
 110:Src/stm32f7xx_it.c ****   }
  80              		.loc 1 110 3 discriminator 1 view .LVU8
 106:Src/stm32f7xx_it.c ****   {
  81              		.loc 1 106 9 discriminator 1 view .LVU9
  82 0000 FEE7     		b	.L5
  83              		.cfi_endproc
  84              	.LFE143:
  86              		.section	.text.BusFault_Handler,"ax",%progbits
  87              		.align	1
  88              		.global	BusFault_Handler
  89              		.syntax unified
  90              		.thumb
  91              		.thumb_func
  92              		.fpu fpv5-d16
  94              	BusFault_Handler:
  95              	.LFB144:
 111:Src/stm32f7xx_it.c **** }
 112:Src/stm32f7xx_it.c **** 
 113:Src/stm32f7xx_it.c **** /**
 114:Src/stm32f7xx_it.c ****   * @brief This function handles Pre-fetch fault, memory access fault.
 115:Src/stm32f7xx_it.c ****   */
 116:Src/stm32f7xx_it.c **** void BusFault_Handler(void)
 117:Src/stm32f7xx_it.c **** {
  96              		.loc 1 117 1 view -0
  97              		.cfi_startproc
  98              		@ Volatile: function does not return.
  99              		@ args = 0, pretend = 0, frame = 0
 100              		@ frame_needed = 0, uses_anonymous_args = 0
 101              		@ link register save eliminated.
 102              	.L7:
 118:Src/stm32f7xx_it.c ****   /* USER CODE BEGIN BusFault_IRQn 0 */
 119:Src/stm32f7xx_it.c **** 
 120:Src/stm32f7xx_it.c ****   /* USER CODE END BusFault_IRQn 0 */
 121:Src/stm32f7xx_it.c ****   while (1)
 103              		.loc 1 121 3 discriminator 1 view .LVU11
 122:Src/stm32f7xx_it.c ****   {
 123:Src/stm32f7xx_it.c ****     /* USER CODE BEGIN W1_BusFault_IRQn 0 */
 124:Src/stm32f7xx_it.c ****     /* USER CODE END W1_BusFault_IRQn 0 */
 125:Src/stm32f7xx_it.c ****   }
 104              		.loc 1 125 3 discriminator 1 view .LVU12
 121:Src/stm32f7xx_it.c ****   {
 105              		.loc 1 121 9 discriminator 1 view .LVU13
 106 0000 FEE7     		b	.L7
 107              		.cfi_endproc
ARM GAS  /tmp/ccprR347.s 			page 5


 108              	.LFE144:
 110              		.section	.text.UsageFault_Handler,"ax",%progbits
 111              		.align	1
 112              		.global	UsageFault_Handler
 113              		.syntax unified
 114              		.thumb
 115              		.thumb_func
 116              		.fpu fpv5-d16
 118              	UsageFault_Handler:
 119              	.LFB145:
 126:Src/stm32f7xx_it.c **** }
 127:Src/stm32f7xx_it.c **** 
 128:Src/stm32f7xx_it.c **** /**
 129:Src/stm32f7xx_it.c ****   * @brief This function handles Undefined instruction or illegal state.
 130:Src/stm32f7xx_it.c ****   */
 131:Src/stm32f7xx_it.c **** void UsageFault_Handler(void)
 132:Src/stm32f7xx_it.c **** {
 120              		.loc 1 132 1 view -0
 121              		.cfi_startproc
 122              		@ Volatile: function does not return.
 123              		@ args = 0, pretend = 0, frame = 0
 124              		@ frame_needed = 0, uses_anonymous_args = 0
 125              		@ link register save eliminated.
 126              	.L9:
 133:Src/stm32f7xx_it.c ****   /* USER CODE BEGIN UsageFault_IRQn 0 */
 134:Src/stm32f7xx_it.c **** 
 135:Src/stm32f7xx_it.c ****   /* USER CODE END UsageFault_IRQn 0 */
 136:Src/stm32f7xx_it.c ****   while (1)
 127              		.loc 1 136 3 discriminator 1 view .LVU15
 137:Src/stm32f7xx_it.c ****   {
 138:Src/stm32f7xx_it.c ****     /* USER CODE BEGIN W1_UsageFault_IRQn 0 */
 139:Src/stm32f7xx_it.c ****     /* USER CODE END W1_UsageFault_IRQn 0 */
 140:Src/stm32f7xx_it.c ****   }
 128              		.loc 1 140 3 discriminator 1 view .LVU16
 136:Src/stm32f7xx_it.c ****   {
 129              		.loc 1 136 9 discriminator 1 view .LVU17
 130 0000 FEE7     		b	.L9
 131              		.cfi_endproc
 132              	.LFE145:
 134              		.section	.text.SVC_Handler,"ax",%progbits
 135              		.align	1
 136              		.global	SVC_Handler
 137              		.syntax unified
 138              		.thumb
 139              		.thumb_func
 140              		.fpu fpv5-d16
 142              	SVC_Handler:
 143              	.LFB146:
 141:Src/stm32f7xx_it.c **** }
 142:Src/stm32f7xx_it.c **** 
 143:Src/stm32f7xx_it.c **** /**
 144:Src/stm32f7xx_it.c ****   * @brief This function handles System service call via SWI instruction.
 145:Src/stm32f7xx_it.c ****   */
 146:Src/stm32f7xx_it.c **** void SVC_Handler(void)
 147:Src/stm32f7xx_it.c **** {
 144              		.loc 1 147 1 view -0
 145              		.cfi_startproc
ARM GAS  /tmp/ccprR347.s 			page 6


 146              		@ args = 0, pretend = 0, frame = 0
 147              		@ frame_needed = 0, uses_anonymous_args = 0
 148              		@ link register save eliminated.
 148:Src/stm32f7xx_it.c ****   /* USER CODE BEGIN SVCall_IRQn 0 */
 149:Src/stm32f7xx_it.c **** 
 150:Src/stm32f7xx_it.c ****   /* USER CODE END SVCall_IRQn 0 */
 151:Src/stm32f7xx_it.c ****   /* USER CODE BEGIN SVCall_IRQn 1 */
 152:Src/stm32f7xx_it.c **** 
 153:Src/stm32f7xx_it.c ****   /* USER CODE END SVCall_IRQn 1 */
 154:Src/stm32f7xx_it.c **** }
 149              		.loc 1 154 1 view .LVU19
 150 0000 7047     		bx	lr
 151              		.cfi_endproc
 152              	.LFE146:
 154              		.section	.text.DebugMon_Handler,"ax",%progbits
 155              		.align	1
 156              		.global	DebugMon_Handler
 157              		.syntax unified
 158              		.thumb
 159              		.thumb_func
 160              		.fpu fpv5-d16
 162              	DebugMon_Handler:
 163              	.LFB147:
 155:Src/stm32f7xx_it.c **** 
 156:Src/stm32f7xx_it.c **** /**
 157:Src/stm32f7xx_it.c ****   * @brief This function handles Debug monitor.
 158:Src/stm32f7xx_it.c ****   */
 159:Src/stm32f7xx_it.c **** void DebugMon_Handler(void)
 160:Src/stm32f7xx_it.c **** {
 164              		.loc 1 160 1 view -0
 165              		.cfi_startproc
 166              		@ args = 0, pretend = 0, frame = 0
 167              		@ frame_needed = 0, uses_anonymous_args = 0
 168              		@ link register save eliminated.
 161:Src/stm32f7xx_it.c ****   /* USER CODE BEGIN DebugMonitor_IRQn 0 */
 162:Src/stm32f7xx_it.c **** 
 163:Src/stm32f7xx_it.c ****   /* USER CODE END DebugMonitor_IRQn 0 */
 164:Src/stm32f7xx_it.c ****   /* USER CODE BEGIN DebugMonitor_IRQn 1 */
 165:Src/stm32f7xx_it.c **** 
 166:Src/stm32f7xx_it.c ****   /* USER CODE END DebugMonitor_IRQn 1 */
 167:Src/stm32f7xx_it.c **** }
 169              		.loc 1 167 1 view .LVU21
 170 0000 7047     		bx	lr
 171              		.cfi_endproc
 172              	.LFE147:
 174              		.section	.text.PendSV_Handler,"ax",%progbits
 175              		.align	1
 176              		.global	PendSV_Handler
 177              		.syntax unified
 178              		.thumb
 179              		.thumb_func
 180              		.fpu fpv5-d16
 182              	PendSV_Handler:
 183              	.LFB148:
 168:Src/stm32f7xx_it.c **** 
 169:Src/stm32f7xx_it.c **** /**
 170:Src/stm32f7xx_it.c ****   * @brief This function handles Pendable request for system service.
ARM GAS  /tmp/ccprR347.s 			page 7


 171:Src/stm32f7xx_it.c ****   */
 172:Src/stm32f7xx_it.c **** void PendSV_Handler(void)
 173:Src/stm32f7xx_it.c **** {
 184              		.loc 1 173 1 view -0
 185              		.cfi_startproc
 186              		@ args = 0, pretend = 0, frame = 0
 187              		@ frame_needed = 0, uses_anonymous_args = 0
 188              		@ link register save eliminated.
 174:Src/stm32f7xx_it.c ****   /* USER CODE BEGIN PendSV_IRQn 0 */
 175:Src/stm32f7xx_it.c **** 
 176:Src/stm32f7xx_it.c ****   /* USER CODE END PendSV_IRQn 0 */
 177:Src/stm32f7xx_it.c ****   /* USER CODE BEGIN PendSV_IRQn 1 */
 178:Src/stm32f7xx_it.c **** 
 179:Src/stm32f7xx_it.c ****   /* USER CODE END PendSV_IRQn 1 */
 180:Src/stm32f7xx_it.c **** }
 189              		.loc 1 180 1 view .LVU23
 190 0000 7047     		bx	lr
 191              		.cfi_endproc
 192              	.LFE148:
 194              		.section	.text.SysTick_Handler,"ax",%progbits
 195              		.align	1
 196              		.global	SysTick_Handler
 197              		.syntax unified
 198              		.thumb
 199              		.thumb_func
 200              		.fpu fpv5-d16
 202              	SysTick_Handler:
 203              	.LFB149:
 181:Src/stm32f7xx_it.c **** 
 182:Src/stm32f7xx_it.c **** /**
 183:Src/stm32f7xx_it.c ****   * @brief This function handles System tick timer.
 184:Src/stm32f7xx_it.c ****   */
 185:Src/stm32f7xx_it.c **** void SysTick_Handler(void)
 186:Src/stm32f7xx_it.c **** {
 204              		.loc 1 186 1 view -0
 205              		.cfi_startproc
 206              		@ args = 0, pretend = 0, frame = 0
 207              		@ frame_needed = 0, uses_anonymous_args = 0
 208 0000 08B5     		push	{r3, lr}
 209              	.LCFI0:
 210              		.cfi_def_cfa_offset 8
 211              		.cfi_offset 3, -8
 212              		.cfi_offset 14, -4
 187:Src/stm32f7xx_it.c ****   /* USER CODE BEGIN SysTick_IRQn 0 */
 188:Src/stm32f7xx_it.c **** 
 189:Src/stm32f7xx_it.c ****   /* USER CODE END SysTick_IRQn 0 */
 190:Src/stm32f7xx_it.c ****   HAL_IncTick();
 213              		.loc 1 190 3 view .LVU25
 214 0002 FFF7FEFF 		bl	HAL_IncTick
 215              	.LVL0:
 191:Src/stm32f7xx_it.c ****   /* USER CODE BEGIN SysTick_IRQn 1 */
 192:Src/stm32f7xx_it.c **** 
 193:Src/stm32f7xx_it.c ****   /* USER CODE END SysTick_IRQn 1 */
 194:Src/stm32f7xx_it.c **** }
 216              		.loc 1 194 1 is_stmt 0 view .LVU26
 217 0006 08BD     		pop	{r3, pc}
 218              		.cfi_endproc
ARM GAS  /tmp/ccprR347.s 			page 8


 219              	.LFE149:
 221              		.section	.text.CAN1_TX_IRQHandler,"ax",%progbits
 222              		.align	1
 223              		.global	CAN1_TX_IRQHandler
 224              		.syntax unified
 225              		.thumb
 226              		.thumb_func
 227              		.fpu fpv5-d16
 229              	CAN1_TX_IRQHandler:
 230              	.LFB150:
 195:Src/stm32f7xx_it.c **** 
 196:Src/stm32f7xx_it.c **** /******************************************************************************/
 197:Src/stm32f7xx_it.c **** /* STM32F7xx Peripheral Interrupt Handlers                                    */
 198:Src/stm32f7xx_it.c **** /* Add here the Interrupt Handlers for the used peripherals.                  */
 199:Src/stm32f7xx_it.c **** /* For the available peripheral interrupt handler names,                      */
 200:Src/stm32f7xx_it.c **** /* please refer to the startup file (startup_stm32f7xx.s).                    */
 201:Src/stm32f7xx_it.c **** /******************************************************************************/
 202:Src/stm32f7xx_it.c **** 
 203:Src/stm32f7xx_it.c **** /**
 204:Src/stm32f7xx_it.c ****   * @brief This function handles CAN1 TX interrupts.
 205:Src/stm32f7xx_it.c ****   */
 206:Src/stm32f7xx_it.c **** void CAN1_TX_IRQHandler(void)
 207:Src/stm32f7xx_it.c **** {
 231              		.loc 1 207 1 is_stmt 1 view -0
 232              		.cfi_startproc
 233              		@ args = 0, pretend = 0, frame = 0
 234              		@ frame_needed = 0, uses_anonymous_args = 0
 235 0000 08B5     		push	{r3, lr}
 236              	.LCFI1:
 237              		.cfi_def_cfa_offset 8
 238              		.cfi_offset 3, -8
 239              		.cfi_offset 14, -4
 208:Src/stm32f7xx_it.c ****   /* USER CODE BEGIN CAN1_TX_IRQn 0 */
 209:Src/stm32f7xx_it.c **** 
 210:Src/stm32f7xx_it.c ****   /* USER CODE END CAN1_TX_IRQn 0 */
 211:Src/stm32f7xx_it.c ****   HAL_CAN_IRQHandler(&hcan1);
 240              		.loc 1 211 3 view .LVU28
 241 0002 0248     		ldr	r0, .L17
 242 0004 FFF7FEFF 		bl	HAL_CAN_IRQHandler
 243              	.LVL1:
 212:Src/stm32f7xx_it.c ****   /* USER CODE BEGIN CAN1_TX_IRQn 1 */
 213:Src/stm32f7xx_it.c **** 
 214:Src/stm32f7xx_it.c ****   /* USER CODE END CAN1_TX_IRQn 1 */
 215:Src/stm32f7xx_it.c **** }
 244              		.loc 1 215 1 is_stmt 0 view .LVU29
 245 0008 08BD     		pop	{r3, pc}
 246              	.L18:
 247 000a 00BF     		.align	2
 248              	.L17:
 249 000c 00000000 		.word	hcan1
 250              		.cfi_endproc
 251              	.LFE150:
 253              		.section	.text.CAN1_RX0_IRQHandler,"ax",%progbits
 254              		.align	1
 255              		.global	CAN1_RX0_IRQHandler
 256              		.syntax unified
 257              		.thumb
ARM GAS  /tmp/ccprR347.s 			page 9


 258              		.thumb_func
 259              		.fpu fpv5-d16
 261              	CAN1_RX0_IRQHandler:
 262              	.LFB151:
 216:Src/stm32f7xx_it.c **** 
 217:Src/stm32f7xx_it.c **** /**
 218:Src/stm32f7xx_it.c ****   * @brief This function handles CAN1 RX0 interrupts.
 219:Src/stm32f7xx_it.c ****   */
 220:Src/stm32f7xx_it.c **** void CAN1_RX0_IRQHandler(void)
 221:Src/stm32f7xx_it.c **** {
 263              		.loc 1 221 1 is_stmt 1 view -0
 264              		.cfi_startproc
 265              		@ args = 0, pretend = 0, frame = 0
 266              		@ frame_needed = 0, uses_anonymous_args = 0
 267 0000 08B5     		push	{r3, lr}
 268              	.LCFI2:
 269              		.cfi_def_cfa_offset 8
 270              		.cfi_offset 3, -8
 271              		.cfi_offset 14, -4
 222:Src/stm32f7xx_it.c ****   /* USER CODE BEGIN CAN1_RX0_IRQn 0 */
 223:Src/stm32f7xx_it.c **** 
 224:Src/stm32f7xx_it.c ****   /* USER CODE END CAN1_RX0_IRQn 0 */
 225:Src/stm32f7xx_it.c ****   HAL_CAN_IRQHandler(&hcan1);
 272              		.loc 1 225 3 view .LVU31
 273 0002 0248     		ldr	r0, .L21
 274 0004 FFF7FEFF 		bl	HAL_CAN_IRQHandler
 275              	.LVL2:
 226:Src/stm32f7xx_it.c ****   /* USER CODE BEGIN CAN1_RX0_IRQn 1 */
 227:Src/stm32f7xx_it.c **** 
 228:Src/stm32f7xx_it.c ****   /* USER CODE END CAN1_RX0_IRQn 1 */
 229:Src/stm32f7xx_it.c **** }
 276              		.loc 1 229 1 is_stmt 0 view .LVU32
 277 0008 08BD     		pop	{r3, pc}
 278              	.L22:
 279 000a 00BF     		.align	2
 280              	.L21:
 281 000c 00000000 		.word	hcan1
 282              		.cfi_endproc
 283              	.LFE151:
 285              		.section	.text.CAN1_RX1_IRQHandler,"ax",%progbits
 286              		.align	1
 287              		.global	CAN1_RX1_IRQHandler
 288              		.syntax unified
 289              		.thumb
 290              		.thumb_func
 291              		.fpu fpv5-d16
 293              	CAN1_RX1_IRQHandler:
 294              	.LFB152:
 230:Src/stm32f7xx_it.c **** 
 231:Src/stm32f7xx_it.c **** /**
 232:Src/stm32f7xx_it.c ****   * @brief This function handles CAN1 RX1 interrupt.
 233:Src/stm32f7xx_it.c ****   */
 234:Src/stm32f7xx_it.c **** void CAN1_RX1_IRQHandler(void)
 235:Src/stm32f7xx_it.c **** {
 295              		.loc 1 235 1 is_stmt 1 view -0
 296              		.cfi_startproc
 297              		@ args = 0, pretend = 0, frame = 0
ARM GAS  /tmp/ccprR347.s 			page 10


 298              		@ frame_needed = 0, uses_anonymous_args = 0
 299 0000 08B5     		push	{r3, lr}
 300              	.LCFI3:
 301              		.cfi_def_cfa_offset 8
 302              		.cfi_offset 3, -8
 303              		.cfi_offset 14, -4
 236:Src/stm32f7xx_it.c ****   /* USER CODE BEGIN CAN1_RX1_IRQn 0 */
 237:Src/stm32f7xx_it.c **** 
 238:Src/stm32f7xx_it.c ****   /* USER CODE END CAN1_RX1_IRQn 0 */
 239:Src/stm32f7xx_it.c ****   HAL_CAN_IRQHandler(&hcan1);
 304              		.loc 1 239 3 view .LVU34
 305 0002 0248     		ldr	r0, .L25
 306 0004 FFF7FEFF 		bl	HAL_CAN_IRQHandler
 307              	.LVL3:
 240:Src/stm32f7xx_it.c ****   /* USER CODE BEGIN CAN1_RX1_IRQn 1 */
 241:Src/stm32f7xx_it.c **** 
 242:Src/stm32f7xx_it.c ****   /* USER CODE END CAN1_RX1_IRQn 1 */
 243:Src/stm32f7xx_it.c **** }
 308              		.loc 1 243 1 is_stmt 0 view .LVU35
 309 0008 08BD     		pop	{r3, pc}
 310              	.L26:
 311 000a 00BF     		.align	2
 312              	.L25:
 313 000c 00000000 		.word	hcan1
 314              		.cfi_endproc
 315              	.LFE152:
 317              		.section	.text.CAN1_SCE_IRQHandler,"ax",%progbits
 318              		.align	1
 319              		.global	CAN1_SCE_IRQHandler
 320              		.syntax unified
 321              		.thumb
 322              		.thumb_func
 323              		.fpu fpv5-d16
 325              	CAN1_SCE_IRQHandler:
 326              	.LFB153:
 244:Src/stm32f7xx_it.c **** 
 245:Src/stm32f7xx_it.c **** /**
 246:Src/stm32f7xx_it.c ****   * @brief This function handles CAN1 SCE interrupt.
 247:Src/stm32f7xx_it.c ****   */
 248:Src/stm32f7xx_it.c **** void CAN1_SCE_IRQHandler(void)
 249:Src/stm32f7xx_it.c **** {
 327              		.loc 1 249 1 is_stmt 1 view -0
 328              		.cfi_startproc
 329              		@ args = 0, pretend = 0, frame = 0
 330              		@ frame_needed = 0, uses_anonymous_args = 0
 331 0000 08B5     		push	{r3, lr}
 332              	.LCFI4:
 333              		.cfi_def_cfa_offset 8
 334              		.cfi_offset 3, -8
 335              		.cfi_offset 14, -4
 250:Src/stm32f7xx_it.c ****   /* USER CODE BEGIN CAN1_SCE_IRQn 0 */
 251:Src/stm32f7xx_it.c **** 
 252:Src/stm32f7xx_it.c ****   /* USER CODE END CAN1_SCE_IRQn 0 */
 253:Src/stm32f7xx_it.c ****   HAL_CAN_IRQHandler(&hcan1);
 336              		.loc 1 253 3 view .LVU37
 337 0002 0248     		ldr	r0, .L29
 338 0004 FFF7FEFF 		bl	HAL_CAN_IRQHandler
ARM GAS  /tmp/ccprR347.s 			page 11


 339              	.LVL4:
 254:Src/stm32f7xx_it.c ****   /* USER CODE BEGIN CAN1_SCE_IRQn 1 */
 255:Src/stm32f7xx_it.c **** 
 256:Src/stm32f7xx_it.c ****   /* USER CODE END CAN1_SCE_IRQn 1 */
 257:Src/stm32f7xx_it.c **** }
 340              		.loc 1 257 1 is_stmt 0 view .LVU38
 341 0008 08BD     		pop	{r3, pc}
 342              	.L30:
 343 000a 00BF     		.align	2
 344              	.L29:
 345 000c 00000000 		.word	hcan1
 346              		.cfi_endproc
 347              	.LFE153:
 349              		.section	.text.TIM2_IRQHandler,"ax",%progbits
 350              		.align	1
 351              		.global	TIM2_IRQHandler
 352              		.syntax unified
 353              		.thumb
 354              		.thumb_func
 355              		.fpu fpv5-d16
 357              	TIM2_IRQHandler:
 358              	.LFB154:
 258:Src/stm32f7xx_it.c **** 
 259:Src/stm32f7xx_it.c **** /**
 260:Src/stm32f7xx_it.c ****   * @brief This function handles TIM2 global interrupt.
 261:Src/stm32f7xx_it.c ****   */
 262:Src/stm32f7xx_it.c **** void TIM2_IRQHandler(void)
 263:Src/stm32f7xx_it.c **** {
 359              		.loc 1 263 1 is_stmt 1 view -0
 360              		.cfi_startproc
 361              		@ args = 0, pretend = 0, frame = 0
 362              		@ frame_needed = 0, uses_anonymous_args = 0
 363 0000 08B5     		push	{r3, lr}
 364              	.LCFI5:
 365              		.cfi_def_cfa_offset 8
 366              		.cfi_offset 3, -8
 367              		.cfi_offset 14, -4
 264:Src/stm32f7xx_it.c ****   /* USER CODE BEGIN TIM2_IRQn 0 */
 265:Src/stm32f7xx_it.c **** 
 266:Src/stm32f7xx_it.c ****   /* USER CODE END TIM2_IRQn 0 */
 267:Src/stm32f7xx_it.c ****   HAL_TIM_IRQHandler(&htim2);
 368              		.loc 1 267 3 view .LVU40
 369 0002 0248     		ldr	r0, .L33
 370 0004 FFF7FEFF 		bl	HAL_TIM_IRQHandler
 371              	.LVL5:
 268:Src/stm32f7xx_it.c ****   /* USER CODE BEGIN TIM2_IRQn 1 */
 269:Src/stm32f7xx_it.c **** 
 270:Src/stm32f7xx_it.c ****   /* USER CODE END TIM2_IRQn 1 */
 271:Src/stm32f7xx_it.c **** }
 372              		.loc 1 271 1 is_stmt 0 view .LVU41
 373 0008 08BD     		pop	{r3, pc}
 374              	.L34:
 375 000a 00BF     		.align	2
 376              	.L33:
 377 000c 00000000 		.word	htim2
 378              		.cfi_endproc
 379              	.LFE154:
ARM GAS  /tmp/ccprR347.s 			page 12


 381              		.section	.text.USART3_IRQHandler,"ax",%progbits
 382              		.align	1
 383              		.global	USART3_IRQHandler
 384              		.syntax unified
 385              		.thumb
 386              		.thumb_func
 387              		.fpu fpv5-d16
 389              	USART3_IRQHandler:
 390              	.LFB155:
 272:Src/stm32f7xx_it.c **** 
 273:Src/stm32f7xx_it.c **** /**
 274:Src/stm32f7xx_it.c ****   * @brief This function handles USART3 global interrupt.
 275:Src/stm32f7xx_it.c ****   */
 276:Src/stm32f7xx_it.c **** void USART3_IRQHandler(void)
 277:Src/stm32f7xx_it.c **** {
 391              		.loc 1 277 1 is_stmt 1 view -0
 392              		.cfi_startproc
 393              		@ args = 0, pretend = 0, frame = 0
 394              		@ frame_needed = 0, uses_anonymous_args = 0
 395 0000 08B5     		push	{r3, lr}
 396              	.LCFI6:
 397              		.cfi_def_cfa_offset 8
 398              		.cfi_offset 3, -8
 399              		.cfi_offset 14, -4
 278:Src/stm32f7xx_it.c ****   /* USER CODE BEGIN USART3_IRQn 0 */
 279:Src/stm32f7xx_it.c **** 
 280:Src/stm32f7xx_it.c ****   /* USER CODE END USART3_IRQn 0 */
 281:Src/stm32f7xx_it.c ****   HAL_UART_IRQHandler(&huart3);
 400              		.loc 1 281 3 view .LVU43
 401 0002 0248     		ldr	r0, .L37
 402 0004 FFF7FEFF 		bl	HAL_UART_IRQHandler
 403              	.LVL6:
 282:Src/stm32f7xx_it.c ****   /* USER CODE BEGIN USART3_IRQn 1 */
 283:Src/stm32f7xx_it.c **** 
 284:Src/stm32f7xx_it.c ****   /* USER CODE END USART3_IRQn 1 */
 285:Src/stm32f7xx_it.c **** }
 404              		.loc 1 285 1 is_stmt 0 view .LVU44
 405 0008 08BD     		pop	{r3, pc}
 406              	.L38:
 407 000a 00BF     		.align	2
 408              	.L37:
 409 000c 00000000 		.word	huart3
 410              		.cfi_endproc
 411              	.LFE155:
 413              		.section	.text.SDMMC1_IRQHandler,"ax",%progbits
 414              		.align	1
 415              		.global	SDMMC1_IRQHandler
 416              		.syntax unified
 417              		.thumb
 418              		.thumb_func
 419              		.fpu fpv5-d16
 421              	SDMMC1_IRQHandler:
 422              	.LFB156:
 286:Src/stm32f7xx_it.c **** 
 287:Src/stm32f7xx_it.c **** /**
 288:Src/stm32f7xx_it.c ****   * @brief This function handles SDMMC1 global interrupt.
 289:Src/stm32f7xx_it.c ****   */
ARM GAS  /tmp/ccprR347.s 			page 13


 290:Src/stm32f7xx_it.c **** void SDMMC1_IRQHandler(void)
 291:Src/stm32f7xx_it.c **** {
 423              		.loc 1 291 1 is_stmt 1 view -0
 424              		.cfi_startproc
 425              		@ args = 0, pretend = 0, frame = 0
 426              		@ frame_needed = 0, uses_anonymous_args = 0
 427 0000 08B5     		push	{r3, lr}
 428              	.LCFI7:
 429              		.cfi_def_cfa_offset 8
 430              		.cfi_offset 3, -8
 431              		.cfi_offset 14, -4
 292:Src/stm32f7xx_it.c ****   /* USER CODE BEGIN SDMMC1_IRQn 0 */
 293:Src/stm32f7xx_it.c **** 
 294:Src/stm32f7xx_it.c ****   /* USER CODE END SDMMC1_IRQn 0 */
 295:Src/stm32f7xx_it.c ****   HAL_SD_IRQHandler(&hsd1);
 432              		.loc 1 295 3 view .LVU46
 433 0002 0248     		ldr	r0, .L41
 434 0004 FFF7FEFF 		bl	HAL_SD_IRQHandler
 435              	.LVL7:
 296:Src/stm32f7xx_it.c ****   /* USER CODE BEGIN SDMMC1_IRQn 1 */
 297:Src/stm32f7xx_it.c **** 
 298:Src/stm32f7xx_it.c ****   /* USER CODE END SDMMC1_IRQn 1 */
 299:Src/stm32f7xx_it.c **** }
 436              		.loc 1 299 1 is_stmt 0 view .LVU47
 437 0008 08BD     		pop	{r3, pc}
 438              	.L42:
 439 000a 00BF     		.align	2
 440              	.L41:
 441 000c 00000000 		.word	hsd1
 442              		.cfi_endproc
 443              	.LFE156:
 445              		.text
 446              	.Letext0:
 447              		.file 2 "/usr/arm-none-eabi/include/machine/_default_types.h"
 448              		.file 3 "/usr/arm-none-eabi/include/sys/_stdint.h"
 449              		.file 4 "Drivers/CMSIS/Include/core_cm7.h"
 450              		.file 5 "Drivers/CMSIS/Device/ST/STM32F7xx/Include/system_stm32f7xx.h"
 451              		.file 6 "Drivers/CMSIS/Device/ST/STM32F7xx/Include/stm32f767xx.h"
 452              		.file 7 "Drivers/CMSIS/Device/ST/STM32F7xx/Include/stm32f7xx.h"
 453              		.file 8 "Drivers/STM32F7xx_HAL_Driver/Inc/stm32f7xx_hal_def.h"
 454              		.file 9 "Drivers/STM32F7xx_HAL_Driver/Inc/stm32f7xx_hal_dma.h"
 455              		.file 10 "Drivers/STM32F7xx_HAL_Driver/Inc/stm32f7xx_hal_can.h"
 456              		.file 11 "Drivers/STM32F7xx_HAL_Driver/Inc/stm32f7xx_ll_sdmmc.h"
 457              		.file 12 "Drivers/STM32F7xx_HAL_Driver/Inc/stm32f7xx_hal_sd.h"
 458              		.file 13 "Drivers/STM32F7xx_HAL_Driver/Inc/stm32f7xx_hal_tim.h"
 459              		.file 14 "Drivers/STM32F7xx_HAL_Driver/Inc/stm32f7xx_hal_uart.h"
 460              		.file 15 "Drivers/STM32F7xx_HAL_Driver/Inc/stm32f7xx_hal.h"
ARM GAS  /tmp/ccprR347.s 			page 14


DEFINED SYMBOLS
                            *ABS*:0000000000000000 stm32f7xx_it.c
     /tmp/ccprR347.s:17     .text.NMI_Handler:0000000000000000 $t
     /tmp/ccprR347.s:25     .text.NMI_Handler:0000000000000000 NMI_Handler
     /tmp/ccprR347.s:39     .text.HardFault_Handler:0000000000000000 $t
     /tmp/ccprR347.s:46     .text.HardFault_Handler:0000000000000000 HardFault_Handler
     /tmp/ccprR347.s:63     .text.MemManage_Handler:0000000000000000 $t
     /tmp/ccprR347.s:70     .text.MemManage_Handler:0000000000000000 MemManage_Handler
     /tmp/ccprR347.s:87     .text.BusFault_Handler:0000000000000000 $t
     /tmp/ccprR347.s:94     .text.BusFault_Handler:0000000000000000 BusFault_Handler
     /tmp/ccprR347.s:111    .text.UsageFault_Handler:0000000000000000 $t
     /tmp/ccprR347.s:118    .text.UsageFault_Handler:0000000000000000 UsageFault_Handler
     /tmp/ccprR347.s:135    .text.SVC_Handler:0000000000000000 $t
     /tmp/ccprR347.s:142    .text.SVC_Handler:0000000000000000 SVC_Handler
     /tmp/ccprR347.s:155    .text.DebugMon_Handler:0000000000000000 $t
     /tmp/ccprR347.s:162    .text.DebugMon_Handler:0000000000000000 DebugMon_Handler
     /tmp/ccprR347.s:175    .text.PendSV_Handler:0000000000000000 $t
     /tmp/ccprR347.s:182    .text.PendSV_Handler:0000000000000000 PendSV_Handler
     /tmp/ccprR347.s:195    .text.SysTick_Handler:0000000000000000 $t
     /tmp/ccprR347.s:202    .text.SysTick_Handler:0000000000000000 SysTick_Handler
     /tmp/ccprR347.s:222    .text.CAN1_TX_IRQHandler:0000000000000000 $t
     /tmp/ccprR347.s:229    .text.CAN1_TX_IRQHandler:0000000000000000 CAN1_TX_IRQHandler
     /tmp/ccprR347.s:249    .text.CAN1_TX_IRQHandler:000000000000000c $d
     /tmp/ccprR347.s:254    .text.CAN1_RX0_IRQHandler:0000000000000000 $t
     /tmp/ccprR347.s:261    .text.CAN1_RX0_IRQHandler:0000000000000000 CAN1_RX0_IRQHandler
     /tmp/ccprR347.s:281    .text.CAN1_RX0_IRQHandler:000000000000000c $d
     /tmp/ccprR347.s:286    .text.CAN1_RX1_IRQHandler:0000000000000000 $t
     /tmp/ccprR347.s:293    .text.CAN1_RX1_IRQHandler:0000000000000000 CAN1_RX1_IRQHandler
     /tmp/ccprR347.s:313    .text.CAN1_RX1_IRQHandler:000000000000000c $d
     /tmp/ccprR347.s:318    .text.CAN1_SCE_IRQHandler:0000000000000000 $t
     /tmp/ccprR347.s:325    .text.CAN1_SCE_IRQHandler:0000000000000000 CAN1_SCE_IRQHandler
     /tmp/ccprR347.s:345    .text.CAN1_SCE_IRQHandler:000000000000000c $d
     /tmp/ccprR347.s:350    .text.TIM2_IRQHandler:0000000000000000 $t
     /tmp/ccprR347.s:357    .text.TIM2_IRQHandler:0000000000000000 TIM2_IRQHandler
     /tmp/ccprR347.s:377    .text.TIM2_IRQHandler:000000000000000c $d
     /tmp/ccprR347.s:382    .text.USART3_IRQHandler:0000000000000000 $t
     /tmp/ccprR347.s:389    .text.USART3_IRQHandler:0000000000000000 USART3_IRQHandler
     /tmp/ccprR347.s:409    .text.USART3_IRQHandler:000000000000000c $d
     /tmp/ccprR347.s:414    .text.SDMMC1_IRQHandler:0000000000000000 $t
     /tmp/ccprR347.s:421    .text.SDMMC1_IRQHandler:0000000000000000 SDMMC1_IRQHandler
     /tmp/ccprR347.s:441    .text.SDMMC1_IRQHandler:000000000000000c $d

UNDEFINED SYMBOLS
HAL_IncTick
HAL_CAN_IRQHandler
hcan1
HAL_TIM_IRQHandler
htim2
HAL_UART_IRQHandler
huart3
HAL_SD_IRQHandler
hsd1
