ARM GAS  /tmp/ccNu8h1f.s 			page 1


   1              		.cpu cortex-m4
   2              		.eabi_attribute 27, 1
   3              		.eabi_attribute 28, 1
   4              		.eabi_attribute 20, 1
   5              		.eabi_attribute 21, 1
   6              		.eabi_attribute 23, 3
   7              		.eabi_attribute 24, 1
   8              		.eabi_attribute 25, 1
   9              		.eabi_attribute 26, 1
  10              		.eabi_attribute 30, 1
  11              		.eabi_attribute 34, 1
  12              		.eabi_attribute 18, 4
  13              		.file	"stm32f4xx_hal_msp.c"
  14              		.text
  15              	.Ltext0:
  16              		.cfi_sections	.debug_frame
  17              		.section	.text.HAL_MspInit,"ax",%progbits
  18              		.align	1
  19              		.global	HAL_MspInit
  20              		.arch armv7e-m
  21              		.syntax unified
  22              		.thumb
  23              		.thumb_func
  24              		.fpu fpv4-sp-d16
  26              	HAL_MspInit:
  27              	.LFB130:
  28              		.file 1 "Src/stm32f4xx_hal_msp.c"
   1:Src/stm32f4xx_hal_msp.c **** /* USER CODE BEGIN Header */
   2:Src/stm32f4xx_hal_msp.c **** /**
   3:Src/stm32f4xx_hal_msp.c ****   ******************************************************************************
   4:Src/stm32f4xx_hal_msp.c ****   * File Name          : stm32f4xx_hal_msp.c
   5:Src/stm32f4xx_hal_msp.c ****   * Description        : This file provides code for the MSP Initialization 
   6:Src/stm32f4xx_hal_msp.c ****   *                      and de-Initialization codes.
   7:Src/stm32f4xx_hal_msp.c ****   ******************************************************************************
   8:Src/stm32f4xx_hal_msp.c ****   * @attention
   9:Src/stm32f4xx_hal_msp.c ****   *
  10:Src/stm32f4xx_hal_msp.c ****   * <h2><center>&copy; Copyright (c) 2019 STMicroelectronics.
  11:Src/stm32f4xx_hal_msp.c ****   * All rights reserved.</center></h2>
  12:Src/stm32f4xx_hal_msp.c ****   *
  13:Src/stm32f4xx_hal_msp.c ****   * This software component is licensed by ST under BSD 3-Clause license,
  14:Src/stm32f4xx_hal_msp.c ****   * the "License"; You may not use this file except in compliance with the
  15:Src/stm32f4xx_hal_msp.c ****   * License. You may obtain a copy of the License at:
  16:Src/stm32f4xx_hal_msp.c ****   *                        opensource.org/licenses/BSD-3-Clause
  17:Src/stm32f4xx_hal_msp.c ****   *
  18:Src/stm32f4xx_hal_msp.c ****   ******************************************************************************
  19:Src/stm32f4xx_hal_msp.c ****   */
  20:Src/stm32f4xx_hal_msp.c **** /* USER CODE END Header */
  21:Src/stm32f4xx_hal_msp.c **** 
  22:Src/stm32f4xx_hal_msp.c **** /* Includes ------------------------------------------------------------------*/
  23:Src/stm32f4xx_hal_msp.c **** #include "main.h"
  24:Src/stm32f4xx_hal_msp.c **** /* USER CODE BEGIN Includes */
  25:Src/stm32f4xx_hal_msp.c **** 
  26:Src/stm32f4xx_hal_msp.c **** /* USER CODE END Includes */
  27:Src/stm32f4xx_hal_msp.c **** 
  28:Src/stm32f4xx_hal_msp.c **** /* Private typedef -----------------------------------------------------------*/
  29:Src/stm32f4xx_hal_msp.c **** /* USER CODE BEGIN TD */
  30:Src/stm32f4xx_hal_msp.c **** 
ARM GAS  /tmp/ccNu8h1f.s 			page 2


  31:Src/stm32f4xx_hal_msp.c **** /* USER CODE END TD */
  32:Src/stm32f4xx_hal_msp.c **** 
  33:Src/stm32f4xx_hal_msp.c **** /* Private define ------------------------------------------------------------*/
  34:Src/stm32f4xx_hal_msp.c **** /* USER CODE BEGIN Define */
  35:Src/stm32f4xx_hal_msp.c ****  
  36:Src/stm32f4xx_hal_msp.c **** /* USER CODE END Define */
  37:Src/stm32f4xx_hal_msp.c **** 
  38:Src/stm32f4xx_hal_msp.c **** /* Private macro -------------------------------------------------------------*/
  39:Src/stm32f4xx_hal_msp.c **** /* USER CODE BEGIN Macro */
  40:Src/stm32f4xx_hal_msp.c **** 
  41:Src/stm32f4xx_hal_msp.c **** /* USER CODE END Macro */
  42:Src/stm32f4xx_hal_msp.c **** 
  43:Src/stm32f4xx_hal_msp.c **** /* Private variables ---------------------------------------------------------*/
  44:Src/stm32f4xx_hal_msp.c **** /* USER CODE BEGIN PV */
  45:Src/stm32f4xx_hal_msp.c **** 
  46:Src/stm32f4xx_hal_msp.c **** /* USER CODE END PV */
  47:Src/stm32f4xx_hal_msp.c **** 
  48:Src/stm32f4xx_hal_msp.c **** /* Private function prototypes -----------------------------------------------*/
  49:Src/stm32f4xx_hal_msp.c **** /* USER CODE BEGIN PFP */
  50:Src/stm32f4xx_hal_msp.c **** 
  51:Src/stm32f4xx_hal_msp.c **** /* USER CODE END PFP */
  52:Src/stm32f4xx_hal_msp.c **** 
  53:Src/stm32f4xx_hal_msp.c **** /* External functions --------------------------------------------------------*/
  54:Src/stm32f4xx_hal_msp.c **** /* USER CODE BEGIN ExternalFunctions */
  55:Src/stm32f4xx_hal_msp.c **** 
  56:Src/stm32f4xx_hal_msp.c **** /* USER CODE END ExternalFunctions */
  57:Src/stm32f4xx_hal_msp.c **** 
  58:Src/stm32f4xx_hal_msp.c **** /* USER CODE BEGIN 0 */
  59:Src/stm32f4xx_hal_msp.c **** 
  60:Src/stm32f4xx_hal_msp.c **** /* USER CODE END 0 */
  61:Src/stm32f4xx_hal_msp.c **** /**
  62:Src/stm32f4xx_hal_msp.c ****   * Initializes the Global MSP.
  63:Src/stm32f4xx_hal_msp.c ****   */
  64:Src/stm32f4xx_hal_msp.c **** void HAL_MspInit(void)
  65:Src/stm32f4xx_hal_msp.c **** {
  29              		.loc 1 65 1 view -0
  30              		.cfi_startproc
  31              		@ args = 0, pretend = 0, frame = 8
  32              		@ frame_needed = 0, uses_anonymous_args = 0
  33              		@ link register save eliminated.
  34 0000 82B0     		sub	sp, sp, #8
  35              	.LCFI0:
  36              		.cfi_def_cfa_offset 8
  66:Src/stm32f4xx_hal_msp.c ****   /* USER CODE BEGIN MspInit 0 */
  67:Src/stm32f4xx_hal_msp.c **** 
  68:Src/stm32f4xx_hal_msp.c ****   /* USER CODE END MspInit 0 */
  69:Src/stm32f4xx_hal_msp.c **** 
  70:Src/stm32f4xx_hal_msp.c ****   __HAL_RCC_SYSCFG_CLK_ENABLE();
  37              		.loc 1 70 3 view .LVU1
  38              	.LBB2:
  39              		.loc 1 70 3 view .LVU2
  40 0002 0021     		movs	r1, #0
  41 0004 0091     		str	r1, [sp]
  42              		.loc 1 70 3 view .LVU3
  43 0006 0B4B     		ldr	r3, .L3
  44 0008 5A6C     		ldr	r2, [r3, #68]
  45 000a 42F48042 		orr	r2, r2, #16384
ARM GAS  /tmp/ccNu8h1f.s 			page 3


  46 000e 5A64     		str	r2, [r3, #68]
  47              		.loc 1 70 3 view .LVU4
  48 0010 5A6C     		ldr	r2, [r3, #68]
  49 0012 02F48042 		and	r2, r2, #16384
  50 0016 0092     		str	r2, [sp]
  51              		.loc 1 70 3 view .LVU5
  52 0018 009A     		ldr	r2, [sp]
  53              	.LBE2:
  54              		.loc 1 70 3 view .LVU6
  71:Src/stm32f4xx_hal_msp.c ****   __HAL_RCC_PWR_CLK_ENABLE();
  55              		.loc 1 71 3 view .LVU7
  56              	.LBB3:
  57              		.loc 1 71 3 view .LVU8
  58 001a 0191     		str	r1, [sp, #4]
  59              		.loc 1 71 3 view .LVU9
  60 001c 1A6C     		ldr	r2, [r3, #64]
  61 001e 42F08052 		orr	r2, r2, #268435456
  62 0022 1A64     		str	r2, [r3, #64]
  63              		.loc 1 71 3 view .LVU10
  64 0024 1B6C     		ldr	r3, [r3, #64]
  65 0026 03F08053 		and	r3, r3, #268435456
  66 002a 0193     		str	r3, [sp, #4]
  67              		.loc 1 71 3 view .LVU11
  68 002c 019B     		ldr	r3, [sp, #4]
  69              	.LBE3:
  70              		.loc 1 71 3 view .LVU12
  72:Src/stm32f4xx_hal_msp.c **** 
  73:Src/stm32f4xx_hal_msp.c ****   /* System interrupt init*/
  74:Src/stm32f4xx_hal_msp.c **** 
  75:Src/stm32f4xx_hal_msp.c ****   /* USER CODE BEGIN MspInit 1 */
  76:Src/stm32f4xx_hal_msp.c **** 
  77:Src/stm32f4xx_hal_msp.c ****   /* USER CODE END MspInit 1 */
  78:Src/stm32f4xx_hal_msp.c **** }
  71              		.loc 1 78 1 is_stmt 0 view .LVU13
  72 002e 02B0     		add	sp, sp, #8
  73              	.LCFI1:
  74              		.cfi_def_cfa_offset 0
  75              		@ sp needed
  76 0030 7047     		bx	lr
  77              	.L4:
  78 0032 00BF     		.align	2
  79              	.L3:
  80 0034 00380240 		.word	1073887232
  81              		.cfi_endproc
  82              	.LFE130:
  84              		.section	.text.HAL_CAN_MspInit,"ax",%progbits
  85              		.align	1
  86              		.global	HAL_CAN_MspInit
  87              		.syntax unified
  88              		.thumb
  89              		.thumb_func
  90              		.fpu fpv4-sp-d16
  92              	HAL_CAN_MspInit:
  93              	.LVL0:
  94              	.LFB131:
  79:Src/stm32f4xx_hal_msp.c **** 
  80:Src/stm32f4xx_hal_msp.c **** /**
ARM GAS  /tmp/ccNu8h1f.s 			page 4


  81:Src/stm32f4xx_hal_msp.c **** * @brief CAN MSP Initialization
  82:Src/stm32f4xx_hal_msp.c **** * This function configures the hardware resources used in this example
  83:Src/stm32f4xx_hal_msp.c **** * @param hcan: CAN handle pointer
  84:Src/stm32f4xx_hal_msp.c **** * @retval None
  85:Src/stm32f4xx_hal_msp.c **** */
  86:Src/stm32f4xx_hal_msp.c **** void HAL_CAN_MspInit(CAN_HandleTypeDef* hcan)
  87:Src/stm32f4xx_hal_msp.c **** {
  95              		.loc 1 87 1 is_stmt 1 view -0
  96              		.cfi_startproc
  97              		@ args = 0, pretend = 0, frame = 32
  98              		@ frame_needed = 0, uses_anonymous_args = 0
  99              		.loc 1 87 1 is_stmt 0 view .LVU15
 100 0000 00B5     		push	{lr}
 101              	.LCFI2:
 102              		.cfi_def_cfa_offset 4
 103              		.cfi_offset 14, -4
 104 0002 89B0     		sub	sp, sp, #36
 105              	.LCFI3:
 106              		.cfi_def_cfa_offset 40
  88:Src/stm32f4xx_hal_msp.c ****   GPIO_InitTypeDef GPIO_InitStruct = {0};
 107              		.loc 1 88 3 is_stmt 1 view .LVU16
 108              		.loc 1 88 20 is_stmt 0 view .LVU17
 109 0004 0023     		movs	r3, #0
 110 0006 0393     		str	r3, [sp, #12]
 111 0008 0493     		str	r3, [sp, #16]
 112 000a 0593     		str	r3, [sp, #20]
 113 000c 0693     		str	r3, [sp, #24]
 114 000e 0793     		str	r3, [sp, #28]
  89:Src/stm32f4xx_hal_msp.c ****   if(hcan->Instance==CAN1)
 115              		.loc 1 89 3 is_stmt 1 view .LVU18
 116              		.loc 1 89 10 is_stmt 0 view .LVU19
 117 0010 0268     		ldr	r2, [r0]
 118              		.loc 1 89 5 view .LVU20
 119 0012 154B     		ldr	r3, .L9
 120 0014 9A42     		cmp	r2, r3
 121 0016 02D0     		beq	.L8
 122              	.LVL1:
 123              	.L5:
  90:Src/stm32f4xx_hal_msp.c ****   {
  91:Src/stm32f4xx_hal_msp.c ****   /* USER CODE BEGIN CAN1_MspInit 0 */
  92:Src/stm32f4xx_hal_msp.c **** 
  93:Src/stm32f4xx_hal_msp.c ****   /* USER CODE END CAN1_MspInit 0 */
  94:Src/stm32f4xx_hal_msp.c ****     /* Peripheral clock enable */
  95:Src/stm32f4xx_hal_msp.c ****     __HAL_RCC_CAN1_CLK_ENABLE();
  96:Src/stm32f4xx_hal_msp.c ****   
  97:Src/stm32f4xx_hal_msp.c ****     __HAL_RCC_GPIOA_CLK_ENABLE();
  98:Src/stm32f4xx_hal_msp.c ****     /**CAN1 GPIO Configuration    
  99:Src/stm32f4xx_hal_msp.c ****     PA11     ------> CAN1_RX
 100:Src/stm32f4xx_hal_msp.c ****     PA12     ------> CAN1_TX 
 101:Src/stm32f4xx_hal_msp.c ****     */
 102:Src/stm32f4xx_hal_msp.c ****     GPIO_InitStruct.Pin = GPIO_PIN_11|GPIO_PIN_12;
 103:Src/stm32f4xx_hal_msp.c ****     GPIO_InitStruct.Mode = GPIO_MODE_AF_PP;
 104:Src/stm32f4xx_hal_msp.c ****     GPIO_InitStruct.Pull = GPIO_NOPULL;
 105:Src/stm32f4xx_hal_msp.c ****     GPIO_InitStruct.Speed = GPIO_SPEED_FREQ_VERY_HIGH;
 106:Src/stm32f4xx_hal_msp.c ****     GPIO_InitStruct.Alternate = GPIO_AF9_CAN1;
 107:Src/stm32f4xx_hal_msp.c ****     HAL_GPIO_Init(GPIOA, &GPIO_InitStruct);
 108:Src/stm32f4xx_hal_msp.c **** 
ARM GAS  /tmp/ccNu8h1f.s 			page 5


 109:Src/stm32f4xx_hal_msp.c ****   /* USER CODE BEGIN CAN1_MspInit 1 */
 110:Src/stm32f4xx_hal_msp.c **** 
 111:Src/stm32f4xx_hal_msp.c ****   /* USER CODE END CAN1_MspInit 1 */
 112:Src/stm32f4xx_hal_msp.c ****   }
 113:Src/stm32f4xx_hal_msp.c **** 
 114:Src/stm32f4xx_hal_msp.c **** }
 124              		.loc 1 114 1 view .LVU21
 125 0018 09B0     		add	sp, sp, #36
 126              	.LCFI4:
 127              		.cfi_remember_state
 128              		.cfi_def_cfa_offset 4
 129              		@ sp needed
 130 001a 5DF804FB 		ldr	pc, [sp], #4
 131              	.LVL2:
 132              	.L8:
 133              	.LCFI5:
 134              		.cfi_restore_state
  95:Src/stm32f4xx_hal_msp.c ****   
 135              		.loc 1 95 5 is_stmt 1 view .LVU22
 136              	.LBB4:
  95:Src/stm32f4xx_hal_msp.c ****   
 137              		.loc 1 95 5 view .LVU23
 138 001e 0021     		movs	r1, #0
 139 0020 0191     		str	r1, [sp, #4]
  95:Src/stm32f4xx_hal_msp.c ****   
 140              		.loc 1 95 5 view .LVU24
 141 0022 03F5EA33 		add	r3, r3, #119808
 142 0026 1A6C     		ldr	r2, [r3, #64]
 143 0028 42F00072 		orr	r2, r2, #33554432
 144 002c 1A64     		str	r2, [r3, #64]
  95:Src/stm32f4xx_hal_msp.c ****   
 145              		.loc 1 95 5 view .LVU25
 146 002e 1A6C     		ldr	r2, [r3, #64]
 147 0030 02F00072 		and	r2, r2, #33554432
 148 0034 0192     		str	r2, [sp, #4]
  95:Src/stm32f4xx_hal_msp.c ****   
 149              		.loc 1 95 5 view .LVU26
 150 0036 019A     		ldr	r2, [sp, #4]
 151              	.LBE4:
  95:Src/stm32f4xx_hal_msp.c ****   
 152              		.loc 1 95 5 view .LVU27
  97:Src/stm32f4xx_hal_msp.c ****     /**CAN1 GPIO Configuration    
 153              		.loc 1 97 5 view .LVU28
 154              	.LBB5:
  97:Src/stm32f4xx_hal_msp.c ****     /**CAN1 GPIO Configuration    
 155              		.loc 1 97 5 view .LVU29
 156 0038 0291     		str	r1, [sp, #8]
  97:Src/stm32f4xx_hal_msp.c ****     /**CAN1 GPIO Configuration    
 157              		.loc 1 97 5 view .LVU30
 158 003a 1A6B     		ldr	r2, [r3, #48]
 159 003c 42F00102 		orr	r2, r2, #1
 160 0040 1A63     		str	r2, [r3, #48]
  97:Src/stm32f4xx_hal_msp.c ****     /**CAN1 GPIO Configuration    
 161              		.loc 1 97 5 view .LVU31
 162 0042 1B6B     		ldr	r3, [r3, #48]
 163 0044 03F00103 		and	r3, r3, #1
 164 0048 0293     		str	r3, [sp, #8]
ARM GAS  /tmp/ccNu8h1f.s 			page 6


  97:Src/stm32f4xx_hal_msp.c ****     /**CAN1 GPIO Configuration    
 165              		.loc 1 97 5 view .LVU32
 166 004a 029B     		ldr	r3, [sp, #8]
 167              	.LBE5:
  97:Src/stm32f4xx_hal_msp.c ****     /**CAN1 GPIO Configuration    
 168              		.loc 1 97 5 view .LVU33
 102:Src/stm32f4xx_hal_msp.c ****     GPIO_InitStruct.Mode = GPIO_MODE_AF_PP;
 169              		.loc 1 102 5 view .LVU34
 102:Src/stm32f4xx_hal_msp.c ****     GPIO_InitStruct.Mode = GPIO_MODE_AF_PP;
 170              		.loc 1 102 25 is_stmt 0 view .LVU35
 171 004c 4FF4C053 		mov	r3, #6144
 172 0050 0393     		str	r3, [sp, #12]
 103:Src/stm32f4xx_hal_msp.c ****     GPIO_InitStruct.Pull = GPIO_NOPULL;
 173              		.loc 1 103 5 is_stmt 1 view .LVU36
 103:Src/stm32f4xx_hal_msp.c ****     GPIO_InitStruct.Pull = GPIO_NOPULL;
 174              		.loc 1 103 26 is_stmt 0 view .LVU37
 175 0052 0223     		movs	r3, #2
 176 0054 0493     		str	r3, [sp, #16]
 104:Src/stm32f4xx_hal_msp.c ****     GPIO_InitStruct.Speed = GPIO_SPEED_FREQ_VERY_HIGH;
 177              		.loc 1 104 5 is_stmt 1 view .LVU38
 105:Src/stm32f4xx_hal_msp.c ****     GPIO_InitStruct.Alternate = GPIO_AF9_CAN1;
 178              		.loc 1 105 5 view .LVU39
 105:Src/stm32f4xx_hal_msp.c ****     GPIO_InitStruct.Alternate = GPIO_AF9_CAN1;
 179              		.loc 1 105 27 is_stmt 0 view .LVU40
 180 0056 0323     		movs	r3, #3
 181 0058 0693     		str	r3, [sp, #24]
 106:Src/stm32f4xx_hal_msp.c ****     HAL_GPIO_Init(GPIOA, &GPIO_InitStruct);
 182              		.loc 1 106 5 is_stmt 1 view .LVU41
 106:Src/stm32f4xx_hal_msp.c ****     HAL_GPIO_Init(GPIOA, &GPIO_InitStruct);
 183              		.loc 1 106 31 is_stmt 0 view .LVU42
 184 005a 0923     		movs	r3, #9
 185 005c 0793     		str	r3, [sp, #28]
 107:Src/stm32f4xx_hal_msp.c **** 
 186              		.loc 1 107 5 is_stmt 1 view .LVU43
 187 005e 03A9     		add	r1, sp, #12
 188 0060 0248     		ldr	r0, .L9+4
 189              	.LVL3:
 107:Src/stm32f4xx_hal_msp.c **** 
 190              		.loc 1 107 5 is_stmt 0 view .LVU44
 191 0062 FFF7FEFF 		bl	HAL_GPIO_Init
 192              	.LVL4:
 193              		.loc 1 114 1 view .LVU45
 194 0066 D7E7     		b	.L5
 195              	.L10:
 196              		.align	2
 197              	.L9:
 198 0068 00640040 		.word	1073767424
 199 006c 00000240 		.word	1073872896
 200              		.cfi_endproc
 201              	.LFE131:
 203              		.section	.text.HAL_CAN_MspDeInit,"ax",%progbits
 204              		.align	1
 205              		.global	HAL_CAN_MspDeInit
 206              		.syntax unified
 207              		.thumb
 208              		.thumb_func
 209              		.fpu fpv4-sp-d16
ARM GAS  /tmp/ccNu8h1f.s 			page 7


 211              	HAL_CAN_MspDeInit:
 212              	.LVL5:
 213              	.LFB132:
 115:Src/stm32f4xx_hal_msp.c **** 
 116:Src/stm32f4xx_hal_msp.c **** /**
 117:Src/stm32f4xx_hal_msp.c **** * @brief CAN MSP De-Initialization
 118:Src/stm32f4xx_hal_msp.c **** * This function freeze the hardware resources used in this example
 119:Src/stm32f4xx_hal_msp.c **** * @param hcan: CAN handle pointer
 120:Src/stm32f4xx_hal_msp.c **** * @retval None
 121:Src/stm32f4xx_hal_msp.c **** */
 122:Src/stm32f4xx_hal_msp.c **** void HAL_CAN_MspDeInit(CAN_HandleTypeDef* hcan)
 123:Src/stm32f4xx_hal_msp.c **** {
 214              		.loc 1 123 1 is_stmt 1 view -0
 215              		.cfi_startproc
 216              		@ args = 0, pretend = 0, frame = 0
 217              		@ frame_needed = 0, uses_anonymous_args = 0
 218              		.loc 1 123 1 is_stmt 0 view .LVU47
 219 0000 08B5     		push	{r3, lr}
 220              	.LCFI6:
 221              		.cfi_def_cfa_offset 8
 222              		.cfi_offset 3, -8
 223              		.cfi_offset 14, -4
 124:Src/stm32f4xx_hal_msp.c ****   if(hcan->Instance==CAN1)
 224              		.loc 1 124 3 is_stmt 1 view .LVU48
 225              		.loc 1 124 10 is_stmt 0 view .LVU49
 226 0002 0268     		ldr	r2, [r0]
 227              		.loc 1 124 5 view .LVU50
 228 0004 0D4B     		ldr	r3, .L15
 229 0006 9A42     		cmp	r2, r3
 230 0008 00D0     		beq	.L14
 231              	.LVL6:
 232              	.L11:
 125:Src/stm32f4xx_hal_msp.c ****   {
 126:Src/stm32f4xx_hal_msp.c ****   /* USER CODE BEGIN CAN1_MspDeInit 0 */
 127:Src/stm32f4xx_hal_msp.c **** 
 128:Src/stm32f4xx_hal_msp.c ****   /* USER CODE END CAN1_MspDeInit 0 */
 129:Src/stm32f4xx_hal_msp.c ****     /* Peripheral clock disable */
 130:Src/stm32f4xx_hal_msp.c ****     __HAL_RCC_CAN1_CLK_DISABLE();
 131:Src/stm32f4xx_hal_msp.c ****   
 132:Src/stm32f4xx_hal_msp.c ****     /**CAN1 GPIO Configuration    
 133:Src/stm32f4xx_hal_msp.c ****     PA11     ------> CAN1_RX
 134:Src/stm32f4xx_hal_msp.c ****     PA12     ------> CAN1_TX 
 135:Src/stm32f4xx_hal_msp.c ****     */
 136:Src/stm32f4xx_hal_msp.c ****     HAL_GPIO_DeInit(GPIOA, GPIO_PIN_11|GPIO_PIN_12);
 137:Src/stm32f4xx_hal_msp.c **** 
 138:Src/stm32f4xx_hal_msp.c ****     /* CAN1 interrupt DeInit */
 139:Src/stm32f4xx_hal_msp.c ****     HAL_NVIC_DisableIRQ(CAN1_TX_IRQn);
 140:Src/stm32f4xx_hal_msp.c ****     HAL_NVIC_DisableIRQ(CAN1_RX0_IRQn);
 141:Src/stm32f4xx_hal_msp.c ****     HAL_NVIC_DisableIRQ(CAN1_RX1_IRQn);
 142:Src/stm32f4xx_hal_msp.c ****     HAL_NVIC_DisableIRQ(CAN1_SCE_IRQn);
 143:Src/stm32f4xx_hal_msp.c ****   /* USER CODE BEGIN CAN1_MspDeInit 1 */
 144:Src/stm32f4xx_hal_msp.c **** 
 145:Src/stm32f4xx_hal_msp.c ****   /* USER CODE END CAN1_MspDeInit 1 */
 146:Src/stm32f4xx_hal_msp.c ****   }
 147:Src/stm32f4xx_hal_msp.c **** 
 148:Src/stm32f4xx_hal_msp.c **** }
 233              		.loc 1 148 1 view .LVU51
ARM GAS  /tmp/ccNu8h1f.s 			page 8


 234 000a 08BD     		pop	{r3, pc}
 235              	.LVL7:
 236              	.L14:
 130:Src/stm32f4xx_hal_msp.c ****   
 237              		.loc 1 130 5 is_stmt 1 view .LVU52
 238 000c 0C4A     		ldr	r2, .L15+4
 239 000e 136C     		ldr	r3, [r2, #64]
 240 0010 23F00073 		bic	r3, r3, #33554432
 241 0014 1364     		str	r3, [r2, #64]
 136:Src/stm32f4xx_hal_msp.c **** 
 242              		.loc 1 136 5 view .LVU53
 243 0016 4FF4C051 		mov	r1, #6144
 244 001a 0A48     		ldr	r0, .L15+8
 245              	.LVL8:
 136:Src/stm32f4xx_hal_msp.c **** 
 246              		.loc 1 136 5 is_stmt 0 view .LVU54
 247 001c FFF7FEFF 		bl	HAL_GPIO_DeInit
 248              	.LVL9:
 139:Src/stm32f4xx_hal_msp.c ****     HAL_NVIC_DisableIRQ(CAN1_RX0_IRQn);
 249              		.loc 1 139 5 is_stmt 1 view .LVU55
 250 0020 1320     		movs	r0, #19
 251 0022 FFF7FEFF 		bl	HAL_NVIC_DisableIRQ
 252              	.LVL10:
 140:Src/stm32f4xx_hal_msp.c ****     HAL_NVIC_DisableIRQ(CAN1_RX1_IRQn);
 253              		.loc 1 140 5 view .LVU56
 254 0026 1420     		movs	r0, #20
 255 0028 FFF7FEFF 		bl	HAL_NVIC_DisableIRQ
 256              	.LVL11:
 141:Src/stm32f4xx_hal_msp.c ****     HAL_NVIC_DisableIRQ(CAN1_SCE_IRQn);
 257              		.loc 1 141 5 view .LVU57
 258 002c 1520     		movs	r0, #21
 259 002e FFF7FEFF 		bl	HAL_NVIC_DisableIRQ
 260              	.LVL12:
 142:Src/stm32f4xx_hal_msp.c ****   /* USER CODE BEGIN CAN1_MspDeInit 1 */
 261              		.loc 1 142 5 view .LVU58
 262 0032 1620     		movs	r0, #22
 263 0034 FFF7FEFF 		bl	HAL_NVIC_DisableIRQ
 264              	.LVL13:
 265              		.loc 1 148 1 is_stmt 0 view .LVU59
 266 0038 E7E7     		b	.L11
 267              	.L16:
 268 003a 00BF     		.align	2
 269              	.L15:
 270 003c 00640040 		.word	1073767424
 271 0040 00380240 		.word	1073887232
 272 0044 00000240 		.word	1073872896
 273              		.cfi_endproc
 274              	.LFE132:
 276              		.section	.text.HAL_TIM_Base_MspInit,"ax",%progbits
 277              		.align	1
 278              		.global	HAL_TIM_Base_MspInit
 279              		.syntax unified
 280              		.thumb
 281              		.thumb_func
 282              		.fpu fpv4-sp-d16
 284              	HAL_TIM_Base_MspInit:
 285              	.LVL14:
ARM GAS  /tmp/ccNu8h1f.s 			page 9


 286              	.LFB133:
 149:Src/stm32f4xx_hal_msp.c **** 
 150:Src/stm32f4xx_hal_msp.c **** /**
 151:Src/stm32f4xx_hal_msp.c **** * @brief TIM_Base MSP Initialization
 152:Src/stm32f4xx_hal_msp.c **** * This function configures the hardware resources used in this example
 153:Src/stm32f4xx_hal_msp.c **** * @param htim_base: TIM_Base handle pointer
 154:Src/stm32f4xx_hal_msp.c **** * @retval None
 155:Src/stm32f4xx_hal_msp.c **** */
 156:Src/stm32f4xx_hal_msp.c **** void HAL_TIM_Base_MspInit(TIM_HandleTypeDef* htim_base)
 157:Src/stm32f4xx_hal_msp.c **** {
 287              		.loc 1 157 1 is_stmt 1 view -0
 288              		.cfi_startproc
 289              		@ args = 0, pretend = 0, frame = 16
 290              		@ frame_needed = 0, uses_anonymous_args = 0
 291              		.loc 1 157 1 is_stmt 0 view .LVU61
 292 0000 00B5     		push	{lr}
 293              	.LCFI7:
 294              		.cfi_def_cfa_offset 4
 295              		.cfi_offset 14, -4
 296 0002 85B0     		sub	sp, sp, #20
 297              	.LCFI8:
 298              		.cfi_def_cfa_offset 24
 158:Src/stm32f4xx_hal_msp.c ****   if(htim_base->Instance==TIM6)
 299              		.loc 1 158 3 is_stmt 1 view .LVU62
 300              		.loc 1 158 15 is_stmt 0 view .LVU63
 301 0004 0368     		ldr	r3, [r0]
 302              		.loc 1 158 5 view .LVU64
 303 0006 1D4A     		ldr	r2, .L25
 304 0008 9342     		cmp	r3, r2
 305 000a 08D0     		beq	.L22
 159:Src/stm32f4xx_hal_msp.c ****   {
 160:Src/stm32f4xx_hal_msp.c ****   /* USER CODE BEGIN TIM6_MspInit 0 */
 161:Src/stm32f4xx_hal_msp.c **** 
 162:Src/stm32f4xx_hal_msp.c ****   /* USER CODE END TIM6_MspInit 0 */
 163:Src/stm32f4xx_hal_msp.c ****     /* Peripheral clock enable */
 164:Src/stm32f4xx_hal_msp.c ****     __HAL_RCC_TIM6_CLK_ENABLE();
 165:Src/stm32f4xx_hal_msp.c ****   /* USER CODE BEGIN TIM6_MspInit 1 */
 166:Src/stm32f4xx_hal_msp.c **** 
 167:Src/stm32f4xx_hal_msp.c ****   /* USER CODE END TIM6_MspInit 1 */
 168:Src/stm32f4xx_hal_msp.c ****   }
 169:Src/stm32f4xx_hal_msp.c ****   else if(htim_base->Instance==TIM7)
 306              		.loc 1 169 8 is_stmt 1 view .LVU65
 307              		.loc 1 169 10 is_stmt 0 view .LVU66
 308 000c 1C4A     		ldr	r2, .L25+4
 309 000e 9342     		cmp	r3, r2
 310 0010 12D0     		beq	.L23
 170:Src/stm32f4xx_hal_msp.c ****   {
 171:Src/stm32f4xx_hal_msp.c ****   /* USER CODE BEGIN TIM7_MspInit 0 */
 172:Src/stm32f4xx_hal_msp.c **** 
 173:Src/stm32f4xx_hal_msp.c ****   /* USER CODE END TIM7_MspInit 0 */
 174:Src/stm32f4xx_hal_msp.c ****     /* Peripheral clock enable */
 175:Src/stm32f4xx_hal_msp.c ****     __HAL_RCC_TIM7_CLK_ENABLE();
 176:Src/stm32f4xx_hal_msp.c ****   /* USER CODE BEGIN TIM7_MspInit 1 */
 177:Src/stm32f4xx_hal_msp.c **** 
 178:Src/stm32f4xx_hal_msp.c ****   /* USER CODE END TIM7_MspInit 1 */
 179:Src/stm32f4xx_hal_msp.c ****   }
 180:Src/stm32f4xx_hal_msp.c ****   else if(htim_base->Instance==TIM10)
ARM GAS  /tmp/ccNu8h1f.s 			page 10


 311              		.loc 1 180 8 is_stmt 1 view .LVU67
 312              		.loc 1 180 10 is_stmt 0 view .LVU68
 313 0012 1C4A     		ldr	r2, .L25+8
 314 0014 9342     		cmp	r3, r2
 315 0016 1CD0     		beq	.L24
 316              	.LVL15:
 317              	.L17:
 181:Src/stm32f4xx_hal_msp.c ****   {
 182:Src/stm32f4xx_hal_msp.c ****   /* USER CODE BEGIN TIM10_MspInit 0 */
 183:Src/stm32f4xx_hal_msp.c **** 
 184:Src/stm32f4xx_hal_msp.c ****   /* USER CODE END TIM10_MspInit 0 */
 185:Src/stm32f4xx_hal_msp.c ****     /* Peripheral clock enable */
 186:Src/stm32f4xx_hal_msp.c ****     __HAL_RCC_TIM10_CLK_ENABLE();
 187:Src/stm32f4xx_hal_msp.c ****     /* TIM10 interrupt Init */
 188:Src/stm32f4xx_hal_msp.c ****     HAL_NVIC_SetPriority(TIM1_UP_TIM10_IRQn, 0, 0);
 189:Src/stm32f4xx_hal_msp.c ****     HAL_NVIC_EnableIRQ(TIM1_UP_TIM10_IRQn);
 190:Src/stm32f4xx_hal_msp.c ****   /* USER CODE BEGIN TIM10_MspInit 1 */
 191:Src/stm32f4xx_hal_msp.c **** 
 192:Src/stm32f4xx_hal_msp.c ****   /* USER CODE END TIM10_MspInit 1 */
 193:Src/stm32f4xx_hal_msp.c ****   }
 194:Src/stm32f4xx_hal_msp.c **** 
 195:Src/stm32f4xx_hal_msp.c **** }
 318              		.loc 1 195 1 view .LVU69
 319 0018 05B0     		add	sp, sp, #20
 320              	.LCFI9:
 321              		.cfi_remember_state
 322              		.cfi_def_cfa_offset 4
 323              		@ sp needed
 324 001a 5DF804FB 		ldr	pc, [sp], #4
 325              	.LVL16:
 326              	.L22:
 327              	.LCFI10:
 328              		.cfi_restore_state
 164:Src/stm32f4xx_hal_msp.c ****   /* USER CODE BEGIN TIM6_MspInit 1 */
 329              		.loc 1 164 5 is_stmt 1 view .LVU70
 330              	.LBB6:
 164:Src/stm32f4xx_hal_msp.c ****   /* USER CODE BEGIN TIM6_MspInit 1 */
 331              		.loc 1 164 5 view .LVU71
 332 001e 0023     		movs	r3, #0
 333 0020 0193     		str	r3, [sp, #4]
 164:Src/stm32f4xx_hal_msp.c ****   /* USER CODE BEGIN TIM6_MspInit 1 */
 334              		.loc 1 164 5 view .LVU72
 335 0022 194B     		ldr	r3, .L25+12
 336 0024 1A6C     		ldr	r2, [r3, #64]
 337 0026 42F01002 		orr	r2, r2, #16
 338 002a 1A64     		str	r2, [r3, #64]
 164:Src/stm32f4xx_hal_msp.c ****   /* USER CODE BEGIN TIM6_MspInit 1 */
 339              		.loc 1 164 5 view .LVU73
 340 002c 1B6C     		ldr	r3, [r3, #64]
 341 002e 03F01003 		and	r3, r3, #16
 342 0032 0193     		str	r3, [sp, #4]
 164:Src/stm32f4xx_hal_msp.c ****   /* USER CODE BEGIN TIM6_MspInit 1 */
 343              		.loc 1 164 5 view .LVU74
 344 0034 019B     		ldr	r3, [sp, #4]
 345              	.LBE6:
 164:Src/stm32f4xx_hal_msp.c ****   /* USER CODE BEGIN TIM6_MspInit 1 */
 346              		.loc 1 164 5 view .LVU75
ARM GAS  /tmp/ccNu8h1f.s 			page 11


 347 0036 EFE7     		b	.L17
 348              	.L23:
 175:Src/stm32f4xx_hal_msp.c ****   /* USER CODE BEGIN TIM7_MspInit 1 */
 349              		.loc 1 175 5 view .LVU76
 350              	.LBB7:
 175:Src/stm32f4xx_hal_msp.c ****   /* USER CODE BEGIN TIM7_MspInit 1 */
 351              		.loc 1 175 5 view .LVU77
 352 0038 0023     		movs	r3, #0
 353 003a 0293     		str	r3, [sp, #8]
 175:Src/stm32f4xx_hal_msp.c ****   /* USER CODE BEGIN TIM7_MspInit 1 */
 354              		.loc 1 175 5 view .LVU78
 355 003c 124B     		ldr	r3, .L25+12
 356 003e 1A6C     		ldr	r2, [r3, #64]
 357 0040 42F02002 		orr	r2, r2, #32
 358 0044 1A64     		str	r2, [r3, #64]
 175:Src/stm32f4xx_hal_msp.c ****   /* USER CODE BEGIN TIM7_MspInit 1 */
 359              		.loc 1 175 5 view .LVU79
 360 0046 1B6C     		ldr	r3, [r3, #64]
 361 0048 03F02003 		and	r3, r3, #32
 362 004c 0293     		str	r3, [sp, #8]
 175:Src/stm32f4xx_hal_msp.c ****   /* USER CODE BEGIN TIM7_MspInit 1 */
 363              		.loc 1 175 5 view .LVU80
 364 004e 029B     		ldr	r3, [sp, #8]
 365              	.LBE7:
 175:Src/stm32f4xx_hal_msp.c ****   /* USER CODE BEGIN TIM7_MspInit 1 */
 366              		.loc 1 175 5 view .LVU81
 367 0050 E2E7     		b	.L17
 368              	.L24:
 186:Src/stm32f4xx_hal_msp.c ****     /* TIM10 interrupt Init */
 369              		.loc 1 186 5 view .LVU82
 370              	.LBB8:
 186:Src/stm32f4xx_hal_msp.c ****     /* TIM10 interrupt Init */
 371              		.loc 1 186 5 view .LVU83
 372 0052 0021     		movs	r1, #0
 373 0054 0391     		str	r1, [sp, #12]
 186:Src/stm32f4xx_hal_msp.c ****     /* TIM10 interrupt Init */
 374              		.loc 1 186 5 view .LVU84
 375 0056 0C4B     		ldr	r3, .L25+12
 376 0058 5A6C     		ldr	r2, [r3, #68]
 377 005a 42F40032 		orr	r2, r2, #131072
 378 005e 5A64     		str	r2, [r3, #68]
 186:Src/stm32f4xx_hal_msp.c ****     /* TIM10 interrupt Init */
 379              		.loc 1 186 5 view .LVU85
 380 0060 5B6C     		ldr	r3, [r3, #68]
 381 0062 03F40033 		and	r3, r3, #131072
 382 0066 0393     		str	r3, [sp, #12]
 186:Src/stm32f4xx_hal_msp.c ****     /* TIM10 interrupt Init */
 383              		.loc 1 186 5 view .LVU86
 384 0068 039B     		ldr	r3, [sp, #12]
 385              	.LBE8:
 186:Src/stm32f4xx_hal_msp.c ****     /* TIM10 interrupt Init */
 386              		.loc 1 186 5 view .LVU87
 188:Src/stm32f4xx_hal_msp.c ****     HAL_NVIC_EnableIRQ(TIM1_UP_TIM10_IRQn);
 387              		.loc 1 188 5 view .LVU88
 388 006a 0A46     		mov	r2, r1
 389 006c 1920     		movs	r0, #25
 390              	.LVL17:
ARM GAS  /tmp/ccNu8h1f.s 			page 12


 188:Src/stm32f4xx_hal_msp.c ****     HAL_NVIC_EnableIRQ(TIM1_UP_TIM10_IRQn);
 391              		.loc 1 188 5 is_stmt 0 view .LVU89
 392 006e FFF7FEFF 		bl	HAL_NVIC_SetPriority
 393              	.LVL18:
 189:Src/stm32f4xx_hal_msp.c ****   /* USER CODE BEGIN TIM10_MspInit 1 */
 394              		.loc 1 189 5 is_stmt 1 view .LVU90
 395 0072 1920     		movs	r0, #25
 396 0074 FFF7FEFF 		bl	HAL_NVIC_EnableIRQ
 397              	.LVL19:
 398              		.loc 1 195 1 is_stmt 0 view .LVU91
 399 0078 CEE7     		b	.L17
 400              	.L26:
 401 007a 00BF     		.align	2
 402              	.L25:
 403 007c 00100040 		.word	1073745920
 404 0080 00140040 		.word	1073746944
 405 0084 00440140 		.word	1073824768
 406 0088 00380240 		.word	1073887232
 407              		.cfi_endproc
 408              	.LFE133:
 410              		.section	.text.HAL_TIM_Base_MspDeInit,"ax",%progbits
 411              		.align	1
 412              		.global	HAL_TIM_Base_MspDeInit
 413              		.syntax unified
 414              		.thumb
 415              		.thumb_func
 416              		.fpu fpv4-sp-d16
 418              	HAL_TIM_Base_MspDeInit:
 419              	.LVL20:
 420              	.LFB134:
 196:Src/stm32f4xx_hal_msp.c **** 
 197:Src/stm32f4xx_hal_msp.c **** /**
 198:Src/stm32f4xx_hal_msp.c **** * @brief TIM_Base MSP De-Initialization
 199:Src/stm32f4xx_hal_msp.c **** * This function freeze the hardware resources used in this example
 200:Src/stm32f4xx_hal_msp.c **** * @param htim_base: TIM_Base handle pointer
 201:Src/stm32f4xx_hal_msp.c **** * @retval None
 202:Src/stm32f4xx_hal_msp.c **** */
 203:Src/stm32f4xx_hal_msp.c **** void HAL_TIM_Base_MspDeInit(TIM_HandleTypeDef* htim_base)
 204:Src/stm32f4xx_hal_msp.c **** {
 421              		.loc 1 204 1 is_stmt 1 view -0
 422              		.cfi_startproc
 423              		@ args = 0, pretend = 0, frame = 0
 424              		@ frame_needed = 0, uses_anonymous_args = 0
 425              		.loc 1 204 1 is_stmt 0 view .LVU93
 426 0000 08B5     		push	{r3, lr}
 427              	.LCFI11:
 428              		.cfi_def_cfa_offset 8
 429              		.cfi_offset 3, -8
 430              		.cfi_offset 14, -4
 205:Src/stm32f4xx_hal_msp.c ****   if(htim_base->Instance==TIM6)
 431              		.loc 1 205 3 is_stmt 1 view .LVU94
 432              		.loc 1 205 15 is_stmt 0 view .LVU95
 433 0002 0368     		ldr	r3, [r0]
 434              		.loc 1 205 5 view .LVU96
 435 0004 134A     		ldr	r2, .L35
 436 0006 9342     		cmp	r3, r2
 437 0008 06D0     		beq	.L32
ARM GAS  /tmp/ccNu8h1f.s 			page 13


 206:Src/stm32f4xx_hal_msp.c ****   {
 207:Src/stm32f4xx_hal_msp.c ****   /* USER CODE BEGIN TIM6_MspDeInit 0 */
 208:Src/stm32f4xx_hal_msp.c **** 
 209:Src/stm32f4xx_hal_msp.c ****   /* USER CODE END TIM6_MspDeInit 0 */
 210:Src/stm32f4xx_hal_msp.c ****     /* Peripheral clock disable */
 211:Src/stm32f4xx_hal_msp.c ****     __HAL_RCC_TIM6_CLK_DISABLE();
 212:Src/stm32f4xx_hal_msp.c **** 
 213:Src/stm32f4xx_hal_msp.c ****     /* TIM6 interrupt DeInit */
 214:Src/stm32f4xx_hal_msp.c ****     HAL_NVIC_DisableIRQ(TIM6_DAC_IRQn);
 215:Src/stm32f4xx_hal_msp.c ****   /* USER CODE BEGIN TIM6_MspDeInit 1 */
 216:Src/stm32f4xx_hal_msp.c **** 
 217:Src/stm32f4xx_hal_msp.c ****   /* USER CODE END TIM6_MspDeInit 1 */
 218:Src/stm32f4xx_hal_msp.c ****   }
 219:Src/stm32f4xx_hal_msp.c ****   else if(htim_base->Instance==TIM7)
 438              		.loc 1 219 8 is_stmt 1 view .LVU97
 439              		.loc 1 219 10 is_stmt 0 view .LVU98
 440 000a 134A     		ldr	r2, .L35+4
 441 000c 9342     		cmp	r3, r2
 442 000e 0DD0     		beq	.L33
 220:Src/stm32f4xx_hal_msp.c ****   {
 221:Src/stm32f4xx_hal_msp.c ****   /* USER CODE BEGIN TIM7_MspDeInit 0 */
 222:Src/stm32f4xx_hal_msp.c **** 
 223:Src/stm32f4xx_hal_msp.c ****   /* USER CODE END TIM7_MspDeInit 0 */
 224:Src/stm32f4xx_hal_msp.c ****     /* Peripheral clock disable */
 225:Src/stm32f4xx_hal_msp.c ****     __HAL_RCC_TIM7_CLK_DISABLE();
 226:Src/stm32f4xx_hal_msp.c **** 
 227:Src/stm32f4xx_hal_msp.c ****     /* TIM7 interrupt DeInit */
 228:Src/stm32f4xx_hal_msp.c ****     HAL_NVIC_DisableIRQ(TIM7_IRQn);
 229:Src/stm32f4xx_hal_msp.c ****   /* USER CODE BEGIN TIM7_MspDeInit 1 */
 230:Src/stm32f4xx_hal_msp.c **** 
 231:Src/stm32f4xx_hal_msp.c ****   /* USER CODE END TIM7_MspDeInit 1 */
 232:Src/stm32f4xx_hal_msp.c ****   }
 233:Src/stm32f4xx_hal_msp.c ****   else if(htim_base->Instance==TIM10)
 443              		.loc 1 233 8 is_stmt 1 view .LVU99
 444              		.loc 1 233 10 is_stmt 0 view .LVU100
 445 0010 124A     		ldr	r2, .L35+8
 446 0012 9342     		cmp	r3, r2
 447 0014 14D0     		beq	.L34
 448              	.LVL21:
 449              	.L27:
 234:Src/stm32f4xx_hal_msp.c ****   {
 235:Src/stm32f4xx_hal_msp.c ****   /* USER CODE BEGIN TIM10_MspDeInit 0 */
 236:Src/stm32f4xx_hal_msp.c **** 
 237:Src/stm32f4xx_hal_msp.c ****   /* USER CODE END TIM10_MspDeInit 0 */
 238:Src/stm32f4xx_hal_msp.c ****     /* Peripheral clock disable */
 239:Src/stm32f4xx_hal_msp.c ****     __HAL_RCC_TIM10_CLK_DISABLE();
 240:Src/stm32f4xx_hal_msp.c **** 
 241:Src/stm32f4xx_hal_msp.c ****     /* TIM10 interrupt DeInit */
 242:Src/stm32f4xx_hal_msp.c ****     HAL_NVIC_DisableIRQ(TIM1_UP_TIM10_IRQn);
 243:Src/stm32f4xx_hal_msp.c ****   /* USER CODE BEGIN TIM10_MspDeInit 1 */
 244:Src/stm32f4xx_hal_msp.c **** 
 245:Src/stm32f4xx_hal_msp.c ****   /* USER CODE END TIM10_MspDeInit 1 */
 246:Src/stm32f4xx_hal_msp.c ****   }
 247:Src/stm32f4xx_hal_msp.c **** 
 248:Src/stm32f4xx_hal_msp.c **** }
 450              		.loc 1 248 1 view .LVU101
 451 0016 08BD     		pop	{r3, pc}
ARM GAS  /tmp/ccNu8h1f.s 			page 14


 452              	.LVL22:
 453              	.L32:
 211:Src/stm32f4xx_hal_msp.c **** 
 454              		.loc 1 211 5 is_stmt 1 view .LVU102
 455 0018 02F50A32 		add	r2, r2, #141312
 456 001c 136C     		ldr	r3, [r2, #64]
 457 001e 23F01003 		bic	r3, r3, #16
 458 0022 1364     		str	r3, [r2, #64]
 214:Src/stm32f4xx_hal_msp.c ****   /* USER CODE BEGIN TIM6_MspDeInit 1 */
 459              		.loc 1 214 5 view .LVU103
 460 0024 3620     		movs	r0, #54
 461              	.LVL23:
 214:Src/stm32f4xx_hal_msp.c ****   /* USER CODE BEGIN TIM6_MspDeInit 1 */
 462              		.loc 1 214 5 is_stmt 0 view .LVU104
 463 0026 FFF7FEFF 		bl	HAL_NVIC_DisableIRQ
 464              	.LVL24:
 465 002a F4E7     		b	.L27
 466              	.LVL25:
 467              	.L33:
 225:Src/stm32f4xx_hal_msp.c **** 
 468              		.loc 1 225 5 is_stmt 1 view .LVU105
 469 002c 02F50932 		add	r2, r2, #140288
 470 0030 136C     		ldr	r3, [r2, #64]
 471 0032 23F02003 		bic	r3, r3, #32
 472 0036 1364     		str	r3, [r2, #64]
 228:Src/stm32f4xx_hal_msp.c ****   /* USER CODE BEGIN TIM7_MspDeInit 1 */
 473              		.loc 1 228 5 view .LVU106
 474 0038 3720     		movs	r0, #55
 475              	.LVL26:
 228:Src/stm32f4xx_hal_msp.c ****   /* USER CODE BEGIN TIM7_MspDeInit 1 */
 476              		.loc 1 228 5 is_stmt 0 view .LVU107
 477 003a FFF7FEFF 		bl	HAL_NVIC_DisableIRQ
 478              	.LVL27:
 479 003e EAE7     		b	.L27
 480              	.LVL28:
 481              	.L34:
 239:Src/stm32f4xx_hal_msp.c **** 
 482              		.loc 1 239 5 is_stmt 1 view .LVU108
 483 0040 02F57442 		add	r2, r2, #62464
 484 0044 536C     		ldr	r3, [r2, #68]
 485 0046 23F40033 		bic	r3, r3, #131072
 486 004a 5364     		str	r3, [r2, #68]
 242:Src/stm32f4xx_hal_msp.c ****   /* USER CODE BEGIN TIM10_MspDeInit 1 */
 487              		.loc 1 242 5 view .LVU109
 488 004c 1920     		movs	r0, #25
 489              	.LVL29:
 242:Src/stm32f4xx_hal_msp.c ****   /* USER CODE BEGIN TIM10_MspDeInit 1 */
 490              		.loc 1 242 5 is_stmt 0 view .LVU110
 491 004e FFF7FEFF 		bl	HAL_NVIC_DisableIRQ
 492              	.LVL30:
 493              		.loc 1 248 1 view .LVU111
 494 0052 E0E7     		b	.L27
 495              	.L36:
 496              		.align	2
 497              	.L35:
 498 0054 00100040 		.word	1073745920
 499 0058 00140040 		.word	1073746944
ARM GAS  /tmp/ccNu8h1f.s 			page 15


 500 005c 00440140 		.word	1073824768
 501              		.cfi_endproc
 502              	.LFE134:
 504              		.section	.text.HAL_UART_MspInit,"ax",%progbits
 505              		.align	1
 506              		.global	HAL_UART_MspInit
 507              		.syntax unified
 508              		.thumb
 509              		.thumb_func
 510              		.fpu fpv4-sp-d16
 512              	HAL_UART_MspInit:
 513              	.LVL31:
 514              	.LFB135:
 249:Src/stm32f4xx_hal_msp.c **** 
 250:Src/stm32f4xx_hal_msp.c **** /**
 251:Src/stm32f4xx_hal_msp.c **** * @brief UART MSP Initialization
 252:Src/stm32f4xx_hal_msp.c **** * This function configures the hardware resources used in this example
 253:Src/stm32f4xx_hal_msp.c **** * @param huart: UART handle pointer
 254:Src/stm32f4xx_hal_msp.c **** * @retval None
 255:Src/stm32f4xx_hal_msp.c **** */
 256:Src/stm32f4xx_hal_msp.c **** void HAL_UART_MspInit(UART_HandleTypeDef* huart)
 257:Src/stm32f4xx_hal_msp.c **** {
 515              		.loc 1 257 1 is_stmt 1 view -0
 516              		.cfi_startproc
 517              		@ args = 0, pretend = 0, frame = 32
 518              		@ frame_needed = 0, uses_anonymous_args = 0
 519              		.loc 1 257 1 is_stmt 0 view .LVU113
 520 0000 00B5     		push	{lr}
 521              	.LCFI12:
 522              		.cfi_def_cfa_offset 4
 523              		.cfi_offset 14, -4
 524 0002 89B0     		sub	sp, sp, #36
 525              	.LCFI13:
 526              		.cfi_def_cfa_offset 40
 258:Src/stm32f4xx_hal_msp.c ****   GPIO_InitTypeDef GPIO_InitStruct = {0};
 527              		.loc 1 258 3 is_stmt 1 view .LVU114
 528              		.loc 1 258 20 is_stmt 0 view .LVU115
 529 0004 0023     		movs	r3, #0
 530 0006 0393     		str	r3, [sp, #12]
 531 0008 0493     		str	r3, [sp, #16]
 532 000a 0593     		str	r3, [sp, #20]
 533 000c 0693     		str	r3, [sp, #24]
 534 000e 0793     		str	r3, [sp, #28]
 259:Src/stm32f4xx_hal_msp.c ****   if(huart->Instance==USART2)
 535              		.loc 1 259 3 is_stmt 1 view .LVU116
 536              		.loc 1 259 11 is_stmt 0 view .LVU117
 537 0010 0268     		ldr	r2, [r0]
 538              		.loc 1 259 5 view .LVU118
 539 0012 164B     		ldr	r3, .L41
 540 0014 9A42     		cmp	r2, r3
 541 0016 02D0     		beq	.L40
 542              	.LVL32:
 543              	.L37:
 260:Src/stm32f4xx_hal_msp.c ****   {
 261:Src/stm32f4xx_hal_msp.c ****   /* USER CODE BEGIN USART2_MspInit 0 */
 262:Src/stm32f4xx_hal_msp.c **** 
 263:Src/stm32f4xx_hal_msp.c ****   /* USER CODE END USART2_MspInit 0 */
ARM GAS  /tmp/ccNu8h1f.s 			page 16


 264:Src/stm32f4xx_hal_msp.c ****     /* Peripheral clock enable */
 265:Src/stm32f4xx_hal_msp.c ****     __HAL_RCC_USART2_CLK_ENABLE();
 266:Src/stm32f4xx_hal_msp.c ****   
 267:Src/stm32f4xx_hal_msp.c ****     __HAL_RCC_GPIOA_CLK_ENABLE();
 268:Src/stm32f4xx_hal_msp.c ****     /**USART2 GPIO Configuration    
 269:Src/stm32f4xx_hal_msp.c ****     PA2     ------> USART2_TX
 270:Src/stm32f4xx_hal_msp.c ****     PA3     ------> USART2_RX 
 271:Src/stm32f4xx_hal_msp.c ****     */
 272:Src/stm32f4xx_hal_msp.c ****     GPIO_InitStruct.Pin = GPIO_PIN_2|GPIO_PIN_3;
 273:Src/stm32f4xx_hal_msp.c ****     GPIO_InitStruct.Mode = GPIO_MODE_AF_PP;
 274:Src/stm32f4xx_hal_msp.c ****     GPIO_InitStruct.Pull = GPIO_PULLUP;
 275:Src/stm32f4xx_hal_msp.c ****     GPIO_InitStruct.Speed = GPIO_SPEED_FREQ_VERY_HIGH;
 276:Src/stm32f4xx_hal_msp.c ****     GPIO_InitStruct.Alternate = GPIO_AF7_USART2;
 277:Src/stm32f4xx_hal_msp.c ****     HAL_GPIO_Init(GPIOA, &GPIO_InitStruct);
 278:Src/stm32f4xx_hal_msp.c **** 
 279:Src/stm32f4xx_hal_msp.c ****   /* USER CODE BEGIN USART2_MspInit 1 */
 280:Src/stm32f4xx_hal_msp.c **** 
 281:Src/stm32f4xx_hal_msp.c ****   /* USER CODE END USART2_MspInit 1 */
 282:Src/stm32f4xx_hal_msp.c ****   }
 283:Src/stm32f4xx_hal_msp.c **** 
 284:Src/stm32f4xx_hal_msp.c **** }
 544              		.loc 1 284 1 view .LVU119
 545 0018 09B0     		add	sp, sp, #36
 546              	.LCFI14:
 547              		.cfi_remember_state
 548              		.cfi_def_cfa_offset 4
 549              		@ sp needed
 550 001a 5DF804FB 		ldr	pc, [sp], #4
 551              	.LVL33:
 552              	.L40:
 553              	.LCFI15:
 554              		.cfi_restore_state
 265:Src/stm32f4xx_hal_msp.c ****   
 555              		.loc 1 265 5 is_stmt 1 view .LVU120
 556              	.LBB9:
 265:Src/stm32f4xx_hal_msp.c ****   
 557              		.loc 1 265 5 view .LVU121
 558 001e 0021     		movs	r1, #0
 559 0020 0191     		str	r1, [sp, #4]
 265:Src/stm32f4xx_hal_msp.c ****   
 560              		.loc 1 265 5 view .LVU122
 561 0022 03F5FA33 		add	r3, r3, #128000
 562 0026 1A6C     		ldr	r2, [r3, #64]
 563 0028 42F40032 		orr	r2, r2, #131072
 564 002c 1A64     		str	r2, [r3, #64]
 265:Src/stm32f4xx_hal_msp.c ****   
 565              		.loc 1 265 5 view .LVU123
 566 002e 1A6C     		ldr	r2, [r3, #64]
 567 0030 02F40032 		and	r2, r2, #131072
 568 0034 0192     		str	r2, [sp, #4]
 265:Src/stm32f4xx_hal_msp.c ****   
 569              		.loc 1 265 5 view .LVU124
 570 0036 019A     		ldr	r2, [sp, #4]
 571              	.LBE9:
 265:Src/stm32f4xx_hal_msp.c ****   
 572              		.loc 1 265 5 view .LVU125
 267:Src/stm32f4xx_hal_msp.c ****     /**USART2 GPIO Configuration    
ARM GAS  /tmp/ccNu8h1f.s 			page 17


 573              		.loc 1 267 5 view .LVU126
 574              	.LBB10:
 267:Src/stm32f4xx_hal_msp.c ****     /**USART2 GPIO Configuration    
 575              		.loc 1 267 5 view .LVU127
 576 0038 0291     		str	r1, [sp, #8]
 267:Src/stm32f4xx_hal_msp.c ****     /**USART2 GPIO Configuration    
 577              		.loc 1 267 5 view .LVU128
 578 003a 1A6B     		ldr	r2, [r3, #48]
 579 003c 42F00102 		orr	r2, r2, #1
 580 0040 1A63     		str	r2, [r3, #48]
 267:Src/stm32f4xx_hal_msp.c ****     /**USART2 GPIO Configuration    
 581              		.loc 1 267 5 view .LVU129
 582 0042 1B6B     		ldr	r3, [r3, #48]
 583 0044 03F00103 		and	r3, r3, #1
 584 0048 0293     		str	r3, [sp, #8]
 267:Src/stm32f4xx_hal_msp.c ****     /**USART2 GPIO Configuration    
 585              		.loc 1 267 5 view .LVU130
 586 004a 029B     		ldr	r3, [sp, #8]
 587              	.LBE10:
 267:Src/stm32f4xx_hal_msp.c ****     /**USART2 GPIO Configuration    
 588              		.loc 1 267 5 view .LVU131
 272:Src/stm32f4xx_hal_msp.c ****     GPIO_InitStruct.Mode = GPIO_MODE_AF_PP;
 589              		.loc 1 272 5 view .LVU132
 272:Src/stm32f4xx_hal_msp.c ****     GPIO_InitStruct.Mode = GPIO_MODE_AF_PP;
 590              		.loc 1 272 25 is_stmt 0 view .LVU133
 591 004c 0C23     		movs	r3, #12
 592 004e 0393     		str	r3, [sp, #12]
 273:Src/stm32f4xx_hal_msp.c ****     GPIO_InitStruct.Pull = GPIO_PULLUP;
 593              		.loc 1 273 5 is_stmt 1 view .LVU134
 273:Src/stm32f4xx_hal_msp.c ****     GPIO_InitStruct.Pull = GPIO_PULLUP;
 594              		.loc 1 273 26 is_stmt 0 view .LVU135
 595 0050 0223     		movs	r3, #2
 596 0052 0493     		str	r3, [sp, #16]
 274:Src/stm32f4xx_hal_msp.c ****     GPIO_InitStruct.Speed = GPIO_SPEED_FREQ_VERY_HIGH;
 597              		.loc 1 274 5 is_stmt 1 view .LVU136
 274:Src/stm32f4xx_hal_msp.c ****     GPIO_InitStruct.Speed = GPIO_SPEED_FREQ_VERY_HIGH;
 598              		.loc 1 274 26 is_stmt 0 view .LVU137
 599 0054 0123     		movs	r3, #1
 600 0056 0593     		str	r3, [sp, #20]
 275:Src/stm32f4xx_hal_msp.c ****     GPIO_InitStruct.Alternate = GPIO_AF7_USART2;
 601              		.loc 1 275 5 is_stmt 1 view .LVU138
 275:Src/stm32f4xx_hal_msp.c ****     GPIO_InitStruct.Alternate = GPIO_AF7_USART2;
 602              		.loc 1 275 27 is_stmt 0 view .LVU139
 603 0058 0323     		movs	r3, #3
 604 005a 0693     		str	r3, [sp, #24]
 276:Src/stm32f4xx_hal_msp.c ****     HAL_GPIO_Init(GPIOA, &GPIO_InitStruct);
 605              		.loc 1 276 5 is_stmt 1 view .LVU140
 276:Src/stm32f4xx_hal_msp.c ****     HAL_GPIO_Init(GPIOA, &GPIO_InitStruct);
 606              		.loc 1 276 31 is_stmt 0 view .LVU141
 607 005c 0723     		movs	r3, #7
 608 005e 0793     		str	r3, [sp, #28]
 277:Src/stm32f4xx_hal_msp.c **** 
 609              		.loc 1 277 5 is_stmt 1 view .LVU142
 610 0060 03A9     		add	r1, sp, #12
 611 0062 0348     		ldr	r0, .L41+4
 612              	.LVL34:
 277:Src/stm32f4xx_hal_msp.c **** 
ARM GAS  /tmp/ccNu8h1f.s 			page 18


 613              		.loc 1 277 5 is_stmt 0 view .LVU143
 614 0064 FFF7FEFF 		bl	HAL_GPIO_Init
 615              	.LVL35:
 616              		.loc 1 284 1 view .LVU144
 617 0068 D6E7     		b	.L37
 618              	.L42:
 619 006a 00BF     		.align	2
 620              	.L41:
 621 006c 00440040 		.word	1073759232
 622 0070 00000240 		.word	1073872896
 623              		.cfi_endproc
 624              	.LFE135:
 626              		.section	.text.HAL_UART_MspDeInit,"ax",%progbits
 627              		.align	1
 628              		.global	HAL_UART_MspDeInit
 629              		.syntax unified
 630              		.thumb
 631              		.thumb_func
 632              		.fpu fpv4-sp-d16
 634              	HAL_UART_MspDeInit:
 635              	.LVL36:
 636              	.LFB136:
 285:Src/stm32f4xx_hal_msp.c **** 
 286:Src/stm32f4xx_hal_msp.c **** /**
 287:Src/stm32f4xx_hal_msp.c **** * @brief UART MSP De-Initialization
 288:Src/stm32f4xx_hal_msp.c **** * This function freeze the hardware resources used in this example
 289:Src/stm32f4xx_hal_msp.c **** * @param huart: UART handle pointer
 290:Src/stm32f4xx_hal_msp.c **** * @retval None
 291:Src/stm32f4xx_hal_msp.c **** */
 292:Src/stm32f4xx_hal_msp.c **** void HAL_UART_MspDeInit(UART_HandleTypeDef* huart)
 293:Src/stm32f4xx_hal_msp.c **** {
 637              		.loc 1 293 1 is_stmt 1 view -0
 638              		.cfi_startproc
 639              		@ args = 0, pretend = 0, frame = 0
 640              		@ frame_needed = 0, uses_anonymous_args = 0
 641              		.loc 1 293 1 is_stmt 0 view .LVU146
 642 0000 08B5     		push	{r3, lr}
 643              	.LCFI16:
 644              		.cfi_def_cfa_offset 8
 645              		.cfi_offset 3, -8
 646              		.cfi_offset 14, -4
 294:Src/stm32f4xx_hal_msp.c ****   if(huart->Instance==USART2)
 647              		.loc 1 294 3 is_stmt 1 view .LVU147
 648              		.loc 1 294 11 is_stmt 0 view .LVU148
 649 0002 0268     		ldr	r2, [r0]
 650              		.loc 1 294 5 view .LVU149
 651 0004 064B     		ldr	r3, .L47
 652 0006 9A42     		cmp	r2, r3
 653 0008 00D0     		beq	.L46
 654              	.LVL37:
 655              	.L43:
 295:Src/stm32f4xx_hal_msp.c ****   {
 296:Src/stm32f4xx_hal_msp.c ****   /* USER CODE BEGIN USART2_MspDeInit 0 */
 297:Src/stm32f4xx_hal_msp.c **** 
 298:Src/stm32f4xx_hal_msp.c ****   /* USER CODE END USART2_MspDeInit 0 */
 299:Src/stm32f4xx_hal_msp.c ****     /* Peripheral clock disable */
 300:Src/stm32f4xx_hal_msp.c ****     __HAL_RCC_USART2_CLK_DISABLE();
ARM GAS  /tmp/ccNu8h1f.s 			page 19


 301:Src/stm32f4xx_hal_msp.c ****   
 302:Src/stm32f4xx_hal_msp.c ****     /**USART2 GPIO Configuration    
 303:Src/stm32f4xx_hal_msp.c ****     PA2     ------> USART2_TX
 304:Src/stm32f4xx_hal_msp.c ****     PA3     ------> USART2_RX 
 305:Src/stm32f4xx_hal_msp.c ****     */
 306:Src/stm32f4xx_hal_msp.c ****     HAL_GPIO_DeInit(GPIOA, GPIO_PIN_2|GPIO_PIN_3);
 307:Src/stm32f4xx_hal_msp.c **** 
 308:Src/stm32f4xx_hal_msp.c ****   /* USER CODE BEGIN USART2_MspDeInit 1 */
 309:Src/stm32f4xx_hal_msp.c **** 
 310:Src/stm32f4xx_hal_msp.c ****   /* USER CODE END USART2_MspDeInit 1 */
 311:Src/stm32f4xx_hal_msp.c ****   }
 312:Src/stm32f4xx_hal_msp.c **** 
 313:Src/stm32f4xx_hal_msp.c **** }
 656              		.loc 1 313 1 view .LVU150
 657 000a 08BD     		pop	{r3, pc}
 658              	.LVL38:
 659              	.L46:
 300:Src/stm32f4xx_hal_msp.c ****   
 660              		.loc 1 300 5 is_stmt 1 view .LVU151
 661 000c 054A     		ldr	r2, .L47+4
 662 000e 136C     		ldr	r3, [r2, #64]
 663 0010 23F40033 		bic	r3, r3, #131072
 664 0014 1364     		str	r3, [r2, #64]
 306:Src/stm32f4xx_hal_msp.c **** 
 665              		.loc 1 306 5 view .LVU152
 666 0016 0C21     		movs	r1, #12
 667 0018 0348     		ldr	r0, .L47+8
 668              	.LVL39:
 306:Src/stm32f4xx_hal_msp.c **** 
 669              		.loc 1 306 5 is_stmt 0 view .LVU153
 670 001a FFF7FEFF 		bl	HAL_GPIO_DeInit
 671              	.LVL40:
 672              		.loc 1 313 1 view .LVU154
 673 001e F4E7     		b	.L43
 674              	.L48:
 675              		.align	2
 676              	.L47:
 677 0020 00440040 		.word	1073759232
 678 0024 00380240 		.word	1073887232
 679 0028 00000240 		.word	1073872896
 680              		.cfi_endproc
 681              	.LFE136:
 683              		.text
 684              	.Letext0:
 685              		.file 2 "/usr/arm-none-eabi/include/machine/_default_types.h"
 686              		.file 3 "/usr/arm-none-eabi/include/sys/_stdint.h"
 687              		.file 4 "Drivers/CMSIS/Include/core_cm4.h"
 688              		.file 5 "Drivers/CMSIS/Device/ST/STM32F4xx/Include/system_stm32f4xx.h"
 689              		.file 6 "Drivers/CMSIS/Device/ST/STM32F4xx/Include/stm32f446xx.h"
 690              		.file 7 "Drivers/CMSIS/Device/ST/STM32F4xx/Include/stm32f4xx.h"
 691              		.file 8 "Drivers/STM32F4xx_HAL_Driver/Inc/stm32f4xx_hal_def.h"
 692              		.file 9 "Drivers/STM32F4xx_HAL_Driver/Inc/stm32f4xx_hal_gpio.h"
 693              		.file 10 "Drivers/STM32F4xx_HAL_Driver/Inc/stm32f4xx_hal_dma.h"
 694              		.file 11 "Drivers/STM32F4xx_HAL_Driver/Inc/stm32f4xx_hal_can.h"
 695              		.file 12 "Drivers/STM32F4xx_HAL_Driver/Inc/stm32f4xx_hal_tim.h"
 696              		.file 13 "Drivers/STM32F4xx_HAL_Driver/Inc/stm32f4xx_hal_uart.h"
 697              		.file 14 "Drivers/STM32F4xx_HAL_Driver/Inc/stm32f4xx_hal_cortex.h"
ARM GAS  /tmp/ccNu8h1f.s 			page 20


ARM GAS  /tmp/ccNu8h1f.s 			page 21


DEFINED SYMBOLS
                            *ABS*:0000000000000000 stm32f4xx_hal_msp.c
     /tmp/ccNu8h1f.s:18     .text.HAL_MspInit:0000000000000000 $t
     /tmp/ccNu8h1f.s:26     .text.HAL_MspInit:0000000000000000 HAL_MspInit
     /tmp/ccNu8h1f.s:80     .text.HAL_MspInit:0000000000000034 $d
     /tmp/ccNu8h1f.s:85     .text.HAL_CAN_MspInit:0000000000000000 $t
     /tmp/ccNu8h1f.s:92     .text.HAL_CAN_MspInit:0000000000000000 HAL_CAN_MspInit
     /tmp/ccNu8h1f.s:198    .text.HAL_CAN_MspInit:0000000000000068 $d
     /tmp/ccNu8h1f.s:204    .text.HAL_CAN_MspDeInit:0000000000000000 $t
     /tmp/ccNu8h1f.s:211    .text.HAL_CAN_MspDeInit:0000000000000000 HAL_CAN_MspDeInit
     /tmp/ccNu8h1f.s:270    .text.HAL_CAN_MspDeInit:000000000000003c $d
     /tmp/ccNu8h1f.s:277    .text.HAL_TIM_Base_MspInit:0000000000000000 $t
     /tmp/ccNu8h1f.s:284    .text.HAL_TIM_Base_MspInit:0000000000000000 HAL_TIM_Base_MspInit
     /tmp/ccNu8h1f.s:403    .text.HAL_TIM_Base_MspInit:000000000000007c $d
     /tmp/ccNu8h1f.s:411    .text.HAL_TIM_Base_MspDeInit:0000000000000000 $t
     /tmp/ccNu8h1f.s:418    .text.HAL_TIM_Base_MspDeInit:0000000000000000 HAL_TIM_Base_MspDeInit
     /tmp/ccNu8h1f.s:498    .text.HAL_TIM_Base_MspDeInit:0000000000000054 $d
     /tmp/ccNu8h1f.s:505    .text.HAL_UART_MspInit:0000000000000000 $t
     /tmp/ccNu8h1f.s:512    .text.HAL_UART_MspInit:0000000000000000 HAL_UART_MspInit
     /tmp/ccNu8h1f.s:621    .text.HAL_UART_MspInit:000000000000006c $d
     /tmp/ccNu8h1f.s:627    .text.HAL_UART_MspDeInit:0000000000000000 $t
     /tmp/ccNu8h1f.s:634    .text.HAL_UART_MspDeInit:0000000000000000 HAL_UART_MspDeInit
     /tmp/ccNu8h1f.s:677    .text.HAL_UART_MspDeInit:0000000000000020 $d

UNDEFINED SYMBOLS
HAL_GPIO_Init
HAL_GPIO_DeInit
HAL_NVIC_DisableIRQ
HAL_NVIC_SetPriority
HAL_NVIC_EnableIRQ
