ARM GAS  /tmp/ccn7pGKq.s 			page 1


   1              		.cpu cortex-m4
   2              		.eabi_attribute 27, 1
   3              		.eabi_attribute 28, 1
   4              		.eabi_attribute 20, 1
   5              		.eabi_attribute 21, 1
   6              		.eabi_attribute 23, 3
   7              		.eabi_attribute 24, 1
   8              		.eabi_attribute 25, 1
   9              		.eabi_attribute 26, 1
  10              		.eabi_attribute 30, 1
  11              		.eabi_attribute 34, 1
  12              		.eabi_attribute 18, 4
  13              		.file	"stm32f4xx_it.c"
  14              		.text
  15              	.Ltext0:
  16              		.cfi_sections	.debug_frame
  17              		.section	.text.NMI_Handler,"ax",%progbits
  18              		.align	1
  19              		.global	NMI_Handler
  20              		.arch armv7e-m
  21              		.syntax unified
  22              		.thumb
  23              		.thumb_func
  24              		.fpu fpv4-sp-d16
  26              	NMI_Handler:
  27              	.LFB130:
  28              		.file 1 "Src/stm32f4xx_it.c"
   1:Src/stm32f4xx_it.c **** /* USER CODE BEGIN Header */
   2:Src/stm32f4xx_it.c **** /**
   3:Src/stm32f4xx_it.c ****   ******************************************************************************
   4:Src/stm32f4xx_it.c ****   * @file    stm32f4xx_it.c
   5:Src/stm32f4xx_it.c ****   * @brief   Interrupt Service Routines.
   6:Src/stm32f4xx_it.c ****   ******************************************************************************
   7:Src/stm32f4xx_it.c ****   * @attention
   8:Src/stm32f4xx_it.c ****   *
   9:Src/stm32f4xx_it.c ****   * <h2><center>&copy; Copyright (c) 2019 STMicroelectronics.
  10:Src/stm32f4xx_it.c ****   * All rights reserved.</center></h2>
  11:Src/stm32f4xx_it.c ****   *
  12:Src/stm32f4xx_it.c ****   * This software component is licensed by ST under BSD 3-Clause license,
  13:Src/stm32f4xx_it.c ****   * the "License"; You may not use this file except in compliance with the
  14:Src/stm32f4xx_it.c ****   * License. You may obtain a copy of the License at:
  15:Src/stm32f4xx_it.c ****   *                        opensource.org/licenses/BSD-3-Clause
  16:Src/stm32f4xx_it.c ****   *
  17:Src/stm32f4xx_it.c ****   ******************************************************************************
  18:Src/stm32f4xx_it.c ****   */
  19:Src/stm32f4xx_it.c **** /* USER CODE END Header */
  20:Src/stm32f4xx_it.c **** 
  21:Src/stm32f4xx_it.c **** /* Includes ------------------------------------------------------------------*/
  22:Src/stm32f4xx_it.c **** #include "main.h"
  23:Src/stm32f4xx_it.c **** #include "stm32f4xx_it.h"
  24:Src/stm32f4xx_it.c **** /* Private includes ----------------------------------------------------------*/
  25:Src/stm32f4xx_it.c **** /* USER CODE BEGIN Includes */
  26:Src/stm32f4xx_it.c **** /* USER CODE END Includes */
  27:Src/stm32f4xx_it.c **** 
  28:Src/stm32f4xx_it.c **** /* Private typedef -----------------------------------------------------------*/
  29:Src/stm32f4xx_it.c **** /* USER CODE BEGIN TD */
  30:Src/stm32f4xx_it.c **** 
ARM GAS  /tmp/ccn7pGKq.s 			page 2


  31:Src/stm32f4xx_it.c **** /* USER CODE END TD */
  32:Src/stm32f4xx_it.c **** 
  33:Src/stm32f4xx_it.c **** /* Private define ------------------------------------------------------------*/
  34:Src/stm32f4xx_it.c **** /* USER CODE BEGIN PD */
  35:Src/stm32f4xx_it.c ****  
  36:Src/stm32f4xx_it.c **** /* USER CODE END PD */
  37:Src/stm32f4xx_it.c **** 
  38:Src/stm32f4xx_it.c **** /* Private macro -------------------------------------------------------------*/
  39:Src/stm32f4xx_it.c **** /* USER CODE BEGIN PM */
  40:Src/stm32f4xx_it.c **** 
  41:Src/stm32f4xx_it.c **** /* USER CODE END PM */
  42:Src/stm32f4xx_it.c **** 
  43:Src/stm32f4xx_it.c **** /* Private variables ---------------------------------------------------------*/
  44:Src/stm32f4xx_it.c **** /* USER CODE BEGIN PV */
  45:Src/stm32f4xx_it.c **** 
  46:Src/stm32f4xx_it.c **** /* USER CODE END PV */
  47:Src/stm32f4xx_it.c **** 
  48:Src/stm32f4xx_it.c **** /* Private function prototypes -----------------------------------------------*/
  49:Src/stm32f4xx_it.c **** /* USER CODE BEGIN PFP */
  50:Src/stm32f4xx_it.c **** 
  51:Src/stm32f4xx_it.c **** /* USER CODE END PFP */
  52:Src/stm32f4xx_it.c **** 
  53:Src/stm32f4xx_it.c **** /* Private user code ---------------------------------------------------------*/
  54:Src/stm32f4xx_it.c **** /* USER CODE BEGIN 0 */
  55:Src/stm32f4xx_it.c **** 
  56:Src/stm32f4xx_it.c **** /* USER CODE END 0 */
  57:Src/stm32f4xx_it.c **** 
  58:Src/stm32f4xx_it.c **** /* External variables --------------------------------------------------------*/
  59:Src/stm32f4xx_it.c **** extern CAN_HandleTypeDef hcan1;
  60:Src/stm32f4xx_it.c **** extern TIM_HandleTypeDef htim6;
  61:Src/stm32f4xx_it.c **** extern TIM_HandleTypeDef htim7;
  62:Src/stm32f4xx_it.c **** extern TIM_HandleTypeDef htim10;
  63:Src/stm32f4xx_it.c **** /* USER CODE BEGIN EV */
  64:Src/stm32f4xx_it.c **** 
  65:Src/stm32f4xx_it.c **** /* USER CODE END EV */
  66:Src/stm32f4xx_it.c **** 
  67:Src/stm32f4xx_it.c **** /******************************************************************************/
  68:Src/stm32f4xx_it.c **** /*           Cortex-M4 Processor Interruption and Exception Handlers          */ 
  69:Src/stm32f4xx_it.c **** /******************************************************************************/
  70:Src/stm32f4xx_it.c **** /**
  71:Src/stm32f4xx_it.c ****   * @brief This function handles Non maskable interrupt.
  72:Src/stm32f4xx_it.c ****   */
  73:Src/stm32f4xx_it.c **** void NMI_Handler(void)
  74:Src/stm32f4xx_it.c **** {
  29              		.loc 1 74 1 view -0
  30              		.cfi_startproc
  31              		@ args = 0, pretend = 0, frame = 0
  32              		@ frame_needed = 0, uses_anonymous_args = 0
  33              		@ link register save eliminated.
  75:Src/stm32f4xx_it.c ****   /* USER CODE BEGIN NonMaskableInt_IRQn 0 */
  76:Src/stm32f4xx_it.c **** 
  77:Src/stm32f4xx_it.c ****   /* USER CODE END NonMaskableInt_IRQn 0 */
  78:Src/stm32f4xx_it.c ****   /* USER CODE BEGIN NonMaskableInt_IRQn 1 */
  79:Src/stm32f4xx_it.c **** 
  80:Src/stm32f4xx_it.c ****   /* USER CODE END NonMaskableInt_IRQn 1 */
  81:Src/stm32f4xx_it.c **** }
  34              		.loc 1 81 1 view .LVU1
ARM GAS  /tmp/ccn7pGKq.s 			page 3


  35 0000 7047     		bx	lr
  36              		.cfi_endproc
  37              	.LFE130:
  39              		.section	.text.HardFault_Handler,"ax",%progbits
  40              		.align	1
  41              		.global	HardFault_Handler
  42              		.syntax unified
  43              		.thumb
  44              		.thumb_func
  45              		.fpu fpv4-sp-d16
  47              	HardFault_Handler:
  48              	.LFB131:
  82:Src/stm32f4xx_it.c **** 
  83:Src/stm32f4xx_it.c **** /**
  84:Src/stm32f4xx_it.c ****   * @brief This function handles Hard fault interrupt.
  85:Src/stm32f4xx_it.c ****   */
  86:Src/stm32f4xx_it.c **** void HardFault_Handler(void)
  87:Src/stm32f4xx_it.c **** {
  49              		.loc 1 87 1 view -0
  50              		.cfi_startproc
  51              		@ Volatile: function does not return.
  52              		@ args = 0, pretend = 0, frame = 0
  53              		@ frame_needed = 0, uses_anonymous_args = 0
  54              		@ link register save eliminated.
  55              	.L3:
  88:Src/stm32f4xx_it.c ****   /* USER CODE BEGIN HardFault_IRQn 0 */
  89:Src/stm32f4xx_it.c **** 
  90:Src/stm32f4xx_it.c ****   /* USER CODE END HardFault_IRQn 0 */
  91:Src/stm32f4xx_it.c ****   while (1)
  56              		.loc 1 91 3 discriminator 1 view .LVU3
  92:Src/stm32f4xx_it.c ****   {
  93:Src/stm32f4xx_it.c ****     /* USER CODE BEGIN W1_HardFault_IRQn 0 */
  94:Src/stm32f4xx_it.c ****     /* USER CODE END W1_HardFault_IRQn 0 */
  95:Src/stm32f4xx_it.c ****   }
  57              		.loc 1 95 3 discriminator 1 view .LVU4
  91:Src/stm32f4xx_it.c ****   {
  58              		.loc 1 91 9 discriminator 1 view .LVU5
  59 0000 FEE7     		b	.L3
  60              		.cfi_endproc
  61              	.LFE131:
  63              		.section	.text.MemManage_Handler,"ax",%progbits
  64              		.align	1
  65              		.global	MemManage_Handler
  66              		.syntax unified
  67              		.thumb
  68              		.thumb_func
  69              		.fpu fpv4-sp-d16
  71              	MemManage_Handler:
  72              	.LFB132:
  96:Src/stm32f4xx_it.c **** }
  97:Src/stm32f4xx_it.c **** 
  98:Src/stm32f4xx_it.c **** /**
  99:Src/stm32f4xx_it.c ****   * @brief This function handles Memory management fault.
 100:Src/stm32f4xx_it.c ****   */
 101:Src/stm32f4xx_it.c **** void MemManage_Handler(void)
 102:Src/stm32f4xx_it.c **** {
  73              		.loc 1 102 1 view -0
ARM GAS  /tmp/ccn7pGKq.s 			page 4


  74              		.cfi_startproc
  75              		@ Volatile: function does not return.
  76              		@ args = 0, pretend = 0, frame = 0
  77              		@ frame_needed = 0, uses_anonymous_args = 0
  78              		@ link register save eliminated.
  79              	.L5:
 103:Src/stm32f4xx_it.c ****   /* USER CODE BEGIN MemoryManagement_IRQn 0 */
 104:Src/stm32f4xx_it.c **** 
 105:Src/stm32f4xx_it.c ****   /* USER CODE END MemoryManagement_IRQn 0 */
 106:Src/stm32f4xx_it.c ****   while (1)
  80              		.loc 1 106 3 discriminator 1 view .LVU7
 107:Src/stm32f4xx_it.c ****   {
 108:Src/stm32f4xx_it.c ****     /* USER CODE BEGIN W1_MemoryManagement_IRQn 0 */
 109:Src/stm32f4xx_it.c ****     /* USER CODE END W1_MemoryManagement_IRQn 0 */
 110:Src/stm32f4xx_it.c ****   }
  81              		.loc 1 110 3 discriminator 1 view .LVU8
 106:Src/stm32f4xx_it.c ****   {
  82              		.loc 1 106 9 discriminator 1 view .LVU9
  83 0000 FEE7     		b	.L5
  84              		.cfi_endproc
  85              	.LFE132:
  87              		.section	.text.BusFault_Handler,"ax",%progbits
  88              		.align	1
  89              		.global	BusFault_Handler
  90              		.syntax unified
  91              		.thumb
  92              		.thumb_func
  93              		.fpu fpv4-sp-d16
  95              	BusFault_Handler:
  96              	.LFB133:
 111:Src/stm32f4xx_it.c **** }
 112:Src/stm32f4xx_it.c **** 
 113:Src/stm32f4xx_it.c **** /**
 114:Src/stm32f4xx_it.c ****   * @brief This function handles Pre-fetch fault, memory access fault.
 115:Src/stm32f4xx_it.c ****   */
 116:Src/stm32f4xx_it.c **** void BusFault_Handler(void)
 117:Src/stm32f4xx_it.c **** {
  97              		.loc 1 117 1 view -0
  98              		.cfi_startproc
  99              		@ Volatile: function does not return.
 100              		@ args = 0, pretend = 0, frame = 0
 101              		@ frame_needed = 0, uses_anonymous_args = 0
 102              		@ link register save eliminated.
 103              	.L7:
 118:Src/stm32f4xx_it.c ****   /* USER CODE BEGIN BusFault_IRQn 0 */
 119:Src/stm32f4xx_it.c **** 
 120:Src/stm32f4xx_it.c ****   /* USER CODE END BusFault_IRQn 0 */
 121:Src/stm32f4xx_it.c ****   while (1)
 104              		.loc 1 121 3 discriminator 1 view .LVU11
 122:Src/stm32f4xx_it.c ****   {
 123:Src/stm32f4xx_it.c ****     /* USER CODE BEGIN W1_BusFault_IRQn 0 */
 124:Src/stm32f4xx_it.c ****     /* USER CODE END W1_BusFault_IRQn 0 */
 125:Src/stm32f4xx_it.c ****   }
 105              		.loc 1 125 3 discriminator 1 view .LVU12
 121:Src/stm32f4xx_it.c ****   {
 106              		.loc 1 121 9 discriminator 1 view .LVU13
 107 0000 FEE7     		b	.L7
ARM GAS  /tmp/ccn7pGKq.s 			page 5


 108              		.cfi_endproc
 109              	.LFE133:
 111              		.section	.text.UsageFault_Handler,"ax",%progbits
 112              		.align	1
 113              		.global	UsageFault_Handler
 114              		.syntax unified
 115              		.thumb
 116              		.thumb_func
 117              		.fpu fpv4-sp-d16
 119              	UsageFault_Handler:
 120              	.LFB134:
 126:Src/stm32f4xx_it.c **** }
 127:Src/stm32f4xx_it.c **** 
 128:Src/stm32f4xx_it.c **** /**
 129:Src/stm32f4xx_it.c ****   * @brief This function handles Undefined instruction or illegal state.
 130:Src/stm32f4xx_it.c ****   */
 131:Src/stm32f4xx_it.c **** void UsageFault_Handler(void)
 132:Src/stm32f4xx_it.c **** {
 121              		.loc 1 132 1 view -0
 122              		.cfi_startproc
 123              		@ Volatile: function does not return.
 124              		@ args = 0, pretend = 0, frame = 0
 125              		@ frame_needed = 0, uses_anonymous_args = 0
 126              		@ link register save eliminated.
 127              	.L9:
 133:Src/stm32f4xx_it.c ****   /* USER CODE BEGIN UsageFault_IRQn 0 */
 134:Src/stm32f4xx_it.c **** 
 135:Src/stm32f4xx_it.c ****   /* USER CODE END UsageFault_IRQn 0 */
 136:Src/stm32f4xx_it.c ****   while (1)
 128              		.loc 1 136 3 discriminator 1 view .LVU15
 137:Src/stm32f4xx_it.c ****   {
 138:Src/stm32f4xx_it.c ****     /* USER CODE BEGIN W1_UsageFault_IRQn 0 */
 139:Src/stm32f4xx_it.c ****     /* USER CODE END W1_UsageFault_IRQn 0 */
 140:Src/stm32f4xx_it.c ****   }
 129              		.loc 1 140 3 discriminator 1 view .LVU16
 136:Src/stm32f4xx_it.c ****   {
 130              		.loc 1 136 9 discriminator 1 view .LVU17
 131 0000 FEE7     		b	.L9
 132              		.cfi_endproc
 133              	.LFE134:
 135              		.section	.text.SVC_Handler,"ax",%progbits
 136              		.align	1
 137              		.global	SVC_Handler
 138              		.syntax unified
 139              		.thumb
 140              		.thumb_func
 141              		.fpu fpv4-sp-d16
 143              	SVC_Handler:
 144              	.LFB135:
 141:Src/stm32f4xx_it.c **** }
 142:Src/stm32f4xx_it.c **** 
 143:Src/stm32f4xx_it.c **** /**
 144:Src/stm32f4xx_it.c ****   * @brief This function handles System service call via SWI instruction.
 145:Src/stm32f4xx_it.c ****   */
 146:Src/stm32f4xx_it.c **** void SVC_Handler(void)
 147:Src/stm32f4xx_it.c **** {
 145              		.loc 1 147 1 view -0
ARM GAS  /tmp/ccn7pGKq.s 			page 6


 146              		.cfi_startproc
 147              		@ args = 0, pretend = 0, frame = 0
 148              		@ frame_needed = 0, uses_anonymous_args = 0
 149              		@ link register save eliminated.
 148:Src/stm32f4xx_it.c ****   /* USER CODE BEGIN SVCall_IRQn 0 */
 149:Src/stm32f4xx_it.c **** 
 150:Src/stm32f4xx_it.c ****   /* USER CODE END SVCall_IRQn 0 */
 151:Src/stm32f4xx_it.c ****   /* USER CODE BEGIN SVCall_IRQn 1 */
 152:Src/stm32f4xx_it.c **** 
 153:Src/stm32f4xx_it.c ****   /* USER CODE END SVCall_IRQn 1 */
 154:Src/stm32f4xx_it.c **** }
 150              		.loc 1 154 1 view .LVU19
 151 0000 7047     		bx	lr
 152              		.cfi_endproc
 153              	.LFE135:
 155              		.section	.text.DebugMon_Handler,"ax",%progbits
 156              		.align	1
 157              		.global	DebugMon_Handler
 158              		.syntax unified
 159              		.thumb
 160              		.thumb_func
 161              		.fpu fpv4-sp-d16
 163              	DebugMon_Handler:
 164              	.LFB136:
 155:Src/stm32f4xx_it.c **** 
 156:Src/stm32f4xx_it.c **** /**
 157:Src/stm32f4xx_it.c ****   * @brief This function handles Debug monitor.
 158:Src/stm32f4xx_it.c ****   */
 159:Src/stm32f4xx_it.c **** void DebugMon_Handler(void)
 160:Src/stm32f4xx_it.c **** {
 165              		.loc 1 160 1 view -0
 166              		.cfi_startproc
 167              		@ args = 0, pretend = 0, frame = 0
 168              		@ frame_needed = 0, uses_anonymous_args = 0
 169              		@ link register save eliminated.
 161:Src/stm32f4xx_it.c ****   /* USER CODE BEGIN DebugMonitor_IRQn 0 */
 162:Src/stm32f4xx_it.c **** 
 163:Src/stm32f4xx_it.c ****   /* USER CODE END DebugMonitor_IRQn 0 */
 164:Src/stm32f4xx_it.c ****   /* USER CODE BEGIN DebugMonitor_IRQn 1 */
 165:Src/stm32f4xx_it.c **** 
 166:Src/stm32f4xx_it.c ****   /* USER CODE END DebugMonitor_IRQn 1 */
 167:Src/stm32f4xx_it.c **** }
 170              		.loc 1 167 1 view .LVU21
 171 0000 7047     		bx	lr
 172              		.cfi_endproc
 173              	.LFE136:
 175              		.section	.text.PendSV_Handler,"ax",%progbits
 176              		.align	1
 177              		.global	PendSV_Handler
 178              		.syntax unified
 179              		.thumb
 180              		.thumb_func
 181              		.fpu fpv4-sp-d16
 183              	PendSV_Handler:
 184              	.LFB137:
 168:Src/stm32f4xx_it.c **** 
 169:Src/stm32f4xx_it.c **** /**
ARM GAS  /tmp/ccn7pGKq.s 			page 7


 170:Src/stm32f4xx_it.c ****   * @brief This function handles Pendable request for system service.
 171:Src/stm32f4xx_it.c ****   */
 172:Src/stm32f4xx_it.c **** void PendSV_Handler(void)
 173:Src/stm32f4xx_it.c **** {
 185              		.loc 1 173 1 view -0
 186              		.cfi_startproc
 187              		@ args = 0, pretend = 0, frame = 0
 188              		@ frame_needed = 0, uses_anonymous_args = 0
 189              		@ link register save eliminated.
 174:Src/stm32f4xx_it.c ****   /* USER CODE BEGIN PendSV_IRQn 0 */
 175:Src/stm32f4xx_it.c **** 
 176:Src/stm32f4xx_it.c ****   /* USER CODE END PendSV_IRQn 0 */
 177:Src/stm32f4xx_it.c ****   /* USER CODE BEGIN PendSV_IRQn 1 */
 178:Src/stm32f4xx_it.c **** 
 179:Src/stm32f4xx_it.c ****   /* USER CODE END PendSV_IRQn 1 */
 180:Src/stm32f4xx_it.c **** }
 190              		.loc 1 180 1 view .LVU23
 191 0000 7047     		bx	lr
 192              		.cfi_endproc
 193              	.LFE137:
 195              		.section	.text.SysTick_Handler,"ax",%progbits
 196              		.align	1
 197              		.global	SysTick_Handler
 198              		.syntax unified
 199              		.thumb
 200              		.thumb_func
 201              		.fpu fpv4-sp-d16
 203              	SysTick_Handler:
 204              	.LFB138:
 181:Src/stm32f4xx_it.c **** 
 182:Src/stm32f4xx_it.c **** /**
 183:Src/stm32f4xx_it.c ****   * @brief This function handles System tick timer.
 184:Src/stm32f4xx_it.c ****   */
 185:Src/stm32f4xx_it.c **** void SysTick_Handler(void)
 186:Src/stm32f4xx_it.c **** {
 205              		.loc 1 186 1 view -0
 206              		.cfi_startproc
 207              		@ args = 0, pretend = 0, frame = 0
 208              		@ frame_needed = 0, uses_anonymous_args = 0
 209 0000 08B5     		push	{r3, lr}
 210              	.LCFI0:
 211              		.cfi_def_cfa_offset 8
 212              		.cfi_offset 3, -8
 213              		.cfi_offset 14, -4
 187:Src/stm32f4xx_it.c ****   /* USER CODE BEGIN SysTick_IRQn 0 */
 188:Src/stm32f4xx_it.c **** 
 189:Src/stm32f4xx_it.c ****   /* USER CODE END SysTick_IRQn 0 */
 190:Src/stm32f4xx_it.c ****   HAL_IncTick();
 214              		.loc 1 190 3 view .LVU25
 215 0002 FFF7FEFF 		bl	HAL_IncTick
 216              	.LVL0:
 191:Src/stm32f4xx_it.c ****   /* USER CODE BEGIN SysTick_IRQn 1 */
 192:Src/stm32f4xx_it.c **** 
 193:Src/stm32f4xx_it.c ****   /* USER CODE END SysTick_IRQn 1 */
 194:Src/stm32f4xx_it.c **** }
 217              		.loc 1 194 1 is_stmt 0 view .LVU26
 218 0006 08BD     		pop	{r3, pc}
ARM GAS  /tmp/ccn7pGKq.s 			page 8


 219              		.cfi_endproc
 220              	.LFE138:
 222              		.section	.text.CAN1_TX_IRQHandler,"ax",%progbits
 223              		.align	1
 224              		.global	CAN1_TX_IRQHandler
 225              		.syntax unified
 226              		.thumb
 227              		.thumb_func
 228              		.fpu fpv4-sp-d16
 230              	CAN1_TX_IRQHandler:
 231              	.LFB139:
 195:Src/stm32f4xx_it.c **** 
 196:Src/stm32f4xx_it.c **** /******************************************************************************/
 197:Src/stm32f4xx_it.c **** /* STM32F4xx Peripheral Interrupt Handlers                                    */
 198:Src/stm32f4xx_it.c **** /* Add here the Interrupt Handlers for the used peripherals.                  */
 199:Src/stm32f4xx_it.c **** /* For the available peripheral interrupt handler names,                      */
 200:Src/stm32f4xx_it.c **** /* please refer to the startup file (startup_stm32f4xx.s).                    */
 201:Src/stm32f4xx_it.c **** /******************************************************************************/
 202:Src/stm32f4xx_it.c **** 
 203:Src/stm32f4xx_it.c **** /**
 204:Src/stm32f4xx_it.c ****   * @brief This function handles CAN1 TX interrupt.
 205:Src/stm32f4xx_it.c ****   */
 206:Src/stm32f4xx_it.c **** void CAN1_TX_IRQHandler(void)
 207:Src/stm32f4xx_it.c **** {
 232              		.loc 1 207 1 is_stmt 1 view -0
 233              		.cfi_startproc
 234              		@ args = 0, pretend = 0, frame = 0
 235              		@ frame_needed = 0, uses_anonymous_args = 0
 236 0000 08B5     		push	{r3, lr}
 237              	.LCFI1:
 238              		.cfi_def_cfa_offset 8
 239              		.cfi_offset 3, -8
 240              		.cfi_offset 14, -4
 208:Src/stm32f4xx_it.c ****   /* USER CODE BEGIN CAN1_TX_IRQn 0 */
 209:Src/stm32f4xx_it.c **** 
 210:Src/stm32f4xx_it.c ****   /* USER CODE END CAN1_TX_IRQn 0 */
 211:Src/stm32f4xx_it.c ****   HAL_CAN_IRQHandler(&hcan1);
 241              		.loc 1 211 3 view .LVU28
 242 0002 0248     		ldr	r0, .L17
 243 0004 FFF7FEFF 		bl	HAL_CAN_IRQHandler
 244              	.LVL1:
 212:Src/stm32f4xx_it.c ****   /* USER CODE BEGIN CAN1_TX_IRQn 1 */
 213:Src/stm32f4xx_it.c **** 
 214:Src/stm32f4xx_it.c ****   /* USER CODE END CAN1_TX_IRQn 1 */
 215:Src/stm32f4xx_it.c **** }
 245              		.loc 1 215 1 is_stmt 0 view .LVU29
 246 0008 08BD     		pop	{r3, pc}
 247              	.L18:
 248 000a 00BF     		.align	2
 249              	.L17:
 250 000c 00000000 		.word	hcan1
 251              		.cfi_endproc
 252              	.LFE139:
 254              		.section	.text.CAN1_RX0_IRQHandler,"ax",%progbits
 255              		.align	1
 256              		.global	CAN1_RX0_IRQHandler
 257              		.syntax unified
ARM GAS  /tmp/ccn7pGKq.s 			page 9


 258              		.thumb
 259              		.thumb_func
 260              		.fpu fpv4-sp-d16
 262              	CAN1_RX0_IRQHandler:
 263              	.LFB140:
 216:Src/stm32f4xx_it.c **** 
 217:Src/stm32f4xx_it.c **** /**
 218:Src/stm32f4xx_it.c ****   * @brief This function handles CAN1 RX0 interrupt.
 219:Src/stm32f4xx_it.c ****   */
 220:Src/stm32f4xx_it.c **** void CAN1_RX0_IRQHandler(void)
 221:Src/stm32f4xx_it.c **** {
 264              		.loc 1 221 1 is_stmt 1 view -0
 265              		.cfi_startproc
 266              		@ args = 0, pretend = 0, frame = 0
 267              		@ frame_needed = 0, uses_anonymous_args = 0
 268 0000 08B5     		push	{r3, lr}
 269              	.LCFI2:
 270              		.cfi_def_cfa_offset 8
 271              		.cfi_offset 3, -8
 272              		.cfi_offset 14, -4
 222:Src/stm32f4xx_it.c ****   /* USER CODE BEGIN CAN1_RX0_IRQn 0 */
 223:Src/stm32f4xx_it.c **** 
 224:Src/stm32f4xx_it.c ****   /* USER CODE END CAN1_RX0_IRQn 0 */
 225:Src/stm32f4xx_it.c ****   HAL_CAN_IRQHandler(&hcan1);
 273              		.loc 1 225 3 view .LVU31
 274 0002 0248     		ldr	r0, .L21
 275 0004 FFF7FEFF 		bl	HAL_CAN_IRQHandler
 276              	.LVL2:
 226:Src/stm32f4xx_it.c ****   /* USER CODE BEGIN CAN1_RX0_IRQn 1 */
 227:Src/stm32f4xx_it.c **** 
 228:Src/stm32f4xx_it.c ****   /* USER CODE END CAN1_RX0_IRQn 1 */
 229:Src/stm32f4xx_it.c **** }
 277              		.loc 1 229 1 is_stmt 0 view .LVU32
 278 0008 08BD     		pop	{r3, pc}
 279              	.L22:
 280 000a 00BF     		.align	2
 281              	.L21:
 282 000c 00000000 		.word	hcan1
 283              		.cfi_endproc
 284              	.LFE140:
 286              		.section	.text.CAN1_RX1_IRQHandler,"ax",%progbits
 287              		.align	1
 288              		.global	CAN1_RX1_IRQHandler
 289              		.syntax unified
 290              		.thumb
 291              		.thumb_func
 292              		.fpu fpv4-sp-d16
 294              	CAN1_RX1_IRQHandler:
 295              	.LFB141:
 230:Src/stm32f4xx_it.c **** 
 231:Src/stm32f4xx_it.c **** /**
 232:Src/stm32f4xx_it.c ****   * @brief This function handles CAN1 RX1 interrupt.
 233:Src/stm32f4xx_it.c ****   */
 234:Src/stm32f4xx_it.c **** void CAN1_RX1_IRQHandler(void)
 235:Src/stm32f4xx_it.c **** {
 296              		.loc 1 235 1 is_stmt 1 view -0
 297              		.cfi_startproc
ARM GAS  /tmp/ccn7pGKq.s 			page 10


 298              		@ args = 0, pretend = 0, frame = 0
 299              		@ frame_needed = 0, uses_anonymous_args = 0
 300 0000 08B5     		push	{r3, lr}
 301              	.LCFI3:
 302              		.cfi_def_cfa_offset 8
 303              		.cfi_offset 3, -8
 304              		.cfi_offset 14, -4
 236:Src/stm32f4xx_it.c ****   /* USER CODE BEGIN CAN1_RX1_IRQn 0 */
 237:Src/stm32f4xx_it.c **** 
 238:Src/stm32f4xx_it.c ****   /* USER CODE END CAN1_RX1_IRQn 0 */
 239:Src/stm32f4xx_it.c ****   HAL_CAN_IRQHandler(&hcan1);
 305              		.loc 1 239 3 view .LVU34
 306 0002 0248     		ldr	r0, .L25
 307 0004 FFF7FEFF 		bl	HAL_CAN_IRQHandler
 308              	.LVL3:
 240:Src/stm32f4xx_it.c ****   /* USER CODE BEGIN CAN1_RX1_IRQn 1 */
 241:Src/stm32f4xx_it.c **** 
 242:Src/stm32f4xx_it.c ****   /* USER CODE END CAN1_RX1_IRQn 1 */
 243:Src/stm32f4xx_it.c **** }
 309              		.loc 1 243 1 is_stmt 0 view .LVU35
 310 0008 08BD     		pop	{r3, pc}
 311              	.L26:
 312 000a 00BF     		.align	2
 313              	.L25:
 314 000c 00000000 		.word	hcan1
 315              		.cfi_endproc
 316              	.LFE141:
 318              		.section	.text.CAN1_SCE_IRQHandler,"ax",%progbits
 319              		.align	1
 320              		.global	CAN1_SCE_IRQHandler
 321              		.syntax unified
 322              		.thumb
 323              		.thumb_func
 324              		.fpu fpv4-sp-d16
 326              	CAN1_SCE_IRQHandler:
 327              	.LFB142:
 244:Src/stm32f4xx_it.c **** 
 245:Src/stm32f4xx_it.c **** /**
 246:Src/stm32f4xx_it.c ****   * @brief This function handles CAN1 SCE interrupt.
 247:Src/stm32f4xx_it.c ****   */
 248:Src/stm32f4xx_it.c **** void CAN1_SCE_IRQHandler(void)
 249:Src/stm32f4xx_it.c **** {
 328              		.loc 1 249 1 is_stmt 1 view -0
 329              		.cfi_startproc
 330              		@ args = 0, pretend = 0, frame = 0
 331              		@ frame_needed = 0, uses_anonymous_args = 0
 332 0000 08B5     		push	{r3, lr}
 333              	.LCFI4:
 334              		.cfi_def_cfa_offset 8
 335              		.cfi_offset 3, -8
 336              		.cfi_offset 14, -4
 250:Src/stm32f4xx_it.c ****   /* USER CODE BEGIN CAN1_SCE_IRQn 0 */
 251:Src/stm32f4xx_it.c **** 
 252:Src/stm32f4xx_it.c ****   /* USER CODE END CAN1_SCE_IRQn 0 */
 253:Src/stm32f4xx_it.c ****   HAL_CAN_IRQHandler(&hcan1);
 337              		.loc 1 253 3 view .LVU37
 338 0002 0248     		ldr	r0, .L29
ARM GAS  /tmp/ccn7pGKq.s 			page 11


 339 0004 FFF7FEFF 		bl	HAL_CAN_IRQHandler
 340              	.LVL4:
 254:Src/stm32f4xx_it.c ****   /* USER CODE BEGIN CAN1_SCE_IRQn 1 */
 255:Src/stm32f4xx_it.c **** 
 256:Src/stm32f4xx_it.c ****   /* USER CODE END CAN1_SCE_IRQn 1 */
 257:Src/stm32f4xx_it.c **** }
 341              		.loc 1 257 1 is_stmt 0 view .LVU38
 342 0008 08BD     		pop	{r3, pc}
 343              	.L30:
 344 000a 00BF     		.align	2
 345              	.L29:
 346 000c 00000000 		.word	hcan1
 347              		.cfi_endproc
 348              	.LFE142:
 350              		.section	.text.TIM1_UP_TIM10_IRQHandler,"ax",%progbits
 351              		.align	1
 352              		.global	TIM1_UP_TIM10_IRQHandler
 353              		.syntax unified
 354              		.thumb
 355              		.thumb_func
 356              		.fpu fpv4-sp-d16
 358              	TIM1_UP_TIM10_IRQHandler:
 359              	.LFB143:
 258:Src/stm32f4xx_it.c **** 
 259:Src/stm32f4xx_it.c **** /**
 260:Src/stm32f4xx_it.c ****   * @brief This function handles TIM1 update interrupt and TIM10 global interrupt.
 261:Src/stm32f4xx_it.c ****   */
 262:Src/stm32f4xx_it.c **** void TIM1_UP_TIM10_IRQHandler(void)
 263:Src/stm32f4xx_it.c **** {
 360              		.loc 1 263 1 is_stmt 1 view -0
 361              		.cfi_startproc
 362              		@ args = 0, pretend = 0, frame = 0
 363              		@ frame_needed = 0, uses_anonymous_args = 0
 364 0000 08B5     		push	{r3, lr}
 365              	.LCFI5:
 366              		.cfi_def_cfa_offset 8
 367              		.cfi_offset 3, -8
 368              		.cfi_offset 14, -4
 264:Src/stm32f4xx_it.c ****   /* USER CODE BEGIN TIM1_UP_TIM10_IRQn 0 */
 265:Src/stm32f4xx_it.c **** 
 266:Src/stm32f4xx_it.c ****   /* USER CODE END TIM1_UP_TIM10_IRQn 0 */
 267:Src/stm32f4xx_it.c ****   HAL_TIM_IRQHandler(&htim10);
 369              		.loc 1 267 3 view .LVU40
 370 0002 0248     		ldr	r0, .L33
 371 0004 FFF7FEFF 		bl	HAL_TIM_IRQHandler
 372              	.LVL5:
 268:Src/stm32f4xx_it.c ****   /* USER CODE BEGIN TIM1_UP_TIM10_IRQn 1 */
 269:Src/stm32f4xx_it.c **** 
 270:Src/stm32f4xx_it.c ****   /* USER CODE END TIM1_UP_TIM10_IRQn 1 */
 271:Src/stm32f4xx_it.c **** }
 373              		.loc 1 271 1 is_stmt 0 view .LVU41
 374 0008 08BD     		pop	{r3, pc}
 375              	.L34:
 376 000a 00BF     		.align	2
 377              	.L33:
 378 000c 00000000 		.word	htim10
 379              		.cfi_endproc
ARM GAS  /tmp/ccn7pGKq.s 			page 12


 380              	.LFE143:
 382              		.section	.text.TIM6_DAC_IRQHandler,"ax",%progbits
 383              		.align	1
 384              		.global	TIM6_DAC_IRQHandler
 385              		.syntax unified
 386              		.thumb
 387              		.thumb_func
 388              		.fpu fpv4-sp-d16
 390              	TIM6_DAC_IRQHandler:
 391              	.LFB144:
 272:Src/stm32f4xx_it.c **** 
 273:Src/stm32f4xx_it.c **** /**
 274:Src/stm32f4xx_it.c ****   * @brief This function handles TIM6 global interrupt and DAC1, DAC2 underrun error interrupts.
 275:Src/stm32f4xx_it.c ****   */
 276:Src/stm32f4xx_it.c **** void TIM6_DAC_IRQHandler(void)
 277:Src/stm32f4xx_it.c **** {
 392              		.loc 1 277 1 is_stmt 1 view -0
 393              		.cfi_startproc
 394              		@ args = 0, pretend = 0, frame = 0
 395              		@ frame_needed = 0, uses_anonymous_args = 0
 396 0000 08B5     		push	{r3, lr}
 397              	.LCFI6:
 398              		.cfi_def_cfa_offset 8
 399              		.cfi_offset 3, -8
 400              		.cfi_offset 14, -4
 278:Src/stm32f4xx_it.c ****   /* USER CODE BEGIN TIM6_DAC_IRQn 0 */
 279:Src/stm32f4xx_it.c **** 
 280:Src/stm32f4xx_it.c ****   /* USER CODE END TIM6_DAC_IRQn 0 */
 281:Src/stm32f4xx_it.c ****   HAL_TIM_IRQHandler(&htim6);
 401              		.loc 1 281 3 view .LVU43
 402 0002 0248     		ldr	r0, .L37
 403 0004 FFF7FEFF 		bl	HAL_TIM_IRQHandler
 404              	.LVL6:
 282:Src/stm32f4xx_it.c ****   /* USER CODE BEGIN TIM6_DAC_IRQn 1 */
 283:Src/stm32f4xx_it.c **** 
 284:Src/stm32f4xx_it.c ****   /* USER CODE END TIM6_DAC_IRQn 1 */
 285:Src/stm32f4xx_it.c **** }
 405              		.loc 1 285 1 is_stmt 0 view .LVU44
 406 0008 08BD     		pop	{r3, pc}
 407              	.L38:
 408 000a 00BF     		.align	2
 409              	.L37:
 410 000c 00000000 		.word	htim6
 411              		.cfi_endproc
 412              	.LFE144:
 414              		.section	.text.TIM7_IRQHandler,"ax",%progbits
 415              		.align	1
 416              		.global	TIM7_IRQHandler
 417              		.syntax unified
 418              		.thumb
 419              		.thumb_func
 420              		.fpu fpv4-sp-d16
 422              	TIM7_IRQHandler:
 423              	.LFB145:
 286:Src/stm32f4xx_it.c **** 
 287:Src/stm32f4xx_it.c **** /**
 288:Src/stm32f4xx_it.c ****   * @brief This function handles TIM7 global interrupt.
ARM GAS  /tmp/ccn7pGKq.s 			page 13


 289:Src/stm32f4xx_it.c ****   */
 290:Src/stm32f4xx_it.c **** void TIM7_IRQHandler(void)
 291:Src/stm32f4xx_it.c **** {
 424              		.loc 1 291 1 is_stmt 1 view -0
 425              		.cfi_startproc
 426              		@ args = 0, pretend = 0, frame = 0
 427              		@ frame_needed = 0, uses_anonymous_args = 0
 428 0000 08B5     		push	{r3, lr}
 429              	.LCFI7:
 430              		.cfi_def_cfa_offset 8
 431              		.cfi_offset 3, -8
 432              		.cfi_offset 14, -4
 292:Src/stm32f4xx_it.c ****   /* USER CODE BEGIN TIM7_IRQn 0 */
 293:Src/stm32f4xx_it.c **** 
 294:Src/stm32f4xx_it.c ****   /* USER CODE END TIM7_IRQn 0 */
 295:Src/stm32f4xx_it.c ****   HAL_TIM_IRQHandler(&htim7);
 433              		.loc 1 295 3 view .LVU46
 434 0002 0248     		ldr	r0, .L41
 435 0004 FFF7FEFF 		bl	HAL_TIM_IRQHandler
 436              	.LVL7:
 296:Src/stm32f4xx_it.c ****   /* USER CODE BEGIN TIM7_IRQn 1 */
 297:Src/stm32f4xx_it.c **** 
 298:Src/stm32f4xx_it.c ****   /* USER CODE END TIM7_IRQn 1 */
 299:Src/stm32f4xx_it.c **** }
 437              		.loc 1 299 1 is_stmt 0 view .LVU47
 438 0008 08BD     		pop	{r3, pc}
 439              	.L42:
 440 000a 00BF     		.align	2
 441              	.L41:
 442 000c 00000000 		.word	htim7
 443              		.cfi_endproc
 444              	.LFE145:
 446              		.text
 447              	.Letext0:
 448              		.file 2 "/usr/arm-none-eabi/include/machine/_default_types.h"
 449              		.file 3 "/usr/arm-none-eabi/include/sys/_stdint.h"
 450              		.file 4 "Drivers/CMSIS/Include/core_cm4.h"
 451              		.file 5 "Drivers/CMSIS/Device/ST/STM32F4xx/Include/system_stm32f4xx.h"
 452              		.file 6 "Drivers/CMSIS/Device/ST/STM32F4xx/Include/stm32f446xx.h"
 453              		.file 7 "Drivers/CMSIS/Device/ST/STM32F4xx/Include/stm32f4xx.h"
 454              		.file 8 "Drivers/STM32F4xx_HAL_Driver/Inc/stm32f4xx_hal_def.h"
 455              		.file 9 "Drivers/STM32F4xx_HAL_Driver/Inc/stm32f4xx_hal_dma.h"
 456              		.file 10 "Drivers/STM32F4xx_HAL_Driver/Inc/stm32f4xx_hal_can.h"
 457              		.file 11 "Drivers/STM32F4xx_HAL_Driver/Inc/stm32f4xx_hal_tim.h"
 458              		.file 12 "Drivers/STM32F4xx_HAL_Driver/Inc/stm32f4xx_hal.h"
ARM GAS  /tmp/ccn7pGKq.s 			page 14


DEFINED SYMBOLS
                            *ABS*:0000000000000000 stm32f4xx_it.c
     /tmp/ccn7pGKq.s:18     .text.NMI_Handler:0000000000000000 $t
     /tmp/ccn7pGKq.s:26     .text.NMI_Handler:0000000000000000 NMI_Handler
     /tmp/ccn7pGKq.s:40     .text.HardFault_Handler:0000000000000000 $t
     /tmp/ccn7pGKq.s:47     .text.HardFault_Handler:0000000000000000 HardFault_Handler
     /tmp/ccn7pGKq.s:64     .text.MemManage_Handler:0000000000000000 $t
     /tmp/ccn7pGKq.s:71     .text.MemManage_Handler:0000000000000000 MemManage_Handler
     /tmp/ccn7pGKq.s:88     .text.BusFault_Handler:0000000000000000 $t
     /tmp/ccn7pGKq.s:95     .text.BusFault_Handler:0000000000000000 BusFault_Handler
     /tmp/ccn7pGKq.s:112    .text.UsageFault_Handler:0000000000000000 $t
     /tmp/ccn7pGKq.s:119    .text.UsageFault_Handler:0000000000000000 UsageFault_Handler
     /tmp/ccn7pGKq.s:136    .text.SVC_Handler:0000000000000000 $t
     /tmp/ccn7pGKq.s:143    .text.SVC_Handler:0000000000000000 SVC_Handler
     /tmp/ccn7pGKq.s:156    .text.DebugMon_Handler:0000000000000000 $t
     /tmp/ccn7pGKq.s:163    .text.DebugMon_Handler:0000000000000000 DebugMon_Handler
     /tmp/ccn7pGKq.s:176    .text.PendSV_Handler:0000000000000000 $t
     /tmp/ccn7pGKq.s:183    .text.PendSV_Handler:0000000000000000 PendSV_Handler
     /tmp/ccn7pGKq.s:196    .text.SysTick_Handler:0000000000000000 $t
     /tmp/ccn7pGKq.s:203    .text.SysTick_Handler:0000000000000000 SysTick_Handler
     /tmp/ccn7pGKq.s:223    .text.CAN1_TX_IRQHandler:0000000000000000 $t
     /tmp/ccn7pGKq.s:230    .text.CAN1_TX_IRQHandler:0000000000000000 CAN1_TX_IRQHandler
     /tmp/ccn7pGKq.s:250    .text.CAN1_TX_IRQHandler:000000000000000c $d
     /tmp/ccn7pGKq.s:255    .text.CAN1_RX0_IRQHandler:0000000000000000 $t
     /tmp/ccn7pGKq.s:262    .text.CAN1_RX0_IRQHandler:0000000000000000 CAN1_RX0_IRQHandler
     /tmp/ccn7pGKq.s:282    .text.CAN1_RX0_IRQHandler:000000000000000c $d
     /tmp/ccn7pGKq.s:287    .text.CAN1_RX1_IRQHandler:0000000000000000 $t
     /tmp/ccn7pGKq.s:294    .text.CAN1_RX1_IRQHandler:0000000000000000 CAN1_RX1_IRQHandler
     /tmp/ccn7pGKq.s:314    .text.CAN1_RX1_IRQHandler:000000000000000c $d
     /tmp/ccn7pGKq.s:319    .text.CAN1_SCE_IRQHandler:0000000000000000 $t
     /tmp/ccn7pGKq.s:326    .text.CAN1_SCE_IRQHandler:0000000000000000 CAN1_SCE_IRQHandler
     /tmp/ccn7pGKq.s:346    .text.CAN1_SCE_IRQHandler:000000000000000c $d
     /tmp/ccn7pGKq.s:351    .text.TIM1_UP_TIM10_IRQHandler:0000000000000000 $t
     /tmp/ccn7pGKq.s:358    .text.TIM1_UP_TIM10_IRQHandler:0000000000000000 TIM1_UP_TIM10_IRQHandler
     /tmp/ccn7pGKq.s:378    .text.TIM1_UP_TIM10_IRQHandler:000000000000000c $d
     /tmp/ccn7pGKq.s:383    .text.TIM6_DAC_IRQHandler:0000000000000000 $t
     /tmp/ccn7pGKq.s:390    .text.TIM6_DAC_IRQHandler:0000000000000000 TIM6_DAC_IRQHandler
     /tmp/ccn7pGKq.s:410    .text.TIM6_DAC_IRQHandler:000000000000000c $d
     /tmp/ccn7pGKq.s:415    .text.TIM7_IRQHandler:0000000000000000 $t
     /tmp/ccn7pGKq.s:422    .text.TIM7_IRQHandler:0000000000000000 TIM7_IRQHandler
     /tmp/ccn7pGKq.s:442    .text.TIM7_IRQHandler:000000000000000c $d

UNDEFINED SYMBOLS
HAL_IncTick
HAL_CAN_IRQHandler
hcan1
HAL_TIM_IRQHandler
htim10
htim6
htim7
